{"C:\\Users\\zubai\\OneDrive\\Desktop\\career-portal\\server\\src\\config\\db.ts": {"path":"C:\\Users\\zubai\\OneDrive\\Desktop\\career-portal\\server\\src\\config\\db.ts","all":false,"statementMap":{"0":{"start":{"line":1,"column":0},"end":{"line":1,"column":46}},"1":{"start":{"line":2,"column":0},"end":{"line":2,"column":0}},"2":{"start":{"line":3,"column":0},"end":{"line":3,"column":33}},"3":{"start":{"line":4,"column":0},"end":{"line":4,"column":87}},"4":{"start":{"line":5,"column":0},"end":{"line":5,"column":3}},"5":{"start":{"line":6,"column":0},"end":{"line":6,"column":0}},"6":{"start":{"line":7,"column":0},"end":{"line":7,"column":22}}},"s":{"0":1,"1":1,"2":1,"3":1,"4":1,"5":1,"6":1},"branchMap":{"0":{"type":"branch","line":4,"loc":{"start":{"line":4,"column":46},"end":{"line":4,"column":74}},"locations":[{"start":{"line":4,"column":46},"end":{"line":4,"column":74}}]}},"b":{"0":[0]},"fnMap":{},"f":{}}
,"C:\\Users\\zubai\\OneDrive\\Desktop\\career-portal\\server\\src\\middleware\\auth.middleware.ts": {"path":"C:\\Users\\zubai\\OneDrive\\Desktop\\career-portal\\server\\src\\middleware\\auth.middleware.ts","all":false,"statementMap":{"0":{"start":{"line":1,"column":0},"end":{"line":1,"column":58}},"1":{"start":{"line":2,"column":0},"end":{"line":2,"column":31}},"2":{"start":{"line":3,"column":0},"end":{"line":3,"column":0}},"3":{"start":{"line":4,"column":0},"end":{"line":4,"column":46}},"4":{"start":{"line":5,"column":0},"end":{"line":5,"column":18}},"5":{"start":{"line":6,"column":0},"end":{"line":6,"column":21}},"6":{"start":{"line":7,"column":0},"end":{"line":7,"column":1}},"7":{"start":{"line":8,"column":0},"end":{"line":8,"column":0}},"8":{"start":{"line":9,"column":0},"end":{"line":9,"column":91}},"9":{"start":{"line":10,"column":0},"end":{"line":10,"column":7}},"10":{"start":{"line":11,"column":0},"end":{"line":11,"column":49}},"11":{"start":{"line":12,"column":0},"end":{"line":12,"column":59}},"12":{"start":{"line":13,"column":0},"end":{"line":13,"column":75}},"13":{"start":{"line":14,"column":0},"end":{"line":14,"column":13}},"14":{"start":{"line":15,"column":0},"end":{"line":15,"column":5}},"15":{"start":{"line":16,"column":0},"end":{"line":16,"column":0}},"16":{"start":{"line":17,"column":0},"end":{"line":17,"column":43}},"17":{"start":{"line":18,"column":0},"end":{"line":18,"column":87}},"18":{"start":{"line":19,"column":0},"end":{"line":19,"column":21}},"19":{"start":{"line":20,"column":0},"end":{"line":20,"column":20}},"20":{"start":{"line":21,"column":0},"end":{"line":21,"column":6}},"21":{"start":{"line":22,"column":0},"end":{"line":22,"column":0}},"22":{"start":{"line":23,"column":0},"end":{"line":23,"column":32}},"23":{"start":{"line":24,"column":0},"end":{"line":24,"column":34}},"24":{"start":{"line":25,"column":0},"end":{"line":25,"column":11}},"25":{"start":{"line":26,"column":0},"end":{"line":26,"column":17}},"26":{"start":{"line":27,"column":0},"end":{"line":27,"column":65}},"27":{"start":{"line":28,"column":0},"end":{"line":28,"column":3}},"28":{"start":{"line":29,"column":0},"end":{"line":29,"column":1}},"29":{"start":{"line":30,"column":0},"end":{"line":30,"column":0}},"30":{"start":{"line":31,"column":0},"end":{"line":31,"column":70}},"31":{"start":{"line":32,"column":0},"end":{"line":32,"column":73}},"32":{"start":{"line":33,"column":0},"end":{"line":33,"column":36}},"33":{"start":{"line":34,"column":0},"end":{"line":34,"column":43}},"34":{"start":{"line":35,"column":0},"end":{"line":35,"column":4}},"35":{"start":{"line":36,"column":0},"end":{"line":36,"column":54}},"36":{"start":{"line":37,"column":0},"end":{"line":37,"column":1}}},"s":{"0":1,"1":1,"2":1,"3":1,"4":1,"5":1,"6":1,"7":1,"8":4,"9":4,"10":4,"11":4,"12":2,"13":2,"14":2,"15":2,"16":2,"17":4,"18":4,"19":4,"20":4,"21":4,"22":4,"23":4,"24":4,"25":4,"26":1,"27":1,"28":4,"29":1,"30":1,"31":1,"32":1,"33":1,"34":1,"35":1,"36":1},"branchMap":{"0":{"type":"branch","line":9,"loc":{"start":{"line":9,"column":0},"end":{"line":29,"column":1}},"locations":[{"start":{"line":9,"column":0},"end":{"line":29,"column":1}}]},"1":{"type":"branch","line":12,"loc":{"start":{"line":12,"column":19},"end":{"line":12,"column":56}},"locations":[{"start":{"line":12,"column":19},"end":{"line":12,"column":56}}]},"2":{"type":"branch","line":12,"loc":{"start":{"line":12,"column":58},"end":{"line":18,"column":81}},"locations":[{"start":{"line":12,"column":58},"end":{"line":18,"column":81}}]},"3":{"type":"branch","line":26,"loc":{"start":{"line":26,"column":4},"end":{"line":28,"column":3}},"locations":[{"start":{"line":26,"column":4},"end":{"line":28,"column":3}}]},"4":{"type":"branch","line":31,"loc":{"start":{"line":31,"column":0},"end":{"line":37,"column":1}},"locations":[{"start":{"line":31,"column":0},"end":{"line":37,"column":1}}]}},"b":{"0":[4],"1":[3],"2":[2],"3":[1],"4":[1]},"fnMap":{"0":{"name":"authMiddleware","decl":{"start":{"line":9,"column":0},"end":{"line":29,"column":1}},"loc":{"start":{"line":9,"column":0},"end":{"line":29,"column":1}},"line":9},"1":{"name":"generateToken","decl":{"start":{"line":31,"column":0},"end":{"line":37,"column":1}},"loc":{"start":{"line":31,"column":0},"end":{"line":37,"column":1}},"line":31}},"f":{"0":4,"1":1}}
,"C:\\Users\\zubai\\OneDrive\\Desktop\\career-portal\\server\\src\\middleware\\rateLimiter.ts": {"path":"C:\\Users\\zubai\\OneDrive\\Desktop\\career-portal\\server\\src\\middleware\\rateLimiter.ts","all":false,"statementMap":{"0":{"start":{"line":1,"column":0},"end":{"line":1,"column":43}},"1":{"start":{"line":2,"column":0},"end":{"line":2,"column":0}},"2":{"start":{"line":3,"column":0},"end":{"line":3,"column":64}},"3":{"start":{"line":4,"column":0},"end":{"line":4,"column":38}},"4":{"start":{"line":5,"column":0},"end":{"line":5,"column":41}},"5":{"start":{"line":6,"column":0},"end":{"line":6,"column":36}},"6":{"start":{"line":7,"column":0},"end":{"line":7,"column":78}},"7":{"start":{"line":8,"column":0},"end":{"line":8,"column":24}},"8":{"start":{"line":9,"column":0},"end":{"line":9,"column":23}},"9":{"start":{"line":10,"column":0},"end":{"line":10,"column":3}},"10":{"start":{"line":11,"column":0},"end":{"line":11,"column":0}},"11":{"start":{"line":12,"column":0},"end":{"line":12,"column":22}},"12":{"start":{"line":13,"column":0},"end":{"line":13,"column":37}},"13":{"start":{"line":14,"column":0},"end":{"line":14,"column":39}},"14":{"start":{"line":15,"column":0},"end":{"line":15,"column":37}},"15":{"start":{"line":16,"column":0},"end":{"line":16,"column":84}},"16":{"start":{"line":17,"column":0},"end":{"line":17,"column":24}},"17":{"start":{"line":18,"column":0},"end":{"line":18,"column":23}},"18":{"start":{"line":19,"column":0},"end":{"line":19,"column":3}},"19":{"start":{"line":20,"column":0},"end":{"line":20,"column":0}},"20":{"start":{"line":21,"column":0},"end":{"line":21,"column":22}},"21":{"start":{"line":22,"column":0},"end":{"line":22,"column":40}},"22":{"start":{"line":23,"column":0},"end":{"line":23,"column":27}},"23":{"start":{"line":24,"column":0},"end":{"line":24,"column":10}},"24":{"start":{"line":25,"column":0},"end":{"line":25,"column":74}},"25":{"start":{"line":26,"column":0},"end":{"line":26,"column":24}},"26":{"start":{"line":27,"column":0},"end":{"line":27,"column":23}},"27":{"start":{"line":28,"column":0},"end":{"line":28,"column":3}}},"s":{"0":1,"1":1,"2":1,"3":1,"4":1,"5":1,"6":1,"7":1,"8":1,"9":1,"10":1,"11":1,"12":1,"13":1,"14":1,"15":1,"16":1,"17":1,"18":1,"19":1,"20":1,"21":1,"22":1,"23":1,"24":1,"25":1,"26":1,"27":1},"branchMap":{},"b":{},"fnMap":{},"f":{}}
,"C:\\Users\\zubai\\OneDrive\\Desktop\\career-portal\\server\\src\\routes\\auth.routes.ts": {"path":"C:\\Users\\zubai\\OneDrive\\Desktop\\career-portal\\server\\src\\routes\\auth.routes.ts","all":false,"statementMap":{"0":{"start":{"line":1,"column":0},"end":{"line":1,"column":52}},"1":{"start":{"line":2,"column":0},"end":{"line":2,"column":30}},"2":{"start":{"line":3,"column":0},"end":{"line":3,"column":34}},"3":{"start":{"line":4,"column":0},"end":{"line":4,"column":91}},"4":{"start":{"line":5,"column":0},"end":{"line":5,"column":68}},"5":{"start":{"line":6,"column":0},"end":{"line":6,"column":126}},"6":{"start":{"line":7,"column":0},"end":{"line":7,"column":59}},"7":{"start":{"line":8,"column":0},"end":{"line":8,"column":51}},"8":{"start":{"line":9,"column":0},"end":{"line":9,"column":54}},"9":{"start":{"line":10,"column":0},"end":{"line":10,"column":24}},"10":{"start":{"line":11,"column":0},"end":{"line":11,"column":28}},"11":{"start":{"line":12,"column":0},"end":{"line":12,"column":0}},"12":{"start":{"line":13,"column":0},"end":{"line":13,"column":24}},"13":{"start":{"line":14,"column":0},"end":{"line":14,"column":0}},"14":{"start":{"line":15,"column":0},"end":{"line":15,"column":64}},"15":{"start":{"line":16,"column":0},"end":{"line":16,"column":103}},"16":{"start":{"line":17,"column":0},"end":{"line":17,"column":7}},"17":{"start":{"line":18,"column":0},"end":{"line":18,"column":54}},"18":{"start":{"line":19,"column":0},"end":{"line":19,"column":26}},"19":{"start":{"line":20,"column":0},"end":{"line":20,"column":61}},"20":{"start":{"line":21,"column":0},"end":{"line":21,"column":57}},"21":{"start":{"line":22,"column":0},"end":{"line":22,"column":13}},"22":{"start":{"line":23,"column":0},"end":{"line":23,"column":5}},"23":{"start":{"line":24,"column":0},"end":{"line":24,"column":0}},"24":{"start":{"line":25,"column":0},"end":{"line":25,"column":110}},"25":{"start":{"line":26,"column":0},"end":{"line":26,"column":0}},"26":{"start":{"line":27,"column":0},"end":{"line":27,"column":20}},"27":{"start":{"line":28,"column":0},"end":{"line":28,"column":67}},"28":{"start":{"line":29,"column":0},"end":{"line":29,"column":13}},"29":{"start":{"line":30,"column":0},"end":{"line":30,"column":5}},"30":{"start":{"line":31,"column":0},"end":{"line":31,"column":0}},"31":{"start":{"line":32,"column":0},"end":{"line":32,"column":35}},"32":{"start":{"line":33,"column":0},"end":{"line":33,"column":78}},"33":{"start":{"line":34,"column":0},"end":{"line":34,"column":19}},"34":{"start":{"line":35,"column":0},"end":{"line":35,"column":42}},"35":{"start":{"line":36,"column":0},"end":{"line":36,"column":46}},"36":{"start":{"line":37,"column":0},"end":{"line":37,"column":34}},"37":{"start":{"line":38,"column":0},"end":{"line":38,"column":53}},"38":{"start":{"line":39,"column":0},"end":{"line":39,"column":8}},"39":{"start":{"line":40,"column":0},"end":{"line":40,"column":37}},"40":{"start":{"line":41,"column":0},"end":{"line":41,"column":85}},"41":{"start":{"line":42,"column":0},"end":{"line":42,"column":31}},"42":{"start":{"line":43,"column":0},"end":{"line":43,"column":11}},"43":{"start":{"line":44,"column":0},"end":{"line":44,"column":0}},"44":{"start":{"line":45,"column":0},"end":{"line":45,"column":33}},"45":{"start":{"line":46,"column":0},"end":{"line":46,"column":17}},"46":{"start":{"line":47,"column":0},"end":{"line":47,"column":32}},"47":{"start":{"line":48,"column":0},"end":{"line":48,"column":28}},"48":{"start":{"line":49,"column":0},"end":{"line":49,"column":42}},"49":{"start":{"line":50,"column":0},"end":{"line":50,"column":61}},"50":{"start":{"line":51,"column":0},"end":{"line":51,"column":12}},"51":{"start":{"line":52,"column":0},"end":{"line":52,"column":11}},"52":{"start":{"line":53,"column":0},"end":{"line":53,"column":0}},"53":{"start":{"line":54,"column":0},"end":{"line":54,"column":55}},"54":{"start":{"line":55,"column":0},"end":{"line":55,"column":115}},"55":{"start":{"line":56,"column":0},"end":{"line":56,"column":15}},"56":{"start":{"line":57,"column":0},"end":{"line":57,"column":7}},"57":{"start":{"line":58,"column":0},"end":{"line":58,"column":84}},"58":{"start":{"line":59,"column":0},"end":{"line":59,"column":13}},"59":{"start":{"line":60,"column":0},"end":{"line":60,"column":5}},"60":{"start":{"line":61,"column":0},"end":{"line":61,"column":0}},"61":{"start":{"line":62,"column":0},"end":{"line":62,"column":26}},"62":{"start":{"line":63,"column":0},"end":{"line":63,"column":76}},"63":{"start":{"line":64,"column":0},"end":{"line":64,"column":52}},"64":{"start":{"line":65,"column":0},"end":{"line":65,"column":60}},"65":{"start":{"line":66,"column":0},"end":{"line":66,"column":49}},"66":{"start":{"line":67,"column":0},"end":{"line":67,"column":0}},"67":{"start":{"line":68,"column":0},"end":{"line":68,"column":22}},"68":{"start":{"line":69,"column":0},"end":{"line":69,"column":58}},"69":{"start":{"line":70,"column":0},"end":{"line":70,"column":5}},"70":{"start":{"line":71,"column":0},"end":{"line":71,"column":0}},"71":{"start":{"line":72,"column":0},"end":{"line":72,"column":42}},"72":{"start":{"line":73,"column":0},"end":{"line":73,"column":25}},"73":{"start":{"line":74,"column":0},"end":{"line":74,"column":20}},"74":{"start":{"line":75,"column":0},"end":{"line":75,"column":28}},"75":{"start":{"line":76,"column":0},"end":{"line":76,"column":37}},"76":{"start":{"line":77,"column":0},"end":{"line":77,"column":7}},"77":{"start":{"line":78,"column":0},"end":{"line":78,"column":33}},"78":{"start":{"line":79,"column":0},"end":{"line":79,"column":101}},"79":{"start":{"line":80,"column":0},"end":{"line":80,"column":0}},"80":{"start":{"line":81,"column":0},"end":{"line":81,"column":20}},"81":{"start":{"line":82,"column":0},"end":{"line":82,"column":57}},"82":{"start":{"line":83,"column":0},"end":{"line":83,"column":0}},"83":{"start":{"line":84,"column":0},"end":{"line":84,"column":53}},"84":{"start":{"line":85,"column":0},"end":{"line":85,"column":58}},"85":{"start":{"line":86,"column":0},"end":{"line":86,"column":50}},"86":{"start":{"line":87,"column":0},"end":{"line":87,"column":15}},"87":{"start":{"line":88,"column":0},"end":{"line":88,"column":20}},"88":{"start":{"line":89,"column":0},"end":{"line":89,"column":19}},"89":{"start":{"line":90,"column":0},"end":{"line":90,"column":16}},"90":{"start":{"line":91,"column":0},"end":{"line":91,"column":23}},"91":{"start":{"line":92,"column":0},"end":{"line":92,"column":16}},"92":{"start":{"line":93,"column":0},"end":{"line":93,"column":28}},"93":{"start":{"line":94,"column":0},"end":{"line":94,"column":10}},"94":{"start":{"line":95,"column":0},"end":{"line":95,"column":9}},"95":{"start":{"line":96,"column":0},"end":{"line":96,"column":0}},"96":{"start":{"line":97,"column":0},"end":{"line":97,"column":37}},"97":{"start":{"line":98,"column":0},"end":{"line":98,"column":15}},"98":{"start":{"line":99,"column":0},"end":{"line":99,"column":29}},"99":{"start":{"line":100,"column":0},"end":{"line":100,"column":47}},"100":{"start":{"line":101,"column":0},"end":{"line":101,"column":16}},"101":{"start":{"line":102,"column":0},"end":{"line":102,"column":16}},"102":{"start":{"line":103,"column":0},"end":{"line":103,"column":46}},"103":{"start":{"line":104,"column":0},"end":{"line":104,"column":19}},"104":{"start":{"line":105,"column":0},"end":{"line":105,"column":20}},"105":{"start":{"line":106,"column":0},"end":{"line":106,"column":38}},"106":{"start":{"line":107,"column":0},"end":{"line":107,"column":29}},"107":{"start":{"line":108,"column":0},"end":{"line":108,"column":33}},"108":{"start":{"line":109,"column":0},"end":{"line":109,"column":34}},"109":{"start":{"line":110,"column":0},"end":{"line":110,"column":35}},"110":{"start":{"line":111,"column":0},"end":{"line":111,"column":37}},"111":{"start":{"line":112,"column":0},"end":{"line":112,"column":38}},"112":{"start":{"line":113,"column":0},"end":{"line":113,"column":36}},"113":{"start":{"line":114,"column":0},"end":{"line":114,"column":40}},"114":{"start":{"line":115,"column":0},"end":{"line":115,"column":39}},"115":{"start":{"line":116,"column":0},"end":{"line":116,"column":58}},"116":{"start":{"line":117,"column":0},"end":{"line":117,"column":47}},"117":{"start":{"line":118,"column":0},"end":{"line":118,"column":20}},"118":{"start":{"line":119,"column":0},"end":{"line":119,"column":49}},"119":{"start":{"line":120,"column":0},"end":{"line":120,"column":25}},"120":{"start":{"line":121,"column":0},"end":{"line":121,"column":28}},"121":{"start":{"line":122,"column":0},"end":{"line":122,"column":10}},"122":{"start":{"line":123,"column":0},"end":{"line":123,"column":9}},"123":{"start":{"line":124,"column":0},"end":{"line":124,"column":0}},"124":{"start":{"line":125,"column":0},"end":{"line":125,"column":21}},"125":{"start":{"line":126,"column":0},"end":{"line":126,"column":7}},"126":{"start":{"line":127,"column":0},"end":{"line":127,"column":0}},"127":{"start":{"line":128,"column":0},"end":{"line":128,"column":28}},"128":{"start":{"line":129,"column":0},"end":{"line":129,"column":30}},"129":{"start":{"line":130,"column":0},"end":{"line":130,"column":49}},"130":{"start":{"line":131,"column":0},"end":{"line":131,"column":0}},"131":{"start":{"line":132,"column":0},"end":{"line":132,"column":29}},"132":{"start":{"line":133,"column":0},"end":{"line":133,"column":13}},"133":{"start":{"line":134,"column":0},"end":{"line":134,"column":24}},"134":{"start":{"line":135,"column":0},"end":{"line":135,"column":24}},"135":{"start":{"line":136,"column":0},"end":{"line":136,"column":38}},"136":{"start":{"line":137,"column":0},"end":{"line":137,"column":57}},"137":{"start":{"line":138,"column":0},"end":{"line":138,"column":8}},"138":{"start":{"line":139,"column":0},"end":{"line":139,"column":7}},"139":{"start":{"line":140,"column":0},"end":{"line":140,"column":0}},"140":{"start":{"line":141,"column":0},"end":{"line":141,"column":51}},"141":{"start":{"line":142,"column":0},"end":{"line":142,"column":0}},"142":{"start":{"line":143,"column":0},"end":{"line":143,"column":26}},"143":{"start":{"line":144,"column":0},"end":{"line":144,"column":92}},"144":{"start":{"line":145,"column":0},"end":{"line":145,"column":24}},"145":{"start":{"line":146,"column":0},"end":{"line":146,"column":7}},"146":{"start":{"line":147,"column":0},"end":{"line":147,"column":17}},"147":{"start":{"line":148,"column":0},"end":{"line":148,"column":42}},"148":{"start":{"line":149,"column":0},"end":{"line":149,"column":78}},"149":{"start":{"line":150,"column":0},"end":{"line":150,"column":3}},"150":{"start":{"line":151,"column":0},"end":{"line":151,"column":3}},"151":{"start":{"line":152,"column":0},"end":{"line":152,"column":0}},"152":{"start":{"line":153,"column":0},"end":{"line":153,"column":64}},"153":{"start":{"line":154,"column":0},"end":{"line":154,"column":79}},"154":{"start":{"line":155,"column":0},"end":{"line":155,"column":7}},"155":{"start":{"line":156,"column":0},"end":{"line":156,"column":55}},"156":{"start":{"line":157,"column":0},"end":{"line":157,"column":26}},"157":{"start":{"line":158,"column":0},"end":{"line":158,"column":70}},"158":{"start":{"line":159,"column":0},"end":{"line":159,"column":13}},"159":{"start":{"line":160,"column":0},"end":{"line":160,"column":5}},"160":{"start":{"line":161,"column":0},"end":{"line":161,"column":0}},"161":{"start":{"line":162,"column":0},"end":{"line":162,"column":48}},"162":{"start":{"line":163,"column":0},"end":{"line":163,"column":0}},"163":{"start":{"line":164,"column":0},"end":{"line":164,"column":74}},"164":{"start":{"line":165,"column":0},"end":{"line":165,"column":16}},"165":{"start":{"line":166,"column":0},"end":{"line":166,"column":75}},"166":{"start":{"line":167,"column":0},"end":{"line":167,"column":13}},"167":{"start":{"line":168,"column":0},"end":{"line":168,"column":5}},"168":{"start":{"line":169,"column":0},"end":{"line":169,"column":0}},"169":{"start":{"line":170,"column":0},"end":{"line":170,"column":46}},"170":{"start":{"line":171,"column":0},"end":{"line":171,"column":50}},"171":{"start":{"line":172,"column":0},"end":{"line":172,"column":14}},"172":{"start":{"line":173,"column":0},"end":{"line":173,"column":24}},"173":{"start":{"line":174,"column":0},"end":{"line":174,"column":16}},"174":{"start":{"line":175,"column":0},"end":{"line":175,"column":20}},"175":{"start":{"line":176,"column":0},"end":{"line":176,"column":38}},"176":{"start":{"line":177,"column":0},"end":{"line":177,"column":8}},"177":{"start":{"line":178,"column":0},"end":{"line":178,"column":37}},"178":{"start":{"line":179,"column":0},"end":{"line":179,"column":7}},"179":{"start":{"line":180,"column":0},"end":{"line":180,"column":0}},"180":{"start":{"line":181,"column":0},"end":{"line":181,"column":21}},"181":{"start":{"line":182,"column":0},"end":{"line":182,"column":98}},"182":{"start":{"line":183,"column":0},"end":{"line":183,"column":13}},"183":{"start":{"line":184,"column":0},"end":{"line":184,"column":5}},"184":{"start":{"line":185,"column":0},"end":{"line":185,"column":0}},"185":{"start":{"line":186,"column":0},"end":{"line":186,"column":17}},"186":{"start":{"line":187,"column":0},"end":{"line":187,"column":62}},"187":{"start":{"line":188,"column":0},"end":{"line":188,"column":19}},"188":{"start":{"line":189,"column":0},"end":{"line":189,"column":72}},"189":{"start":{"line":190,"column":0},"end":{"line":190,"column":13}},"190":{"start":{"line":191,"column":0},"end":{"line":191,"column":5}},"191":{"start":{"line":192,"column":0},"end":{"line":192,"column":0}},"192":{"start":{"line":193,"column":0},"end":{"line":193,"column":23}},"193":{"start":{"line":194,"column":0},"end":{"line":194,"column":29}},"194":{"start":{"line":195,"column":0},"end":{"line":195,"column":34}},"195":{"start":{"line":196,"column":0},"end":{"line":196,"column":27}},"196":{"start":{"line":197,"column":0},"end":{"line":197,"column":7}},"197":{"start":{"line":198,"column":0},"end":{"line":198,"column":0}},"198":{"start":{"line":199,"column":0},"end":{"line":199,"column":43}},"199":{"start":{"line":200,"column":0},"end":{"line":200,"column":25}},"200":{"start":{"line":201,"column":0},"end":{"line":201,"column":38}},"201":{"start":{"line":202,"column":0},"end":{"line":202,"column":31}},"202":{"start":{"line":203,"column":0},"end":{"line":203,"column":37}},"203":{"start":{"line":204,"column":0},"end":{"line":204,"column":9}},"204":{"start":{"line":205,"column":0},"end":{"line":205,"column":0}},"205":{"start":{"line":206,"column":0},"end":{"line":206,"column":77}},"206":{"start":{"line":207,"column":0},"end":{"line":207,"column":61}},"207":{"start":{"line":208,"column":0},"end":{"line":208,"column":35}},"208":{"start":{"line":209,"column":0},"end":{"line":209,"column":9}},"209":{"start":{"line":210,"column":0},"end":{"line":210,"column":0}},"210":{"start":{"line":211,"column":0},"end":{"line":211,"column":44}},"211":{"start":{"line":212,"column":0},"end":{"line":212,"column":67}},"212":{"start":{"line":213,"column":0},"end":{"line":213,"column":51}},"213":{"start":{"line":214,"column":0},"end":{"line":214,"column":8}},"214":{"start":{"line":215,"column":0},"end":{"line":215,"column":40}},"215":{"start":{"line":216,"column":0},"end":{"line":216,"column":121}},"216":{"start":{"line":217,"column":0},"end":{"line":217,"column":70}},"217":{"start":{"line":218,"column":0},"end":{"line":218,"column":111}},"218":{"start":{"line":219,"column":0},"end":{"line":219,"column":0}},"219":{"start":{"line":220,"column":0},"end":{"line":220,"column":43}},"220":{"start":{"line":221,"column":0},"end":{"line":221,"column":36}},"221":{"start":{"line":222,"column":0},"end":{"line":222,"column":48}},"222":{"start":{"line":223,"column":0},"end":{"line":223,"column":11}},"223":{"start":{"line":224,"column":0},"end":{"line":224,"column":7}},"224":{"start":{"line":225,"column":0},"end":{"line":225,"column":0}},"225":{"start":{"line":226,"column":0},"end":{"line":226,"column":55}},"226":{"start":{"line":227,"column":0},"end":{"line":227,"column":16}},"227":{"start":{"line":228,"column":0},"end":{"line":228,"column":71}},"228":{"start":{"line":229,"column":0},"end":{"line":229,"column":14}},"229":{"start":{"line":230,"column":0},"end":{"line":230,"column":15}},"230":{"start":{"line":231,"column":0},"end":{"line":231,"column":22}},"231":{"start":{"line":232,"column":0},"end":{"line":232,"column":36}},"232":{"start":{"line":233,"column":0},"end":{"line":233,"column":34}},"233":{"start":{"line":234,"column":0},"end":{"line":234,"column":28}},"234":{"start":{"line":235,"column":0},"end":{"line":235,"column":28}},"235":{"start":{"line":236,"column":0},"end":{"line":236,"column":10}},"236":{"start":{"line":237,"column":0},"end":{"line":237,"column":9}},"237":{"start":{"line":238,"column":0},"end":{"line":238,"column":12}},"238":{"start":{"line":239,"column":0},"end":{"line":239,"column":53}},"239":{"start":{"line":240,"column":0},"end":{"line":240,"column":16}},"240":{"start":{"line":241,"column":0},"end":{"line":241,"column":66}},"241":{"start":{"line":242,"column":0},"end":{"line":242,"column":27}},"242":{"start":{"line":243,"column":0},"end":{"line":243,"column":9}},"243":{"start":{"line":244,"column":0},"end":{"line":244,"column":5}},"244":{"start":{"line":245,"column":0},"end":{"line":245,"column":17}},"245":{"start":{"line":246,"column":0},"end":{"line":246,"column":44}},"246":{"start":{"line":247,"column":0},"end":{"line":247,"column":78}},"247":{"start":{"line":248,"column":0},"end":{"line":248,"column":3}},"248":{"start":{"line":249,"column":0},"end":{"line":249,"column":3}},"249":{"start":{"line":250,"column":0},"end":{"line":250,"column":0}},"250":{"start":{"line":251,"column":0},"end":{"line":251,"column":64}},"251":{"start":{"line":252,"column":0},"end":{"line":252,"column":75}},"252":{"start":{"line":253,"column":0},"end":{"line":253,"column":7}},"253":{"start":{"line":254,"column":0},"end":{"line":254,"column":51}},"254":{"start":{"line":255,"column":0},"end":{"line":255,"column":26}},"255":{"start":{"line":256,"column":0},"end":{"line":256,"column":70}},"256":{"start":{"line":257,"column":0},"end":{"line":257,"column":13}},"257":{"start":{"line":258,"column":0},"end":{"line":258,"column":5}},"258":{"start":{"line":259,"column":0},"end":{"line":259,"column":0}},"259":{"start":{"line":260,"column":0},"end":{"line":260,"column":44}},"260":{"start":{"line":261,"column":0},"end":{"line":261,"column":0}},"261":{"start":{"line":262,"column":0},"end":{"line":262,"column":74}},"262":{"start":{"line":263,"column":0},"end":{"line":263,"column":16}},"263":{"start":{"line":264,"column":0},"end":{"line":264,"column":68}},"264":{"start":{"line":265,"column":0},"end":{"line":265,"column":13}},"265":{"start":{"line":266,"column":0},"end":{"line":266,"column":5}},"266":{"start":{"line":267,"column":0},"end":{"line":267,"column":0}},"267":{"start":{"line":268,"column":0},"end":{"line":268,"column":33}},"268":{"start":{"line":269,"column":0},"end":{"line":269,"column":60}},"269":{"start":{"line":270,"column":0},"end":{"line":270,"column":80}},"270":{"start":{"line":271,"column":0},"end":{"line":271,"column":102}},"271":{"start":{"line":272,"column":0},"end":{"line":272,"column":13}},"272":{"start":{"line":273,"column":0},"end":{"line":273,"column":5}},"273":{"start":{"line":274,"column":0},"end":{"line":274,"column":0}},"274":{"start":{"line":275,"column":0},"end":{"line":275,"column":33}},"275":{"start":{"line":276,"column":0},"end":{"line":276,"column":36}},"276":{"start":{"line":277,"column":0},"end":{"line":277,"column":113}},"277":{"start":{"line":278,"column":0},"end":{"line":278,"column":13}},"278":{"start":{"line":279,"column":0},"end":{"line":279,"column":5}},"279":{"start":{"line":280,"column":0},"end":{"line":280,"column":0}},"280":{"start":{"line":281,"column":0},"end":{"line":281,"column":38}},"281":{"start":{"line":282,"column":0},"end":{"line":282,"column":98}},"282":{"start":{"line":283,"column":0},"end":{"line":283,"column":13}},"283":{"start":{"line":284,"column":0},"end":{"line":284,"column":5}},"284":{"start":{"line":285,"column":0},"end":{"line":285,"column":0}},"285":{"start":{"line":286,"column":0},"end":{"line":286,"column":22}},"286":{"start":{"line":287,"column":0},"end":{"line":287,"column":70}},"287":{"start":{"line":288,"column":0},"end":{"line":288,"column":19}},"288":{"start":{"line":289,"column":0},"end":{"line":289,"column":34}},"289":{"start":{"line":290,"column":0},"end":{"line":290,"column":58}},"290":{"start":{"line":291,"column":0},"end":{"line":291,"column":70}},"291":{"start":{"line":292,"column":0},"end":{"line":292,"column":0}},"292":{"start":{"line":293,"column":0},"end":{"line":293,"column":62}},"293":{"start":{"line":294,"column":0},"end":{"line":294,"column":32}},"294":{"start":{"line":295,"column":0},"end":{"line":295,"column":71}},"295":{"start":{"line":296,"column":0},"end":{"line":296,"column":43}},"296":{"start":{"line":297,"column":0},"end":{"line":297,"column":7}},"297":{"start":{"line":298,"column":0},"end":{"line":298,"column":0}},"298":{"start":{"line":299,"column":0},"end":{"line":299,"column":38}},"299":{"start":{"line":300,"column":0},"end":{"line":300,"column":31}},"300":{"start":{"line":301,"column":0},"end":{"line":301,"column":25}},"301":{"start":{"line":302,"column":0},"end":{"line":302,"column":9}},"302":{"start":{"line":303,"column":0},"end":{"line":303,"column":0}},"303":{"start":{"line":304,"column":0},"end":{"line":304,"column":32}},"304":{"start":{"line":305,"column":0},"end":{"line":305,"column":100}},"305":{"start":{"line":306,"column":0},"end":{"line":306,"column":14}},"306":{"start":{"line":307,"column":0},"end":{"line":307,"column":70}},"307":{"start":{"line":308,"column":0},"end":{"line":308,"column":7}},"308":{"start":{"line":309,"column":0},"end":{"line":309,"column":13}},"309":{"start":{"line":310,"column":0},"end":{"line":310,"column":5}},"310":{"start":{"line":311,"column":0},"end":{"line":311,"column":0}},"311":{"start":{"line":312,"column":0},"end":{"line":312,"column":48}},"312":{"start":{"line":313,"column":0},"end":{"line":313,"column":36}},"313":{"start":{"line":314,"column":0},"end":{"line":314,"column":29}},"314":{"start":{"line":315,"column":0},"end":{"line":315,"column":58}},"315":{"start":{"line":316,"column":0},"end":{"line":316,"column":7}},"316":{"start":{"line":317,"column":0},"end":{"line":317,"column":0}},"317":{"start":{"line":318,"column":0},"end":{"line":318,"column":53}},"318":{"start":{"line":319,"column":0},"end":{"line":319,"column":14}},"319":{"start":{"line":320,"column":0},"end":{"line":320,"column":35}},"320":{"start":{"line":321,"column":0},"end":{"line":321,"column":12}},"321":{"start":{"line":322,"column":0},"end":{"line":322,"column":13}},"322":{"start":{"line":323,"column":0},"end":{"line":323,"column":20}},"323":{"start":{"line":324,"column":0},"end":{"line":324,"column":34}},"324":{"start":{"line":325,"column":0},"end":{"line":325,"column":32}},"325":{"start":{"line":326,"column":0},"end":{"line":326,"column":26}},"326":{"start":{"line":327,"column":0},"end":{"line":327,"column":26}},"327":{"start":{"line":328,"column":0},"end":{"line":328,"column":8}},"328":{"start":{"line":329,"column":0},"end":{"line":329,"column":7}},"329":{"start":{"line":330,"column":0},"end":{"line":330,"column":17}},"330":{"start":{"line":331,"column":0},"end":{"line":331,"column":39}},"331":{"start":{"line":332,"column":0},"end":{"line":332,"column":71}},"332":{"start":{"line":333,"column":0},"end":{"line":333,"column":3}},"333":{"start":{"line":334,"column":0},"end":{"line":334,"column":3}},"334":{"start":{"line":335,"column":0},"end":{"line":335,"column":0}},"335":{"start":{"line":336,"column":0},"end":{"line":336,"column":64}},"336":{"start":{"line":337,"column":0},"end":{"line":337,"column":84}},"337":{"start":{"line":338,"column":0},"end":{"line":338,"column":7}},"338":{"start":{"line":339,"column":0},"end":{"line":339,"column":60}},"339":{"start":{"line":340,"column":0},"end":{"line":340,"column":26}},"340":{"start":{"line":341,"column":0},"end":{"line":341,"column":70}},"341":{"start":{"line":342,"column":0},"end":{"line":342,"column":13}},"342":{"start":{"line":343,"column":0},"end":{"line":343,"column":5}},"343":{"start":{"line":344,"column":0},"end":{"line":344,"column":0}},"344":{"start":{"line":345,"column":0},"end":{"line":345,"column":34}},"345":{"start":{"line":346,"column":0},"end":{"line":346,"column":0}},"346":{"start":{"line":347,"column":0},"end":{"line":347,"column":74}},"347":{"start":{"line":348,"column":0},"end":{"line":348,"column":16}},"348":{"start":{"line":349,"column":0},"end":{"line":349,"column":37}},"349":{"start":{"line":350,"column":0},"end":{"line":350,"column":91}},"350":{"start":{"line":351,"column":0},"end":{"line":351,"column":13}},"351":{"start":{"line":352,"column":0},"end":{"line":352,"column":5}},"352":{"start":{"line":353,"column":0},"end":{"line":353,"column":0}},"353":{"start":{"line":354,"column":0},"end":{"line":354,"column":32}},"354":{"start":{"line":355,"column":0},"end":{"line":355,"column":33}},"355":{"start":{"line":356,"column":0},"end":{"line":356,"column":73}},"356":{"start":{"line":357,"column":0},"end":{"line":357,"column":27}},"357":{"start":{"line":358,"column":0},"end":{"line":358,"column":7}},"358":{"start":{"line":359,"column":0},"end":{"line":359,"column":0}},"359":{"start":{"line":360,"column":0},"end":{"line":360,"column":30}},"360":{"start":{"line":361,"column":0},"end":{"line":361,"column":49}},"361":{"start":{"line":362,"column":0},"end":{"line":362,"column":0}},"362":{"start":{"line":363,"column":0},"end":{"line":363,"column":29}},"363":{"start":{"line":364,"column":0},"end":{"line":364,"column":13}},"364":{"start":{"line":365,"column":0},"end":{"line":365,"column":24}},"365":{"start":{"line":366,"column":0},"end":{"line":366,"column":24}},"366":{"start":{"line":367,"column":0},"end":{"line":367,"column":34}},"367":{"start":{"line":368,"column":0},"end":{"line":368,"column":57}},"368":{"start":{"line":369,"column":0},"end":{"line":369,"column":8}},"369":{"start":{"line":370,"column":0},"end":{"line":370,"column":7}},"370":{"start":{"line":371,"column":0},"end":{"line":371,"column":0}},"371":{"start":{"line":372,"column":0},"end":{"line":372,"column":44}},"372":{"start":{"line":373,"column":0},"end":{"line":373,"column":0}},"373":{"start":{"line":374,"column":0},"end":{"line":374,"column":89}},"374":{"start":{"line":375,"column":0},"end":{"line":375,"column":17}},"375":{"start":{"line":376,"column":0},"end":{"line":376,"column":49}},"376":{"start":{"line":377,"column":0},"end":{"line":377,"column":84}},"377":{"start":{"line":378,"column":0},"end":{"line":378,"column":3}},"378":{"start":{"line":379,"column":0},"end":{"line":379,"column":3}},"379":{"start":{"line":380,"column":0},"end":{"line":380,"column":0}},"380":{"start":{"line":381,"column":0},"end":{"line":381,"column":64}},"381":{"start":{"line":382,"column":0},"end":{"line":382,"column":84}},"382":{"start":{"line":383,"column":0},"end":{"line":383,"column":7}},"383":{"start":{"line":384,"column":0},"end":{"line":384,"column":59}},"384":{"start":{"line":385,"column":0},"end":{"line":385,"column":26}},"385":{"start":{"line":386,"column":0},"end":{"line":386,"column":61}},"386":{"start":{"line":387,"column":0},"end":{"line":387,"column":57}},"387":{"start":{"line":388,"column":0},"end":{"line":388,"column":13}},"388":{"start":{"line":389,"column":0},"end":{"line":389,"column":5}},"389":{"start":{"line":390,"column":0},"end":{"line":390,"column":0}},"390":{"start":{"line":391,"column":0},"end":{"line":391,"column":52}},"391":{"start":{"line":392,"column":0},"end":{"line":392,"column":0}},"392":{"start":{"line":393,"column":0},"end":{"line":393,"column":74}},"393":{"start":{"line":394,"column":0},"end":{"line":394,"column":16}},"394":{"start":{"line":395,"column":0},"end":{"line":395,"column":59}},"395":{"start":{"line":396,"column":0},"end":{"line":396,"column":13}},"396":{"start":{"line":397,"column":0},"end":{"line":397,"column":5}},"397":{"start":{"line":398,"column":0},"end":{"line":398,"column":0}},"398":{"start":{"line":399,"column":0},"end":{"line":399,"column":17}},"399":{"start":{"line":400,"column":0},"end":{"line":400,"column":50}},"400":{"start":{"line":401,"column":0},"end":{"line":401,"column":14}},"401":{"start":{"line":402,"column":0},"end":{"line":402,"column":24}},"402":{"start":{"line":403,"column":0},"end":{"line":403,"column":34}},"403":{"start":{"line":404,"column":0},"end":{"line":404,"column":20}},"404":{"start":{"line":405,"column":0},"end":{"line":405,"column":38}},"405":{"start":{"line":406,"column":0},"end":{"line":406,"column":8}},"406":{"start":{"line":407,"column":0},"end":{"line":407,"column":37}},"407":{"start":{"line":408,"column":0},"end":{"line":408,"column":7}},"408":{"start":{"line":409,"column":0},"end":{"line":409,"column":0}},"409":{"start":{"line":410,"column":0},"end":{"line":410,"column":21}},"410":{"start":{"line":411,"column":0},"end":{"line":411,"column":98}},"411":{"start":{"line":412,"column":0},"end":{"line":412,"column":13}},"412":{"start":{"line":413,"column":0},"end":{"line":413,"column":5}},"413":{"start":{"line":414,"column":0},"end":{"line":414,"column":0}},"414":{"start":{"line":415,"column":0},"end":{"line":415,"column":62}},"415":{"start":{"line":416,"column":0},"end":{"line":416,"column":19}},"416":{"start":{"line":417,"column":0},"end":{"line":417,"column":54}},"417":{"start":{"line":418,"column":0},"end":{"line":418,"column":13}},"418":{"start":{"line":419,"column":0},"end":{"line":419,"column":5}},"419":{"start":{"line":420,"column":0},"end":{"line":420,"column":0}},"420":{"start":{"line":421,"column":0},"end":{"line":421,"column":41}},"421":{"start":{"line":422,"column":0},"end":{"line":422,"column":29}},"422":{"start":{"line":423,"column":0},"end":{"line":423,"column":34}},"423":{"start":{"line":424,"column":0},"end":{"line":424,"column":27}},"424":{"start":{"line":425,"column":0},"end":{"line":425,"column":7}},"425":{"start":{"line":426,"column":0},"end":{"line":426,"column":0}},"426":{"start":{"line":427,"column":0},"end":{"line":427,"column":60}},"427":{"start":{"line":428,"column":0},"end":{"line":428,"column":36}},"428":{"start":{"line":429,"column":0},"end":{"line":429,"column":29}},"429":{"start":{"line":430,"column":0},"end":{"line":430,"column":72}},"430":{"start":{"line":431,"column":0},"end":{"line":431,"column":7}},"431":{"start":{"line":432,"column":0},"end":{"line":432,"column":0}},"432":{"start":{"line":433,"column":0},"end":{"line":433,"column":78}},"433":{"start":{"line":434,"column":0},"end":{"line":434,"column":17}},"434":{"start":{"line":435,"column":0},"end":{"line":435,"column":48}},"435":{"start":{"line":436,"column":0},"end":{"line":436,"column":80}},"436":{"start":{"line":437,"column":0},"end":{"line":437,"column":3}},"437":{"start":{"line":438,"column":0},"end":{"line":438,"column":3}},"438":{"start":{"line":439,"column":0},"end":{"line":439,"column":0}},"439":{"start":{"line":440,"column":0},"end":{"line":440,"column":64}},"440":{"start":{"line":441,"column":0},"end":{"line":441,"column":79}},"441":{"start":{"line":442,"column":0},"end":{"line":442,"column":7}},"442":{"start":{"line":443,"column":0},"end":{"line":443,"column":40}},"443":{"start":{"line":444,"column":0},"end":{"line":444,"column":29}},"444":{"start":{"line":445,"column":0},"end":{"line":445,"column":73}},"445":{"start":{"line":446,"column":0},"end":{"line":446,"column":13}},"446":{"start":{"line":447,"column":0},"end":{"line":447,"column":5}},"447":{"start":{"line":448,"column":0},"end":{"line":448,"column":0}},"448":{"start":{"line":449,"column":0},"end":{"line":449,"column":74}},"449":{"start":{"line":450,"column":0},"end":{"line":450,"column":16}},"450":{"start":{"line":451,"column":0},"end":{"line":451,"column":78}},"451":{"start":{"line":452,"column":0},"end":{"line":452,"column":13}},"452":{"start":{"line":453,"column":0},"end":{"line":453,"column":5}},"453":{"start":{"line":454,"column":0},"end":{"line":454,"column":0}},"454":{"start":{"line":455,"column":0},"end":{"line":455,"column":26}},"455":{"start":{"line":456,"column":0},"end":{"line":456,"column":33}},"456":{"start":{"line":457,"column":0},"end":{"line":457,"column":55}},"457":{"start":{"line":458,"column":0},"end":{"line":458,"column":27}},"458":{"start":{"line":459,"column":0},"end":{"line":459,"column":7}},"459":{"start":{"line":460,"column":0},"end":{"line":460,"column":0}},"460":{"start":{"line":461,"column":0},"end":{"line":461,"column":30}},"461":{"start":{"line":462,"column":0},"end":{"line":462,"column":49}},"462":{"start":{"line":463,"column":0},"end":{"line":463,"column":0}},"463":{"start":{"line":464,"column":0},"end":{"line":464,"column":29}},"464":{"start":{"line":465,"column":0},"end":{"line":465,"column":13}},"465":{"start":{"line":466,"column":0},"end":{"line":466,"column":24}},"466":{"start":{"line":467,"column":0},"end":{"line":467,"column":24}},"467":{"start":{"line":468,"column":0},"end":{"line":468,"column":16}},"468":{"start":{"line":469,"column":0},"end":{"line":469,"column":57}},"469":{"start":{"line":470,"column":0},"end":{"line":470,"column":8}},"470":{"start":{"line":471,"column":0},"end":{"line":471,"column":7}},"471":{"start":{"line":472,"column":0},"end":{"line":472,"column":0}},"472":{"start":{"line":473,"column":0},"end":{"line":473,"column":85}},"473":{"start":{"line":474,"column":0},"end":{"line":474,"column":49}},"474":{"start":{"line":475,"column":0},"end":{"line":475,"column":0}},"475":{"start":{"line":476,"column":0},"end":{"line":476,"column":68}},"476":{"start":{"line":477,"column":0},"end":{"line":477,"column":17}},"477":{"start":{"line":478,"column":0},"end":{"line":478,"column":44}},"478":{"start":{"line":479,"column":0},"end":{"line":479,"column":79}},"479":{"start":{"line":480,"column":0},"end":{"line":480,"column":3}},"480":{"start":{"line":481,"column":0},"end":{"line":481,"column":3}},"481":{"start":{"line":482,"column":0},"end":{"line":482,"column":0}},"482":{"start":{"line":483,"column":0},"end":{"line":483,"column":64}},"483":{"start":{"line":484,"column":0},"end":{"line":484,"column":78}},"484":{"start":{"line":485,"column":0},"end":{"line":485,"column":7}},"485":{"start":{"line":486,"column":0},"end":{"line":486,"column":53}},"486":{"start":{"line":487,"column":0},"end":{"line":487,"column":32}},"487":{"start":{"line":488,"column":0},"end":{"line":488,"column":15}},"488":{"start":{"line":489,"column":0},"end":{"line":489,"column":17}},"489":{"start":{"line":490,"column":0},"end":{"line":490,"column":24}},"490":{"start":{"line":491,"column":0},"end":{"line":491,"column":23}},"491":{"start":{"line":492,"column":0},"end":{"line":492,"column":20}},"492":{"start":{"line":493,"column":0},"end":{"line":493,"column":20}},"493":{"start":{"line":494,"column":0},"end":{"line":494,"column":21}},"494":{"start":{"line":495,"column":0},"end":{"line":495,"column":24}},"495":{"start":{"line":496,"column":0},"end":{"line":496,"column":8}},"496":{"start":{"line":497,"column":0},"end":{"line":497,"column":7}},"497":{"start":{"line":498,"column":0},"end":{"line":498,"column":0}},"498":{"start":{"line":499,"column":0},"end":{"line":499,"column":16}},"499":{"start":{"line":500,"column":0},"end":{"line":500,"column":57}},"500":{"start":{"line":501,"column":0},"end":{"line":501,"column":13}},"501":{"start":{"line":502,"column":0},"end":{"line":502,"column":5}},"502":{"start":{"line":503,"column":0},"end":{"line":503,"column":0}},"503":{"start":{"line":504,"column":0},"end":{"line":504,"column":23}},"504":{"start":{"line":505,"column":0},"end":{"line":505,"column":17}},"505":{"start":{"line":506,"column":0},"end":{"line":506,"column":42}},"506":{"start":{"line":507,"column":0},"end":{"line":507,"column":66}},"507":{"start":{"line":508,"column":0},"end":{"line":508,"column":3}},"508":{"start":{"line":509,"column":0},"end":{"line":509,"column":3}},"509":{"start":{"line":510,"column":0},"end":{"line":510,"column":0}},"510":{"start":{"line":511,"column":0},"end":{"line":511,"column":22}}},"s":{"0":1,"1":1,"2":1,"3":1,"4":1,"5":1,"6":1,"7":1,"8":1,"9":1,"10":1,"11":1,"12":1,"13":1,"14":1,"15":1,"16":6,"17":6,"18":6,"19":1,"20":1,"21":1,"22":1,"23":5,"24":5,"25":5,"26":6,"27":1,"28":1,"29":1,"30":4,"31":4,"32":4,"33":6,"34":2,"35":1,"36":1,"37":1,"38":1,"39":1,"40":1,"41":1,"42":1,"43":1,"44":1,"45":1,"46":1,"47":1,"48":1,"49":1,"50":1,"51":1,"52":1,"53":1,"54":1,"55":1,"56":1,"57":1,"58":1,"59":1,"60":2,"61":2,"62":2,"63":2,"64":2,"65":2,"66":2,"67":6,"68":1,"69":1,"70":1,"71":1,"72":1,"73":1,"74":1,"75":1,"76":1,"77":1,"78":1,"79":1,"80":1,"81":1,"82":1,"83":1,"84":1,"85":1,"86":1,"87":1,"88":1,"89":1,"90":1,"91":1,"92":1,"93":1,"94":1,"95":1,"96":1,"97":1,"98":1,"99":1,"100":1,"101":1,"102":1,"103":1,"104":1,"105":1,"106":1,"107":1,"108":1,"109":1,"110":1,"111":1,"112":1,"113":1,"114":1,"115":1,"116":1,"117":1,"118":1,"119":1,"120":1,"121":1,"122":1,"123":1,"124":1,"125":1,"126":1,"127":1,"128":1,"129":1,"130":1,"131":1,"132":1,"133":1,"134":1,"135":1,"136":1,"137":1,"138":1,"139":1,"140":1,"141":1,"142":1,"143":1,"144":1,"145":1,"146":1,"147":1,"148":1,"149":1,"150":1,"151":1,"152":1,"153":1,"154":7,"155":7,"156":7,"157":1,"158":1,"159":1,"160":6,"161":6,"162":6,"163":6,"164":7,"165":1,"166":1,"167":1,"168":4,"169":4,"170":4,"171":4,"172":4,"173":4,"174":4,"175":4,"176":4,"177":4,"178":4,"179":4,"180":7,"181":1,"182":1,"183":1,"184":3,"185":3,"186":3,"187":7,"188":1,"189":1,"190":1,"191":2,"192":2,"193":2,"194":2,"195":2,"196":2,"197":2,"198":7,"199":1,"200":1,"201":1,"202":1,"203":1,"204":1,"205":1,"206":1,"207":1,"208":1,"209":1,"210":1,"211":1,"212":1,"213":1,"214":1,"215":1,"216":1,"217":1,"218":1,"219":1,"220":1,"221":1,"222":1,"223":1,"224":1,"225":1,"226":1,"227":1,"228":1,"229":1,"230":1,"231":1,"232":1,"233":1,"234":1,"235":1,"236":1,"237":1,"238":1,"239":1,"240":1,"241":1,"242":1,"243":1,"244":7,"245":1,"246":1,"247":1,"248":1,"249":1,"250":1,"251":1,"252":9,"253":9,"254":9,"255":1,"256":1,"257":1,"258":8,"259":8,"260":8,"261":8,"262":9,"263":1,"264":1,"265":1,"266":6,"267":6,"268":9,"269":1,"270":1,"271":1,"272":1,"273":5,"274":5,"275":9,"276":1,"277":1,"278":1,"279":4,"280":9,"281":1,"282":1,"283":1,"284":3,"285":3,"286":3,"287":9,"288":2,"289":2,"290":2,"291":2,"292":2,"293":2,"294":1,"295":1,"296":1,"297":2,"298":2,"299":2,"300":2,"301":2,"302":2,"303":2,"304":1,"305":1,"306":1,"307":1,"308":2,"309":2,"310":1,"311":1,"312":1,"313":1,"314":1,"315":1,"316":1,"317":1,"318":1,"319":1,"320":1,"321":1,"322":1,"323":1,"324":1,"325":1,"326":1,"327":1,"328":1,"329":1,"330":1,"331":1,"332":1,"333":1,"334":1,"335":1,"336":1,"337":4,"338":4,"339":4,"340":1,"341":1,"342":1,"343":3,"344":3,"345":3,"346":3,"347":4,"348":1,"349":1,"350":1,"351":1,"352":1,"353":1,"354":1,"355":1,"356":1,"357":1,"358":1,"359":1,"360":1,"361":1,"362":1,"363":1,"364":1,"365":1,"366":1,"367":1,"368":1,"369":1,"370":1,"371":1,"372":1,"373":1,"374":1,"375":1,"376":1,"377":1,"378":1,"379":1,"380":1,"381":1,"382":6,"383":6,"384":6,"385":1,"386":1,"387":1,"388":1,"389":5,"390":5,"391":5,"392":5,"393":6,"394":1,"395":1,"396":1,"397":3,"398":3,"399":3,"400":3,"401":3,"402":3,"403":3,"404":3,"405":3,"406":3,"407":3,"408":3,"409":6,"410":1,"411":1,"412":1,"413":2,"414":2,"415":6,"416":1,"417":1,"418":1,"419":1,"420":1,"421":1,"422":1,"423":1,"424":1,"425":1,"426":1,"427":1,"428":1,"429":1,"430":1,"431":1,"432":1,"433":1,"434":1,"435":1,"436":1,"437":1,"438":1,"439":1,"440":1,"441":5,"442":5,"443":5,"444":1,"445":1,"446":1,"447":4,"448":4,"449":5,"450":1,"451":1,"452":1,"453":2,"454":2,"455":2,"456":2,"457":2,"458":2,"459":2,"460":2,"461":2,"462":2,"463":2,"464":2,"465":2,"466":2,"467":2,"468":2,"469":2,"470":2,"471":2,"472":5,"473":5,"474":2,"475":2,"476":5,"477":1,"478":1,"479":1,"480":1,"481":1,"482":1,"483":1,"484":3,"485":3,"486":3,"487":3,"488":3,"489":3,"490":3,"491":3,"492":3,"493":3,"494":3,"495":3,"496":3,"497":2,"498":3,"499":1,"500":1,"501":1,"502":1,"503":1,"504":1,"505":1,"506":1,"507":1,"508":1,"509":1,"510":1},"branchMap":{"0":{"type":"branch","line":16,"loc":{"start":{"line":16,"column":63},"end":{"line":151,"column":2}},"locations":[{"start":{"line":16,"column":63},"end":{"line":151,"column":2}}]},"1":{"type":"branch","line":19,"loc":{"start":{"line":19,"column":25},"end":{"line":23,"column":5}},"locations":[{"start":{"line":19,"column":25},"end":{"line":23,"column":5}}]},"2":{"type":"branch","line":24,"loc":{"start":{"line":24,"column":-2},"end":{"line":27,"column":19}},"locations":[{"start":{"line":24,"column":-2},"end":{"line":27,"column":19}}]},"3":{"type":"branch","line":27,"loc":{"start":{"line":27,"column":19},"end":{"line":30,"column":5}},"locations":[{"start":{"line":27,"column":19},"end":{"line":30,"column":5}}]},"4":{"type":"branch","line":31,"loc":{"start":{"line":31,"column":-2},"end":{"line":34,"column":18}},"locations":[{"start":{"line":31,"column":-2},"end":{"line":34,"column":18}}]},"5":{"type":"branch","line":34,"loc":{"start":{"line":34,"column":18},"end":{"line":68,"column":21}},"locations":[{"start":{"line":34,"column":18},"end":{"line":68,"column":21}}]},"6":{"type":"branch","line":35,"loc":{"start":{"line":35,"column":41},"end":{"line":60,"column":5}},"locations":[{"start":{"line":35,"column":41},"end":{"line":60,"column":5}}]},"7":{"type":"branch","line":68,"loc":{"start":{"line":68,"column":21},"end":{"line":150,"column":3}},"locations":[{"start":{"line":68,"column":21},"end":{"line":150,"column":3}}]},"8":{"type":"branch","line":20,"loc":{"start":{"line":20,"column":45},"end":{"line":20,"column":59}},"locations":[{"start":{"line":20,"column":45},"end":{"line":20,"column":59}}]},"9":{"type":"branch","line":85,"loc":{"start":{"line":85,"column":43},"end":{"line":126,"column":5}},"locations":[{"start":{"line":85,"column":43},"end":{"line":126,"column":5}}]},"10":{"type":"branch","line":154,"loc":{"start":{"line":154,"column":39},"end":{"line":249,"column":2}},"locations":[{"start":{"line":154,"column":39},"end":{"line":249,"column":2}}]},"11":{"type":"branch","line":157,"loc":{"start":{"line":157,"column":25},"end":{"line":160,"column":5}},"locations":[{"start":{"line":157,"column":25},"end":{"line":160,"column":5}}]},"12":{"type":"branch","line":161,"loc":{"start":{"line":161,"column":-2},"end":{"line":164,"column":74}},"locations":[{"start":{"line":161,"column":-2},"end":{"line":164,"column":74}}]},"13":{"type":"branch","line":165,"loc":{"start":{"line":165,"column":-2},"end":{"line":165,"column":15}},"locations":[{"start":{"line":165,"column":-2},"end":{"line":165,"column":15}}]},"14":{"type":"branch","line":165,"loc":{"start":{"line":165,"column":15},"end":{"line":168,"column":5}},"locations":[{"start":{"line":165,"column":15},"end":{"line":168,"column":5}}]},"15":{"type":"branch","line":169,"loc":{"start":{"line":169,"column":-2},"end":{"line":181,"column":20}},"locations":[{"start":{"line":169,"column":-2},"end":{"line":181,"column":20}}]},"16":{"type":"branch","line":181,"loc":{"start":{"line":181,"column":20},"end":{"line":184,"column":5}},"locations":[{"start":{"line":181,"column":20},"end":{"line":184,"column":5}}]},"17":{"type":"branch","line":185,"loc":{"start":{"line":185,"column":-2},"end":{"line":188,"column":18}},"locations":[{"start":{"line":185,"column":-2},"end":{"line":188,"column":18}}]},"18":{"type":"branch","line":188,"loc":{"start":{"line":188,"column":18},"end":{"line":191,"column":5}},"locations":[{"start":{"line":188,"column":18},"end":{"line":191,"column":5}}]},"19":{"type":"branch","line":192,"loc":{"start":{"line":192,"column":-2},"end":{"line":199,"column":42}},"locations":[{"start":{"line":192,"column":-2},"end":{"line":199,"column":42}}]},"20":{"type":"branch","line":199,"loc":{"start":{"line":199,"column":42},"end":{"line":244,"column":5}},"locations":[{"start":{"line":199,"column":42},"end":{"line":244,"column":5}}]},"21":{"type":"branch","line":245,"loc":{"start":{"line":245,"column":4},"end":{"line":248,"column":3}},"locations":[{"start":{"line":245,"column":4},"end":{"line":248,"column":3}}]},"22":{"type":"branch","line":252,"loc":{"start":{"line":252,"column":35},"end":{"line":334,"column":2}},"locations":[{"start":{"line":252,"column":35},"end":{"line":334,"column":2}}]},"23":{"type":"branch","line":255,"loc":{"start":{"line":255,"column":25},"end":{"line":258,"column":5}},"locations":[{"start":{"line":255,"column":25},"end":{"line":258,"column":5}}]},"24":{"type":"branch","line":259,"loc":{"start":{"line":259,"column":-2},"end":{"line":262,"column":74}},"locations":[{"start":{"line":259,"column":-2},"end":{"line":262,"column":74}}]},"25":{"type":"branch","line":263,"loc":{"start":{"line":263,"column":-2},"end":{"line":263,"column":15}},"locations":[{"start":{"line":263,"column":-2},"end":{"line":263,"column":15}}]},"26":{"type":"branch","line":263,"loc":{"start":{"line":263,"column":15},"end":{"line":266,"column":5}},"locations":[{"start":{"line":263,"column":15},"end":{"line":266,"column":5}}]},"27":{"type":"branch","line":267,"loc":{"start":{"line":267,"column":-2},"end":{"line":269,"column":28}},"locations":[{"start":{"line":267,"column":-2},"end":{"line":269,"column":28}}]},"28":{"type":"branch","line":269,"loc":{"start":{"line":269,"column":24},"end":{"line":269,"column":57}},"locations":[{"start":{"line":269,"column":24},"end":{"line":269,"column":57}}]},"29":{"type":"branch","line":269,"loc":{"start":{"line":269,"column":59},"end":{"line":273,"column":5}},"locations":[{"start":{"line":269,"column":59},"end":{"line":273,"column":5}}]},"30":{"type":"branch","line":274,"loc":{"start":{"line":274,"column":-2},"end":{"line":276,"column":35}},"locations":[{"start":{"line":274,"column":-2},"end":{"line":276,"column":35}}]},"31":{"type":"branch","line":276,"loc":{"start":{"line":276,"column":35},"end":{"line":279,"column":5}},"locations":[{"start":{"line":276,"column":35},"end":{"line":279,"column":5}}]},"32":{"type":"branch","line":280,"loc":{"start":{"line":280,"column":-2},"end":{"line":281,"column":37}},"locations":[{"start":{"line":280,"column":-2},"end":{"line":281,"column":37}}]},"33":{"type":"branch","line":281,"loc":{"start":{"line":281,"column":37},"end":{"line":284,"column":5}},"locations":[{"start":{"line":281,"column":37},"end":{"line":284,"column":5}}]},"34":{"type":"branch","line":285,"loc":{"start":{"line":285,"column":-2},"end":{"line":288,"column":18}},"locations":[{"start":{"line":285,"column":-2},"end":{"line":288,"column":18}}]},"35":{"type":"branch","line":288,"loc":{"start":{"line":288,"column":18},"end":{"line":310,"column":5}},"locations":[{"start":{"line":288,"column":18},"end":{"line":310,"column":5}}]},"36":{"type":"branch","line":294,"loc":{"start":{"line":294,"column":31},"end":{"line":297,"column":7}},"locations":[{"start":{"line":294,"column":31},"end":{"line":297,"column":7}}]},"37":{"type":"branch","line":304,"loc":{"start":{"line":304,"column":31},"end":{"line":308,"column":7}},"locations":[{"start":{"line":304,"column":31},"end":{"line":308,"column":7}}]},"38":{"type":"branch","line":311,"loc":{"start":{"line":311,"column":-2},"end":{"line":333,"column":3}},"locations":[{"start":{"line":311,"column":-2},"end":{"line":333,"column":3}}]},"39":{"type":"branch","line":337,"loc":{"start":{"line":337,"column":44},"end":{"line":379,"column":2}},"locations":[{"start":{"line":337,"column":44},"end":{"line":379,"column":2}}]},"40":{"type":"branch","line":340,"loc":{"start":{"line":340,"column":25},"end":{"line":343,"column":5}},"locations":[{"start":{"line":340,"column":25},"end":{"line":343,"column":5}}]},"41":{"type":"branch","line":344,"loc":{"start":{"line":344,"column":-2},"end":{"line":347,"column":74}},"locations":[{"start":{"line":344,"column":-2},"end":{"line":347,"column":74}}]},"42":{"type":"branch","line":348,"loc":{"start":{"line":348,"column":-2},"end":{"line":348,"column":15}},"locations":[{"start":{"line":348,"column":-2},"end":{"line":348,"column":15}}]},"43":{"type":"branch","line":348,"loc":{"start":{"line":348,"column":15},"end":{"line":378,"column":3}},"locations":[{"start":{"line":348,"column":15},"end":{"line":378,"column":3}}]},"44":{"type":"branch","line":382,"loc":{"start":{"line":382,"column":44},"end":{"line":438,"column":2}},"locations":[{"start":{"line":382,"column":44},"end":{"line":438,"column":2}}]},"45":{"type":"branch","line":385,"loc":{"start":{"line":385,"column":25},"end":{"line":389,"column":5}},"locations":[{"start":{"line":385,"column":25},"end":{"line":389,"column":5}}]},"46":{"type":"branch","line":390,"loc":{"start":{"line":390,"column":-2},"end":{"line":393,"column":74}},"locations":[{"start":{"line":390,"column":-2},"end":{"line":393,"column":74}}]},"47":{"type":"branch","line":394,"loc":{"start":{"line":394,"column":-2},"end":{"line":394,"column":15}},"locations":[{"start":{"line":394,"column":-2},"end":{"line":394,"column":15}}]},"48":{"type":"branch","line":394,"loc":{"start":{"line":394,"column":15},"end":{"line":397,"column":5}},"locations":[{"start":{"line":394,"column":15},"end":{"line":397,"column":5}}]},"49":{"type":"branch","line":398,"loc":{"start":{"line":398,"column":-2},"end":{"line":410,"column":20}},"locations":[{"start":{"line":398,"column":-2},"end":{"line":410,"column":20}}]},"50":{"type":"branch","line":410,"loc":{"start":{"line":410,"column":20},"end":{"line":413,"column":5}},"locations":[{"start":{"line":410,"column":20},"end":{"line":413,"column":5}}]},"51":{"type":"branch","line":414,"loc":{"start":{"line":414,"column":-2},"end":{"line":416,"column":18}},"locations":[{"start":{"line":414,"column":-2},"end":{"line":416,"column":18}}]},"52":{"type":"branch","line":416,"loc":{"start":{"line":416,"column":18},"end":{"line":437,"column":3}},"locations":[{"start":{"line":416,"column":18},"end":{"line":437,"column":3}}]},"53":{"type":"branch","line":386,"loc":{"start":{"line":386,"column":45},"end":{"line":386,"column":59}},"locations":[{"start":{"line":386,"column":45},"end":{"line":386,"column":59}}]},"54":{"type":"branch","line":441,"loc":{"start":{"line":441,"column":39},"end":{"line":481,"column":2}},"locations":[{"start":{"line":441,"column":39},"end":{"line":481,"column":2}}]},"55":{"type":"branch","line":444,"loc":{"start":{"line":444,"column":14},"end":{"line":444,"column":26}},"locations":[{"start":{"line":444,"column":14},"end":{"line":444,"column":26}}]},"56":{"type":"branch","line":444,"loc":{"start":{"line":444,"column":28},"end":{"line":447,"column":5}},"locations":[{"start":{"line":444,"column":28},"end":{"line":447,"column":5}}]},"57":{"type":"branch","line":448,"loc":{"start":{"line":448,"column":-2},"end":{"line":449,"column":74}},"locations":[{"start":{"line":448,"column":-2},"end":{"line":449,"column":74}}]},"58":{"type":"branch","line":450,"loc":{"start":{"line":450,"column":-2},"end":{"line":450,"column":15}},"locations":[{"start":{"line":450,"column":-2},"end":{"line":450,"column":15}}]},"59":{"type":"branch","line":450,"loc":{"start":{"line":450,"column":15},"end":{"line":453,"column":5}},"locations":[{"start":{"line":450,"column":15},"end":{"line":453,"column":5}}]},"60":{"type":"branch","line":454,"loc":{"start":{"line":454,"column":-2},"end":{"line":473,"column":58}},"locations":[{"start":{"line":454,"column":-2},"end":{"line":473,"column":58}}]},"61":{"type":"branch","line":473,"loc":{"start":{"line":473,"column":58},"end":{"line":473,"column":74}},"locations":[{"start":{"line":473,"column":58},"end":{"line":473,"column":74}}]},"62":{"type":"branch","line":473,"loc":{"start":{"line":473,"column":75},"end":{"line":473,"column":84}},"locations":[{"start":{"line":473,"column":75},"end":{"line":473,"column":84}}]},"63":{"type":"branch","line":475,"loc":{"start":{"line":475,"column":-2},"end":{"line":477,"column":11}},"locations":[{"start":{"line":475,"column":-2},"end":{"line":477,"column":11}}]},"64":{"type":"branch","line":477,"loc":{"start":{"line":477,"column":4},"end":{"line":480,"column":3}},"locations":[{"start":{"line":477,"column":4},"end":{"line":480,"column":3}}]},"65":{"type":"branch","line":484,"loc":{"start":{"line":484,"column":34},"end":{"line":509,"column":2}},"locations":[{"start":{"line":484,"column":34},"end":{"line":509,"column":2}}]},"66":{"type":"branch","line":498,"loc":{"start":{"line":498,"column":-2},"end":{"line":499,"column":15}},"locations":[{"start":{"line":498,"column":-2},"end":{"line":499,"column":15}}]},"67":{"type":"branch","line":499,"loc":{"start":{"line":499,"column":15},"end":{"line":508,"column":3}},"locations":[{"start":{"line":499,"column":15},"end":{"line":508,"column":3}}]}},"b":{"0":[6],"1":[1],"2":[5],"3":[1],"4":[4],"5":[2],"6":[1],"7":[1],"8":[5],"9":[1],"10":[7],"11":[1],"12":[6],"13":[5],"14":[1],"15":[4],"16":[1],"17":[3],"18":[1],"19":[2],"20":[1],"21":[1],"22":[9],"23":[1],"24":[8],"25":[7],"26":[1],"27":[6],"28":[1],"29":[1],"30":[5],"31":[1],"32":[4],"33":[1],"34":[3],"35":[2],"36":[1],"37":[1],"38":[1],"39":[4],"40":[1],"41":[3],"42":[2],"43":[1],"44":[6],"45":[1],"46":[5],"47":[4],"48":[1],"49":[3],"50":[1],"51":[2],"52":[1],"53":[3],"54":[5],"55":[4],"56":[1],"57":[4],"58":[3],"59":[1],"60":[2],"61":[1],"62":[1],"63":[2],"64":[1],"65":[3],"66":[2],"67":[1]},"fnMap":{},"f":{}}
,"C:\\Users\\zubai\\OneDrive\\Desktop\\career-portal\\server\\src\\routes\\job.routes.ts": {"path":"C:\\Users\\zubai\\OneDrive\\Desktop\\career-portal\\server\\src\\routes\\job.routes.ts","all":false,"statementMap":{"0":{"start":{"line":1,"column":0},"end":{"line":1,"column":52}},"1":{"start":{"line":2,"column":0},"end":{"line":2,"column":34}},"2":{"start":{"line":3,"column":0},"end":{"line":3,"column":0}},"3":{"start":{"line":4,"column":0},"end":{"line":4,"column":24}},"4":{"start":{"line":5,"column":0},"end":{"line":5,"column":0}},"5":{"start":{"line":6,"column":0},"end":{"line":6,"column":65}},"6":{"start":{"line":7,"column":0},"end":{"line":7,"column":56}},"7":{"start":{"line":8,"column":0},"end":{"line":8,"column":7}},"8":{"start":{"line":9,"column":0},"end":{"line":9,"column":55}},"9":{"start":{"line":10,"column":0},"end":{"line":10,"column":0}},"10":{"start":{"line":11,"column":0},"end":{"line":11,"column":69}},"11":{"start":{"line":12,"column":0},"end":{"line":12,"column":51}},"12":{"start":{"line":13,"column":0},"end":{"line":13,"column":88}},"13":{"start":{"line":14,"column":0},"end":{"line":14,"column":29}},"14":{"start":{"line":15,"column":0},"end":{"line":15,"column":23}},"15":{"start":{"line":16,"column":0},"end":{"line":16,"column":0}},"16":{"start":{"line":17,"column":0},"end":{"line":17,"column":45}},"17":{"start":{"line":18,"column":0},"end":{"line":18,"column":56}},"18":{"start":{"line":19,"column":0},"end":{"line":19,"column":37}},"19":{"start":{"line":20,"column":0},"end":{"line":20,"column":19}},"20":{"start":{"line":21,"column":0},"end":{"line":21,"column":5}},"21":{"start":{"line":22,"column":0},"end":{"line":22,"column":0}},"22":{"start":{"line":23,"column":0},"end":{"line":23,"column":17}},"23":{"start":{"line":24,"column":0},"end":{"line":24,"column":99}},"24":{"start":{"line":25,"column":0},"end":{"line":25,"column":33}},"25":{"start":{"line":26,"column":0},"end":{"line":26,"column":19}},"26":{"start":{"line":27,"column":0},"end":{"line":27,"column":5}},"27":{"start":{"line":28,"column":0},"end":{"line":28,"column":0}},"28":{"start":{"line":29,"column":0},"end":{"line":29,"column":47}},"29":{"start":{"line":30,"column":0},"end":{"line":30,"column":13}},"30":{"start":{"line":31,"column":0},"end":{"line":31,"column":14}},"31":{"start":{"line":32,"column":0},"end":{"line":32,"column":17}},"32":{"start":{"line":33,"column":0},"end":{"line":33,"column":23}},"33":{"start":{"line":34,"column":0},"end":{"line":34,"column":21}},"34":{"start":{"line":35,"column":0},"end":{"line":35,"column":18}},"35":{"start":{"line":36,"column":0},"end":{"line":36,"column":37}},"36":{"start":{"line":37,"column":0},"end":{"line":37,"column":35}},"37":{"start":{"line":38,"column":0},"end":{"line":38,"column":37}},"38":{"start":{"line":39,"column":0},"end":{"line":39,"column":26}},"39":{"start":{"line":40,"column":0},"end":{"line":40,"column":56}},"40":{"start":{"line":41,"column":0},"end":{"line":41,"column":62}},"41":{"start":{"line":42,"column":0},"end":{"line":42,"column":20}},"42":{"start":{"line":43,"column":0},"end":{"line":43,"column":33}},"43":{"start":{"line":44,"column":0},"end":{"line":44,"column":18}},"44":{"start":{"line":45,"column":0},"end":{"line":45,"column":0}},"45":{"start":{"line":46,"column":0},"end":{"line":46,"column":23}},"46":{"start":{"line":47,"column":0},"end":{"line":47,"column":17}},"47":{"start":{"line":48,"column":0},"end":{"line":48,"column":42}},"48":{"start":{"line":49,"column":0},"end":{"line":49,"column":69}},"49":{"start":{"line":50,"column":0},"end":{"line":50,"column":3}},"50":{"start":{"line":51,"column":0},"end":{"line":51,"column":3}},"51":{"start":{"line":52,"column":0},"end":{"line":52,"column":0}},"52":{"start":{"line":53,"column":0},"end":{"line":53,"column":64}},"53":{"start":{"line":54,"column":0},"end":{"line":54,"column":59}},"54":{"start":{"line":55,"column":0},"end":{"line":55,"column":7}},"55":{"start":{"line":56,"column":0},"end":{"line":56,"column":30}},"56":{"start":{"line":57,"column":0},"end":{"line":57,"column":0}},"57":{"start":{"line":58,"column":0},"end":{"line":58,"column":54}},"58":{"start":{"line":59,"column":0},"end":{"line":59,"column":13}},"59":{"start":{"line":60,"column":0},"end":{"line":60,"column":14}},"60":{"start":{"line":61,"column":0},"end":{"line":61,"column":17}},"61":{"start":{"line":62,"column":0},"end":{"line":62,"column":23}},"62":{"start":{"line":63,"column":0},"end":{"line":63,"column":21}},"63":{"start":{"line":64,"column":0},"end":{"line":64,"column":18}},"64":{"start":{"line":65,"column":0},"end":{"line":65,"column":37}},"65":{"start":{"line":66,"column":0},"end":{"line":66,"column":35}},"66":{"start":{"line":67,"column":0},"end":{"line":67,"column":37}},"67":{"start":{"line":68,"column":0},"end":{"line":68,"column":26}},"68":{"start":{"line":69,"column":0},"end":{"line":69,"column":56}},"69":{"start":{"line":70,"column":0},"end":{"line":70,"column":62}},"70":{"start":{"line":71,"column":0},"end":{"line":71,"column":28}},"71":{"start":{"line":72,"column":0},"end":{"line":72,"column":11}},"72":{"start":{"line":73,"column":0},"end":{"line":73,"column":0}},"73":{"start":{"line":74,"column":0},"end":{"line":74,"column":37}},"74":{"start":{"line":75,"column":0},"end":{"line":75,"column":64}},"75":{"start":{"line":76,"column":0},"end":{"line":76,"column":13}},"76":{"start":{"line":77,"column":0},"end":{"line":77,"column":5}},"77":{"start":{"line":78,"column":0},"end":{"line":78,"column":0}},"78":{"start":{"line":79,"column":0},"end":{"line":79,"column":31}},"79":{"start":{"line":80,"column":0},"end":{"line":80,"column":17}},"80":{"start":{"line":81,"column":0},"end":{"line":81,"column":41}},"81":{"start":{"line":82,"column":0},"end":{"line":82,"column":68}},"82":{"start":{"line":83,"column":0},"end":{"line":83,"column":3}},"83":{"start":{"line":84,"column":0},"end":{"line":84,"column":3}},"84":{"start":{"line":85,"column":0},"end":{"line":85,"column":0}},"85":{"start":{"line":86,"column":0},"end":{"line":86,"column":64}},"86":{"start":{"line":87,"column":0},"end":{"line":87,"column":73}},"87":{"start":{"line":88,"column":0},"end":{"line":88,"column":7}},"88":{"start":{"line":89,"column":0},"end":{"line":89,"column":61}},"89":{"start":{"line":90,"column":0},"end":{"line":90,"column":75}},"90":{"start":{"line":91,"column":0},"end":{"line":91,"column":7}},"91":{"start":{"line":92,"column":0},"end":{"line":92,"column":30}},"92":{"start":{"line":93,"column":0},"end":{"line":93,"column":17}},"93":{"start":{"line":94,"column":0},"end":{"line":94,"column":49}},"94":{"start":{"line":95,"column":0},"end":{"line":95,"column":68}},"95":{"start":{"line":96,"column":0},"end":{"line":96,"column":3}},"96":{"start":{"line":97,"column":0},"end":{"line":97,"column":3}},"97":{"start":{"line":98,"column":0},"end":{"line":98,"column":0}},"98":{"start":{"line":99,"column":0},"end":{"line":99,"column":22}}},"s":{"0":1,"1":1,"2":1,"3":1,"4":1,"5":1,"6":1,"7":4,"8":4,"9":4,"10":4,"11":4,"12":4,"13":4,"14":4,"15":4,"16":4,"17":1,"18":1,"19":1,"20":1,"21":4,"22":4,"23":1,"24":1,"25":1,"26":1,"27":4,"28":4,"29":4,"30":4,"31":4,"32":4,"33":4,"34":4,"35":4,"36":4,"37":4,"38":4,"39":4,"40":4,"41":4,"42":4,"43":4,"44":3,"45":3,"46":4,"47":1,"48":1,"49":1,"50":1,"51":1,"52":1,"53":1,"54":3,"55":3,"56":3,"57":3,"58":3,"59":3,"60":3,"61":3,"62":3,"63":3,"64":3,"65":3,"66":3,"67":3,"68":3,"69":3,"70":3,"71":3,"72":2,"73":3,"74":1,"75":1,"76":1,"77":1,"78":1,"79":1,"80":1,"81":1,"82":1,"83":1,"84":1,"85":1,"86":1,"87":2,"88":2,"89":2,"90":2,"91":1,"92":1,"93":1,"94":1,"95":1,"96":1,"97":1,"98":1},"branchMap":{"0":{"type":"branch","line":7,"loc":{"start":{"line":7,"column":16},"end":{"line":51,"column":2}},"locations":[{"start":{"line":7,"column":16},"end":{"line":51,"column":2}}]},"1":{"type":"branch","line":17,"loc":{"start":{"line":17,"column":18},"end":{"line":17,"column":42}},"locations":[{"start":{"line":17,"column":18},"end":{"line":17,"column":42}}]},"2":{"type":"branch","line":17,"loc":{"start":{"line":17,"column":44},"end":{"line":21,"column":5}},"locations":[{"start":{"line":17,"column":44},"end":{"line":21,"column":5}}]},"3":{"type":"branch","line":23,"loc":{"start":{"line":23,"column":16},"end":{"line":27,"column":5}},"locations":[{"start":{"line":23,"column":16},"end":{"line":27,"column":5}}]},"4":{"type":"branch","line":45,"loc":{"start":{"line":45,"column":-1},"end":{"line":47,"column":11}},"locations":[{"start":{"line":45,"column":-1},"end":{"line":47,"column":11}}]},"5":{"type":"branch","line":47,"loc":{"start":{"line":47,"column":4},"end":{"line":50,"column":3}},"locations":[{"start":{"line":47,"column":4},"end":{"line":50,"column":3}}]},"6":{"type":"branch","line":54,"loc":{"start":{"line":54,"column":19},"end":{"line":84,"column":2}},"locations":[{"start":{"line":54,"column":19},"end":{"line":84,"column":2}}]},"7":{"type":"branch","line":73,"loc":{"start":{"line":73,"column":-1},"end":{"line":74,"column":34}},"locations":[{"start":{"line":73,"column":-1},"end":{"line":74,"column":34}}]},"8":{"type":"branch","line":74,"loc":{"start":{"line":74,"column":36},"end":{"line":83,"column":3}},"locations":[{"start":{"line":74,"column":36},"end":{"line":83,"column":3}}]},"9":{"type":"branch","line":87,"loc":{"start":{"line":87,"column":32},"end":{"line":97,"column":2}},"locations":[{"start":{"line":87,"column":32},"end":{"line":97,"column":2}}]},"10":{"type":"branch","line":92,"loc":{"start":{"line":92,"column":-1},"end":{"line":96,"column":3}},"locations":[{"start":{"line":92,"column":-1},"end":{"line":96,"column":3}}]}},"b":{"0":[4],"1":[1],"2":[1],"3":[1],"4":[3],"5":[1],"6":[3],"7":[2],"8":[1],"9":[2],"10":[1]},"fnMap":{},"f":{}}
,"C:\\Users\\zubai\\OneDrive\\Desktop\\career-portal\\server\\src\\routes\\upload.routes.ts": {"path":"C:\\Users\\zubai\\OneDrive\\Desktop\\career-portal\\server\\src\\routes\\upload.routes.ts","all":false,"statementMap":{"0":{"start":{"line":1,"column":0},"end":{"line":1,"column":43}},"1":{"start":{"line":2,"column":0},"end":{"line":2,"column":28}},"2":{"start":{"line":3,"column":0},"end":{"line":3,"column":24}},"3":{"start":{"line":4,"column":0},"end":{"line":4,"column":64}},"4":{"start":{"line":5,"column":0},"end":{"line":5,"column":76}},"5":{"start":{"line":6,"column":0},"end":{"line":6,"column":58}},"6":{"start":{"line":7,"column":0},"end":{"line":7,"column":0}},"7":{"start":{"line":8,"column":0},"end":{"line":8,"column":24}},"8":{"start":{"line":9,"column":0},"end":{"line":9,"column":0}},"9":{"start":{"line":10,"column":0},"end":{"line":10,"column":26}},"10":{"start":{"line":11,"column":0},"end":{"line":11,"column":38}},"11":{"start":{"line":12,"column":0},"end":{"line":12,"column":49}},"12":{"start":{"line":13,"column":0},"end":{"line":13,"column":16}},"13":{"start":{"line":14,"column":0},"end":{"line":14,"column":53}},"14":{"start":{"line":15,"column":0},"end":{"line":15,"column":61}},"15":{"start":{"line":16,"column":0},"end":{"line":16,"column":4}},"16":{"start":{"line":17,"column":0},"end":{"line":17,"column":3}},"17":{"start":{"line":18,"column":0},"end":{"line":18,"column":0}},"18":{"start":{"line":19,"column":0},"end":{"line":19,"column":36}},"19":{"start":{"line":20,"column":0},"end":{"line":20,"column":39}},"20":{"start":{"line":21,"column":0},"end":{"line":21,"column":0}},"21":{"start":{"line":22,"column":0},"end":{"line":22,"column":30}},"22":{"start":{"line":23,"column":0},"end":{"line":23,"column":10}},"23":{"start":{"line":24,"column":0},"end":{"line":24,"column":11}},"24":{"start":{"line":25,"column":0},"end":{"line":25,"column":37}},"25":{"start":{"line":26,"column":0},"end":{"line":26,"column":4}},"26":{"start":{"line":27,"column":0},"end":{"line":27,"column":35}},"27":{"start":{"line":28,"column":0},"end":{"line":28,"column":45}},"28":{"start":{"line":29,"column":0},"end":{"line":29,"column":47}},"29":{"start":{"line":30,"column":0},"end":{"line":30,"column":21}},"30":{"start":{"line":31,"column":0},"end":{"line":31,"column":12}},"31":{"start":{"line":32,"column":0},"end":{"line":32,"column":51}},"32":{"start":{"line":33,"column":0},"end":{"line":33,"column":5}},"33":{"start":{"line":34,"column":0},"end":{"line":34,"column":4}},"34":{"start":{"line":35,"column":0},"end":{"line":35,"column":3}},"35":{"start":{"line":36,"column":0},"end":{"line":36,"column":0}},"36":{"start":{"line":37,"column":0},"end":{"line":37,"column":64}},"37":{"start":{"line":38,"column":0},"end":{"line":38,"column":12}},"38":{"start":{"line":39,"column":0},"end":{"line":39,"column":12}},"39":{"start":{"line":40,"column":0},"end":{"line":40,"column":17}},"40":{"start":{"line":41,"column":0},"end":{"line":41,"column":16}},"41":{"start":{"line":42,"column":0},"end":{"line":42,"column":46}},"42":{"start":{"line":43,"column":0},"end":{"line":43,"column":48}},"43":{"start":{"line":44,"column":0},"end":{"line":44,"column":46}},"44":{"start":{"line":45,"column":0},"end":{"line":45,"column":45}},"45":{"start":{"line":46,"column":0},"end":{"line":46,"column":74}},"46":{"start":{"line":47,"column":0},"end":{"line":47,"column":17}},"47":{"start":{"line":48,"column":0},"end":{"line":48,"column":9}},"48":{"start":{"line":49,"column":0},"end":{"line":49,"column":53}},"49":{"start":{"line":50,"column":0},"end":{"line":50,"column":15}},"50":{"start":{"line":51,"column":0},"end":{"line":51,"column":7}},"51":{"start":{"line":52,"column":0},"end":{"line":52,"column":16}},"52":{"start":{"line":53,"column":0},"end":{"line":53,"column":53}},"53":{"start":{"line":54,"column":0},"end":{"line":54,"column":15}},"54":{"start":{"line":55,"column":0},"end":{"line":55,"column":7}},"55":{"start":{"line":56,"column":0},"end":{"line":56,"column":13}},"56":{"start":{"line":57,"column":0},"end":{"line":57,"column":7}},"57":{"start":{"line":58,"column":0},"end":{"line":58,"column":4}},"58":{"start":{"line":59,"column":0},"end":{"line":59,"column":46}},"59":{"start":{"line":60,"column":0},"end":{"line":60,"column":9}},"60":{"start":{"line":61,"column":0},"end":{"line":61,"column":22}},"61":{"start":{"line":62,"column":0},"end":{"line":62,"column":61}},"62":{"start":{"line":63,"column":0},"end":{"line":63,"column":15}},"63":{"start":{"line":64,"column":0},"end":{"line":64,"column":7}},"64":{"start":{"line":65,"column":0},"end":{"line":65,"column":0}},"65":{"start":{"line":66,"column":0},"end":{"line":66,"column":78}},"66":{"start":{"line":67,"column":0},"end":{"line":67,"column":54}},"67":{"start":{"line":68,"column":0},"end":{"line":68,"column":62}},"68":{"start":{"line":69,"column":0},"end":{"line":69,"column":51}},"69":{"start":{"line":70,"column":0},"end":{"line":70,"column":0}},"70":{"start":{"line":71,"column":0},"end":{"line":71,"column":24}},"71":{"start":{"line":72,"column":0},"end":{"line":72,"column":60}},"72":{"start":{"line":73,"column":0},"end":{"line":73,"column":7}},"73":{"start":{"line":74,"column":0},"end":{"line":74,"column":0}},"74":{"start":{"line":75,"column":0},"end":{"line":75,"column":44}},"75":{"start":{"line":76,"column":0},"end":{"line":76,"column":27}},"76":{"start":{"line":77,"column":0},"end":{"line":77,"column":22}},"77":{"start":{"line":78,"column":0},"end":{"line":78,"column":30}},"78":{"start":{"line":79,"column":0},"end":{"line":79,"column":39}},"79":{"start":{"line":80,"column":0},"end":{"line":80,"column":9}},"80":{"start":{"line":81,"column":0},"end":{"line":81,"column":0}},"81":{"start":{"line":82,"column":0},"end":{"line":82,"column":35}},"82":{"start":{"line":83,"column":0},"end":{"line":83,"column":0}},"83":{"start":{"line":84,"column":0},"end":{"line":84,"column":101}},"84":{"start":{"line":85,"column":0},"end":{"line":85,"column":0}},"85":{"start":{"line":86,"column":0},"end":{"line":86,"column":16}},"86":{"start":{"line":87,"column":0},"end":{"line":87,"column":55}},"87":{"start":{"line":88,"column":0},"end":{"line":88,"column":16}},"88":{"start":{"line":89,"column":0},"end":{"line":89,"column":40}},"89":{"start":{"line":90,"column":0},"end":{"line":90,"column":9}},"90":{"start":{"line":91,"column":0},"end":{"line":91,"column":19}},"91":{"start":{"line":92,"column":0},"end":{"line":92,"column":45}},"92":{"start":{"line":93,"column":0},"end":{"line":93,"column":64}},"93":{"start":{"line":94,"column":0},"end":{"line":94,"column":5}},"94":{"start":{"line":95,"column":0},"end":{"line":95,"column":3}},"95":{"start":{"line":96,"column":0},"end":{"line":96,"column":2}},"96":{"start":{"line":97,"column":0},"end":{"line":97,"column":0}},"97":{"start":{"line":98,"column":0},"end":{"line":98,"column":22}}},"s":{"0":1,"1":1,"2":1,"3":1,"4":1,"5":1,"6":1,"7":1,"8":1,"9":1,"10":1,"11":1,"12":1,"13":1,"14":1,"15":1,"16":1,"17":1,"18":1,"19":1,"20":1,"21":1,"22":1,"23":1,"24":1,"25":1,"26":1,"27":8,"28":8,"29":7,"30":8,"31":1,"32":1,"33":1,"34":1,"35":1,"36":1,"37":1,"38":1,"39":1,"40":1,"41":1,"42":6,"43":6,"44":2,"45":1,"46":1,"47":1,"48":1,"49":1,"50":1,"51":6,"52":1,"53":1,"54":1,"55":3,"56":6,"57":6,"58":1,"59":3,"60":3,"61":1,"62":1,"63":1,"64":2,"65":2,"66":2,"67":2,"68":2,"69":2,"70":3,"71":1,"72":1,"73":1,"74":1,"75":1,"76":1,"77":1,"78":1,"79":1,"80":1,"81":1,"82":1,"83":1,"84":1,"85":1,"86":1,"87":1,"88":1,"89":1,"90":1,"91":1,"92":1,"93":1,"94":3,"95":1,"96":1,"97":1},"branchMap":{"0":{"type":"branch","line":27,"loc":{"start":{"line":27,"column":14},"end":{"line":34,"column":3}},"locations":[{"start":{"line":27,"column":14},"end":{"line":34,"column":3}}]},"1":{"type":"branch","line":29,"loc":{"start":{"line":29,"column":46},"end":{"line":31,"column":5}},"locations":[{"start":{"line":29,"column":46},"end":{"line":31,"column":5}}]},"2":{"type":"branch","line":31,"loc":{"start":{"line":31,"column":5},"end":{"line":33,"column":5}},"locations":[{"start":{"line":31,"column":5},"end":{"line":33,"column":5}}]},"3":{"type":"branch","line":42,"loc":{"start":{"line":42,"column":2},"end":{"line":58,"column":4}},"locations":[{"start":{"line":42,"column":2},"end":{"line":58,"column":4}}]},"4":{"type":"branch","line":43,"loc":{"start":{"line":43,"column":38},"end":{"line":57,"column":5}},"locations":[{"start":{"line":43,"column":38},"end":{"line":57,"column":5}}]},"5":{"type":"branch","line":44,"loc":{"start":{"line":44,"column":45},"end":{"line":51,"column":7}},"locations":[{"start":{"line":44,"column":45},"end":{"line":51,"column":7}}]},"6":{"type":"branch","line":45,"loc":{"start":{"line":45,"column":44},"end":{"line":51,"column":7}},"locations":[{"start":{"line":45,"column":44},"end":{"line":51,"column":7}}]},"7":{"type":"branch","line":52,"loc":{"start":{"line":52,"column":-1},"end":{"line":52,"column":15}},"locations":[{"start":{"line":52,"column":-1},"end":{"line":52,"column":15}}]},"8":{"type":"branch","line":52,"loc":{"start":{"line":52,"column":15},"end":{"line":55,"column":7}},"locations":[{"start":{"line":52,"column":15},"end":{"line":55,"column":7}}]},"9":{"type":"branch","line":56,"loc":{"start":{"line":56,"column":-1},"end":{"line":57,"column":5}},"locations":[{"start":{"line":56,"column":-1},"end":{"line":57,"column":5}}]},"10":{"type":"branch","line":59,"loc":{"start":{"line":59,"column":2},"end":{"line":95,"column":3}},"locations":[{"start":{"line":59,"column":2},"end":{"line":95,"column":3}}]},"11":{"type":"branch","line":61,"loc":{"start":{"line":61,"column":21},"end":{"line":64,"column":7}},"locations":[{"start":{"line":61,"column":21},"end":{"line":64,"column":7}}]},"12":{"type":"branch","line":65,"loc":{"start":{"line":65,"column":-1},"end":{"line":71,"column":23}},"locations":[{"start":{"line":65,"column":-1},"end":{"line":71,"column":23}}]},"13":{"type":"branch","line":71,"loc":{"start":{"line":71,"column":23},"end":{"line":94,"column":5}},"locations":[{"start":{"line":71,"column":23},"end":{"line":94,"column":5}}]}},"b":{"0":[8],"1":[7],"2":[1],"3":[6],"4":[6],"5":[2],"6":[1],"7":[4],"8":[1],"9":[3],"10":[3],"11":[1],"12":[2],"13":[1]},"fnMap":{"0":{"name":"fileFilter","decl":{"start":{"line":27,"column":14},"end":{"line":34,"column":3}},"loc":{"start":{"line":27,"column":14},"end":{"line":34,"column":3}},"line":27}},"f":{"0":8}}
,"C:\\Users\\zubai\\OneDrive\\Desktop\\career-portal\\server\\src\\utils\\email.ts": {"path":"C:\\Users\\zubai\\OneDrive\\Desktop\\career-portal\\server\\src\\utils\\email.ts","all":false,"statementMap":{"0":{"start":{"line":1,"column":0},"end":{"line":1,"column":36}},"1":{"start":{"line":2,"column":0},"end":{"line":2,"column":0}},"2":{"start":{"line":3,"column":0},"end":{"line":3,"column":48}},"3":{"start":{"line":4,"column":0},"end":{"line":4,"column":50}},"4":{"start":{"line":5,"column":0},"end":{"line":5,"column":49}},"5":{"start":{"line":6,"column":0},"end":{"line":6,"column":15}},"6":{"start":{"line":7,"column":0},"end":{"line":7,"column":9}},"7":{"start":{"line":8,"column":0},"end":{"line":8,"column":32}},"8":{"start":{"line":9,"column":0},"end":{"line":9,"column":32}},"9":{"start":{"line":10,"column":0},"end":{"line":10,"column":4}},"10":{"start":{"line":11,"column":0},"end":{"line":11,"column":3}},"11":{"start":{"line":12,"column":0},"end":{"line":12,"column":0}},"12":{"start":{"line":13,"column":0},"end":{"line":13,"column":24}},"13":{"start":{"line":14,"column":0},"end":{"line":14,"column":0}},"14":{"start":{"line":15,"column":0},"end":{"line":15,"column":111}},"15":{"start":{"line":16,"column":0},"end":{"line":16,"column":44}},"16":{"start":{"line":17,"column":0},"end":{"line":17,"column":51}},"17":{"start":{"line":18,"column":0},"end":{"line":18,"column":53}},"18":{"start":{"line":19,"column":0},"end":{"line":19,"column":0}},"19":{"start":{"line":20,"column":0},"end":{"line":20,"column":16}},"20":{"start":{"line":21,"column":0},"end":{"line":21,"column":211}},"21":{"start":{"line":22,"column":0},"end":{"line":22,"column":80}},"22":{"start":{"line":23,"column":0},"end":{"line":23,"column":166}},"23":{"start":{"line":24,"column":0},"end":{"line":24,"column":109}},"24":{"start":{"line":25,"column":0},"end":{"line":25,"column":12}},"25":{"start":{"line":26,"column":0},"end":{"line":26,"column":34}},"26":{"start":{"line":27,"column":0},"end":{"line":27,"column":85}},"27":{"start":{"line":28,"column":0},"end":{"line":28,"column":85}},"28":{"start":{"line":29,"column":0},"end":{"line":29,"column":13}},"29":{"start":{"line":30,"column":0},"end":{"line":30,"column":85}},"30":{"start":{"line":31,"column":0},"end":{"line":31,"column":38}},"31":{"start":{"line":32,"column":0},"end":{"line":32,"column":110}},"32":{"start":{"line":33,"column":0},"end":{"line":33,"column":104}},"33":{"start":{"line":34,"column":0},"end":{"line":34,"column":12}},"34":{"start":{"line":35,"column":0},"end":{"line":35,"column":140}},"35":{"start":{"line":36,"column":0},"end":{"line":36,"column":107}},"36":{"start":{"line":37,"column":0},"end":{"line":37,"column":14}},"37":{"start":{"line":38,"column":0},"end":{"line":38,"column":78}},"38":{"start":{"line":39,"column":0},"end":{"line":39,"column":69}},"39":{"start":{"line":40,"column":0},"end":{"line":40,"column":44}},"40":{"start":{"line":41,"column":0},"end":{"line":41,"column":12}},"41":{"start":{"line":42,"column":0},"end":{"line":42,"column":12}},"42":{"start":{"line":43,"column":0},"end":{"line":43,"column":108}},"43":{"start":{"line":44,"column":0},"end":{"line":44,"column":133}},"44":{"start":{"line":45,"column":0},"end":{"line":45,"column":12}},"45":{"start":{"line":46,"column":0},"end":{"line":46,"column":10}},"46":{"start":{"line":47,"column":0},"end":{"line":47,"column":4}},"47":{"start":{"line":48,"column":0},"end":{"line":48,"column":0}},"48":{"start":{"line":49,"column":0},"end":{"line":49,"column":7}},"49":{"start":{"line":50,"column":0},"end":{"line":50,"column":32}},"50":{"start":{"line":51,"column":0},"end":{"line":51,"column":83}},"51":{"start":{"line":52,"column":0},"end":{"line":52,"column":9}},"52":{"start":{"line":53,"column":0},"end":{"line":53,"column":14}},"53":{"start":{"line":54,"column":0},"end":{"line":54,"column":11}},"54":{"start":{"line":55,"column":0},"end":{"line":55,"column":21}},"55":{"start":{"line":56,"column":0},"end":{"line":56,"column":47}},"56":{"start":{"line":57,"column":0},"end":{"line":57,"column":65}},"57":{"start":{"line":58,"column":0},"end":{"line":58,"column":29}},"58":{"start":{"line":59,"column":0},"end":{"line":59,"column":8}},"59":{"start":{"line":60,"column":0},"end":{"line":60,"column":7}},"60":{"start":{"line":61,"column":0},"end":{"line":61,"column":51}},"61":{"start":{"line":62,"column":0},"end":{"line":62,"column":17}},"62":{"start":{"line":63,"column":0},"end":{"line":63,"column":52}},"63":{"start":{"line":64,"column":0},"end":{"line":64,"column":51}},"64":{"start":{"line":65,"column":0},"end":{"line":65,"column":64}},"65":{"start":{"line":66,"column":0},"end":{"line":66,"column":3}},"66":{"start":{"line":67,"column":0},"end":{"line":67,"column":1}},"67":{"start":{"line":68,"column":0},"end":{"line":68,"column":0}},"68":{"start":{"line":69,"column":0},"end":{"line":69,"column":39}},"69":{"start":{"line":70,"column":0},"end":{"line":70,"column":64}},"70":{"start":{"line":71,"column":0},"end":{"line":71,"column":1}}},"s":{"0":1,"1":1,"2":1,"3":1,"4":1,"5":1,"6":1,"7":1,"8":1,"9":1,"10":1,"11":1,"12":1,"13":1,"14":1,"15":3,"16":3,"17":3,"18":3,"19":3,"20":3,"21":3,"22":3,"23":3,"24":3,"25":3,"26":3,"27":3,"28":3,"29":3,"30":3,"31":3,"32":3,"33":3,"34":3,"35":3,"36":3,"37":3,"38":3,"39":3,"40":3,"41":3,"42":3,"43":3,"44":3,"45":3,"46":3,"47":3,"48":3,"49":3,"50":3,"51":3,"52":3,"53":3,"54":3,"55":3,"56":3,"57":3,"58":3,"59":3,"60":2,"61":3,"62":1,"63":1,"64":1,"65":1,"66":3,"67":1,"68":1,"69":1,"70":1},"branchMap":{"0":{"type":"branch","line":15,"loc":{"start":{"line":15,"column":7},"end":{"line":67,"column":1}},"locations":[{"start":{"line":15,"column":7},"end":{"line":67,"column":1}}]},"1":{"type":"branch","line":17,"loc":{"start":{"line":17,"column":4},"end":{"line":17,"column":51}},"locations":[{"start":{"line":17,"column":4},"end":{"line":17,"column":51}}]},"2":{"type":"branch","line":18,"loc":{"start":{"line":18,"column":4},"end":{"line":18,"column":52}},"locations":[{"start":{"line":18,"column":4},"end":{"line":18,"column":52}}]},"3":{"type":"branch","line":28,"loc":{"start":{"line":28,"column":39},"end":{"line":28,"column":60}},"locations":[{"start":{"line":28,"column":39},"end":{"line":28,"column":60}}]},"4":{"type":"branch","line":28,"loc":{"start":{"line":28,"column":61},"end":{"line":28,"column":84}},"locations":[{"start":{"line":28,"column":61},"end":{"line":28,"column":84}}]},"5":{"type":"branch","line":32,"loc":{"start":{"line":32,"column":6},"end":{"line":32,"column":110}},"locations":[{"start":{"line":32,"column":6},"end":{"line":32,"column":110}}]},"6":{"type":"branch","line":33,"loc":{"start":{"line":33,"column":6},"end":{"line":33,"column":103}},"locations":[{"start":{"line":33,"column":6},"end":{"line":33,"column":103}}]},"7":{"type":"branch","line":61,"loc":{"start":{"line":61,"column":-1},"end":{"line":62,"column":11}},"locations":[{"start":{"line":61,"column":-1},"end":{"line":62,"column":11}}]},"8":{"type":"branch","line":62,"loc":{"start":{"line":62,"column":4},"end":{"line":66,"column":3}},"locations":[{"start":{"line":62,"column":4},"end":{"line":66,"column":3}}]},"9":{"type":"branch","line":69,"loc":{"start":{"line":69,"column":0},"end":{"line":71,"column":1}},"locations":[{"start":{"line":69,"column":0},"end":{"line":71,"column":1}}]}},"b":{"0":[3],"1":[2],"2":[1],"3":[2],"4":[1],"5":[2],"6":[1],"7":[2],"8":[1],"9":[1]},"fnMap":{"0":{"name":"sendOtpEmail","decl":{"start":{"line":15,"column":7},"end":{"line":67,"column":1}},"loc":{"start":{"line":15,"column":7},"end":{"line":67,"column":1}},"line":15},"1":{"name":"generateOtp","decl":{"start":{"line":69,"column":0},"end":{"line":71,"column":1}},"loc":{"start":{"line":69,"column":0},"end":{"line":71,"column":1}},"line":69}},"f":{"0":3,"1":1}}
,"C:\\Users\\zubai\\OneDrive\\Desktop\\career-portal\\server\\src\\utils\\validators.ts": {"path":"C:\\Users\\zubai\\OneDrive\\Desktop\\career-portal\\server\\src\\utils\\validators.ts","all":false,"statementMap":{"0":{"start":{"line":1,"column":0},"end":{"line":1,"column":24}},"1":{"start":{"line":2,"column":0},"end":{"line":2,"column":0}},"2":{"start":{"line":3,"column":0},"end":{"line":3,"column":40}},"3":{"start":{"line":4,"column":0},"end":{"line":4,"column":124}},"4":{"start":{"line":5,"column":0},"end":{"line":5,"column":121}},"5":{"start":{"line":6,"column":0},"end":{"line":6,"column":81}},"6":{"start":{"line":7,"column":0},"end":{"line":7,"column":22}},"7":{"start":{"line":8,"column":0},"end":{"line":8,"column":53}},"8":{"start":{"line":9,"column":0},"end":{"line":9,"column":13}},"9":{"start":{"line":10,"column":0},"end":{"line":10,"column":74}},"10":{"start":{"line":11,"column":0},"end":{"line":11,"column":74}},"11":{"start":{"line":12,"column":0},"end":{"line":12,"column":64}},"12":{"start":{"line":13,"column":0},"end":{"line":13,"column":83}},"13":{"start":{"line":14,"column":0},"end":{"line":14,"column":19}},"14":{"start":{"line":15,"column":0},"end":{"line":15,"column":55}},"15":{"start":{"line":16,"column":0},"end":{"line":16,"column":12}},"16":{"start":{"line":17,"column":0},"end":{"line":17,"column":57}},"17":{"start":{"line":18,"column":0},"end":{"line":18,"column":88}},"18":{"start":{"line":19,"column":0},"end":{"line":19,"column":94}},"19":{"start":{"line":20,"column":0},"end":{"line":20,"column":3}},"20":{"start":{"line":21,"column":0},"end":{"line":21,"column":0}},"21":{"start":{"line":22,"column":0},"end":{"line":22,"column":37}},"22":{"start":{"line":23,"column":0},"end":{"line":23,"column":72}},"23":{"start":{"line":24,"column":0},"end":{"line":24,"column":54}},"24":{"start":{"line":25,"column":0},"end":{"line":25,"column":3}},"25":{"start":{"line":26,"column":0},"end":{"line":26,"column":0}},"26":{"start":{"line":27,"column":0},"end":{"line":27,"column":41}},"27":{"start":{"line":28,"column":0},"end":{"line":28,"column":72}},"28":{"start":{"line":29,"column":0},"end":{"line":29,"column":52}},"29":{"start":{"line":30,"column":0},"end":{"line":30,"column":60}},"30":{"start":{"line":31,"column":0},"end":{"line":31,"column":3}},"31":{"start":{"line":32,"column":0},"end":{"line":32,"column":0}},"32":{"start":{"line":33,"column":0},"end":{"line":33,"column":46}},"33":{"start":{"line":34,"column":0},"end":{"line":34,"column":72}},"34":{"start":{"line":35,"column":0},"end":{"line":35,"column":3}},"35":{"start":{"line":36,"column":0},"end":{"line":36,"column":0}},"36":{"start":{"line":37,"column":0},"end":{"line":37,"column":45}},"37":{"start":{"line":38,"column":0},"end":{"line":38,"column":72}},"38":{"start":{"line":39,"column":0},"end":{"line":39,"column":52}},"39":{"start":{"line":40,"column":0},"end":{"line":40,"column":25}},"40":{"start":{"line":41,"column":0},"end":{"line":41,"column":53}},"41":{"start":{"line":42,"column":0},"end":{"line":42,"column":13}},"42":{"start":{"line":43,"column":0},"end":{"line":43,"column":74}},"43":{"start":{"line":44,"column":0},"end":{"line":44,"column":74}},"44":{"start":{"line":45,"column":0},"end":{"line":45,"column":64}},"45":{"start":{"line":46,"column":0},"end":{"line":46,"column":83}},"46":{"start":{"line":47,"column":0},"end":{"line":47,"column":3}},"47":{"start":{"line":48,"column":0},"end":{"line":48,"column":0}},"48":{"start":{"line":49,"column":0},"end":{"line":49,"column":46}},"49":{"start":{"line":50,"column":0},"end":{"line":50,"column":69}},"50":{"start":{"line":51,"column":0},"end":{"line":51,"column":25}},"51":{"start":{"line":52,"column":0},"end":{"line":52,"column":53}},"52":{"start":{"line":53,"column":0},"end":{"line":53,"column":13}},"53":{"start":{"line":54,"column":0},"end":{"line":54,"column":74}},"54":{"start":{"line":55,"column":0},"end":{"line":55,"column":74}},"55":{"start":{"line":56,"column":0},"end":{"line":56,"column":64}},"56":{"start":{"line":57,"column":0},"end":{"line":57,"column":83}},"57":{"start":{"line":58,"column":0},"end":{"line":58,"column":3}},"58":{"start":{"line":59,"column":0},"end":{"line":59,"column":0}},"59":{"start":{"line":60,"column":0},"end":{"line":60,"column":45}},"60":{"start":{"line":61,"column":0},"end":{"line":61,"column":109}},"61":{"start":{"line":62,"column":0},"end":{"line":62,"column":107}},"62":{"start":{"line":63,"column":0},"end":{"line":63,"column":68}},"63":{"start":{"line":64,"column":0},"end":{"line":64,"column":3}}},"s":{"0":1,"1":1,"2":1,"3":1,"4":1,"5":1,"6":1,"7":1,"8":1,"9":1,"10":1,"11":1,"12":1,"13":1,"14":1,"15":1,"16":1,"17":1,"18":1,"19":1,"20":1,"21":1,"22":1,"23":1,"24":1,"25":1,"26":1,"27":1,"28":1,"29":1,"30":1,"31":1,"32":1,"33":1,"34":1,"35":1,"36":1,"37":1,"38":1,"39":1,"40":1,"41":1,"42":1,"43":1,"44":1,"45":1,"46":1,"47":1,"48":1,"49":1,"50":1,"51":1,"52":1,"53":1,"54":1,"55":1,"56":1,"57":1,"58":1,"59":1,"60":1,"61":1,"62":1,"63":1},"branchMap":{},"b":{},"fnMap":{},"f":{}}
}
