TN:
SF:src\config\db.ts
FNF:0
FNH:0
DA:1,1
DA:2,1
DA:3,1
DA:4,1
DA:5,1
DA:6,1
DA:7,1
LF:7
LH:7
BRDA:4,0,0,0
BRF:1
BRH:0
end_of_record
TN:
SF:src\middleware\auth.middleware.ts
FN:9,authMiddleware
FN:31,generateToken
FNF:2
FNH:2
FNDA:4,authMiddleware
FNDA:1,generateToken
DA:1,1
DA:2,1
DA:3,1
DA:4,1
DA:5,1
DA:6,1
DA:7,1
DA:8,1
DA:9,4
DA:10,4
DA:11,4
DA:12,4
DA:13,2
DA:14,2
DA:15,2
DA:16,2
DA:17,2
DA:18,4
DA:19,4
DA:20,4
DA:21,4
DA:22,4
DA:23,4
DA:24,4
DA:25,4
DA:26,4
DA:27,1
DA:28,1
DA:29,4
DA:30,1
DA:31,1
DA:32,1
DA:33,1
DA:34,1
DA:35,1
DA:36,1
DA:37,1
LF:37
LH:37
BRDA:9,0,0,4
BRDA:12,1,0,3
BRDA:12,2,0,2
BRDA:26,3,0,1
BRDA:31,4,0,1
BRF:5
BRH:5
end_of_record
TN:
SF:src\middleware\rateLimiter.ts
FNF:0
FNH:0
DA:1,1
DA:2,1
DA:3,1
DA:4,1
DA:5,1
DA:6,1
DA:7,1
DA:8,1
DA:9,1
DA:10,1
DA:11,1
DA:12,1
DA:13,1
DA:14,1
DA:15,1
DA:16,1
DA:17,1
DA:18,1
DA:19,1
DA:20,1
DA:21,1
DA:22,1
DA:23,1
DA:24,1
DA:25,1
DA:26,1
DA:27,1
DA:28,1
LF:28
LH:28
BRF:0
BRH:0
end_of_record
TN:
SF:src\routes\auth.routes.ts
FNF:0
FNH:0
DA:1,1
DA:2,1
DA:3,1
DA:4,1
DA:5,1
DA:6,1
DA:7,1
DA:8,1
DA:9,1
DA:10,1
DA:11,1
DA:12,1
DA:13,1
DA:14,1
DA:15,1
DA:16,1
DA:17,6
DA:18,6
DA:19,6
DA:20,1
DA:21,1
DA:22,1
DA:23,1
DA:24,5
DA:25,5
DA:26,5
DA:27,6
DA:28,1
DA:29,1
DA:30,1
DA:31,4
DA:32,4
DA:33,4
DA:34,6
DA:35,2
DA:36,1
DA:37,1
DA:38,1
DA:39,1
DA:40,1
DA:41,1
DA:42,1
DA:43,1
DA:44,1
DA:45,1
DA:46,1
DA:47,1
DA:48,1
DA:49,1
DA:50,1
DA:51,1
DA:52,1
DA:53,1
DA:54,1
DA:55,1
DA:56,1
DA:57,1
DA:58,1
DA:59,1
DA:60,1
DA:61,2
DA:62,2
DA:63,2
DA:64,2
DA:65,2
DA:66,2
DA:67,2
DA:68,6
DA:69,1
DA:70,1
DA:71,1
DA:72,1
DA:73,1
DA:74,1
DA:75,1
DA:76,1
DA:77,1
DA:78,1
DA:79,1
DA:80,1
DA:81,1
DA:82,1
DA:83,1
DA:84,1
DA:85,1
DA:86,1
DA:87,1
DA:88,1
DA:89,1
DA:90,1
DA:91,1
DA:92,1
DA:93,1
DA:94,1
DA:95,1
DA:96,1
DA:97,1
DA:98,1
DA:99,1
DA:100,1
DA:101,1
DA:102,1
DA:103,1
DA:104,1
DA:105,1
DA:106,1
DA:107,1
DA:108,1
DA:109,1
DA:110,1
DA:111,1
DA:112,1
DA:113,1
DA:114,1
DA:115,1
DA:116,1
DA:117,1
DA:118,1
DA:119,1
DA:120,1
DA:121,1
DA:122,1
DA:123,1
DA:124,1
DA:125,1
DA:126,1
DA:127,1
DA:128,1
DA:129,1
DA:130,1
DA:131,1
DA:132,1
DA:133,1
DA:134,1
DA:135,1
DA:136,1
DA:137,1
DA:138,1
DA:139,1
DA:140,1
DA:141,1
DA:142,1
DA:143,1
DA:144,1
DA:145,1
DA:146,1
DA:147,1
DA:148,1
DA:149,1
DA:150,1
DA:151,1
DA:152,1
DA:153,1
DA:154,1
DA:155,7
DA:156,7
DA:157,7
DA:158,1
DA:159,1
DA:160,1
DA:161,6
DA:162,6
DA:163,6
DA:164,6
DA:165,7
DA:166,1
DA:167,1
DA:168,1
DA:169,4
DA:170,4
DA:171,4
DA:172,4
DA:173,4
DA:174,4
DA:175,4
DA:176,4
DA:177,4
DA:178,4
DA:179,4
DA:180,4
DA:181,7
DA:182,1
DA:183,1
DA:184,1
DA:185,3
DA:186,3
DA:187,3
DA:188,7
DA:189,1
DA:190,1
DA:191,1
DA:192,2
DA:193,2
DA:194,2
DA:195,2
DA:196,2
DA:197,2
DA:198,2
DA:199,7
DA:200,1
DA:201,1
DA:202,1
DA:203,1
DA:204,1
DA:205,1
DA:206,1
DA:207,1
DA:208,1
DA:209,1
DA:210,1
DA:211,1
DA:212,1
DA:213,1
DA:214,1
DA:215,1
DA:216,1
DA:217,1
DA:218,1
DA:219,1
DA:220,1
DA:221,1
DA:222,1
DA:223,1
DA:224,1
DA:225,1
DA:226,1
DA:227,1
DA:228,1
DA:229,1
DA:230,1
DA:231,1
DA:232,1
DA:233,1
DA:234,1
DA:235,1
DA:236,1
DA:237,1
DA:238,1
DA:239,1
DA:240,1
DA:241,1
DA:242,1
DA:243,1
DA:244,1
DA:245,7
DA:246,1
DA:247,1
DA:248,1
DA:249,1
DA:250,1
DA:251,1
DA:252,1
DA:253,9
DA:254,9
DA:255,9
DA:256,1
DA:257,1
DA:258,1
DA:259,8
DA:260,8
DA:261,8
DA:262,8
DA:263,9
DA:264,1
DA:265,1
DA:266,1
DA:267,6
DA:268,6
DA:269,9
DA:270,1
DA:271,1
DA:272,1
DA:273,1
DA:274,5
DA:275,5
DA:276,9
DA:277,1
DA:278,1
DA:279,1
DA:280,4
DA:281,9
DA:282,1
DA:283,1
DA:284,1
DA:285,3
DA:286,3
DA:287,3
DA:288,9
DA:289,2
DA:290,2
DA:291,2
DA:292,2
DA:293,2
DA:294,2
DA:295,1
DA:296,1
DA:297,1
DA:298,2
DA:299,2
DA:300,2
DA:301,2
DA:302,2
DA:303,2
DA:304,2
DA:305,1
DA:306,1
DA:307,1
DA:308,1
DA:309,2
DA:310,2
DA:311,1
DA:312,1
DA:313,1
DA:314,1
DA:315,1
DA:316,1
DA:317,1
DA:318,1
DA:319,1
DA:320,1
DA:321,1
DA:322,1
DA:323,1
DA:324,1
DA:325,1
DA:326,1
DA:327,1
DA:328,1
DA:329,1
DA:330,1
DA:331,1
DA:332,1
DA:333,1
DA:334,1
DA:335,1
DA:336,1
DA:337,1
DA:338,4
DA:339,4
DA:340,4
DA:341,1
DA:342,1
DA:343,1
DA:344,3
DA:345,3
DA:346,3
DA:347,3
DA:348,4
DA:349,1
DA:350,1
DA:351,1
DA:352,1
DA:353,1
DA:354,1
DA:355,1
DA:356,1
DA:357,1
DA:358,1
DA:359,1
DA:360,1
DA:361,1
DA:362,1
DA:363,1
DA:364,1
DA:365,1
DA:366,1
DA:367,1
DA:368,1
DA:369,1
DA:370,1
DA:371,1
DA:372,1
DA:373,1
DA:374,1
DA:375,1
DA:376,1
DA:377,1
DA:378,1
DA:379,1
DA:380,1
DA:381,1
DA:382,1
DA:383,6
DA:384,6
DA:385,6
DA:386,1
DA:387,1
DA:388,1
DA:389,1
DA:390,5
DA:391,5
DA:392,5
DA:393,5
DA:394,6
DA:395,1
DA:396,1
DA:397,1
DA:398,3
DA:399,3
DA:400,3
DA:401,3
DA:402,3
DA:403,3
DA:404,3
DA:405,3
DA:406,3
DA:407,3
DA:408,3
DA:409,3
DA:410,6
DA:411,1
DA:412,1
DA:413,1
DA:414,2
DA:415,2
DA:416,6
DA:417,1
DA:418,1
DA:419,1
DA:420,1
DA:421,1
DA:422,1
DA:423,1
DA:424,1
DA:425,1
DA:426,1
DA:427,1
DA:428,1
DA:429,1
DA:430,1
DA:431,1
DA:432,1
DA:433,1
DA:434,1
DA:435,1
DA:436,1
DA:437,1
DA:438,1
DA:439,1
DA:440,1
DA:441,1
DA:442,5
DA:443,5
DA:444,5
DA:445,1
DA:446,1
DA:447,1
DA:448,4
DA:449,4
DA:450,5
DA:451,1
DA:452,1
DA:453,1
DA:454,2
DA:455,2
DA:456,2
DA:457,2
DA:458,2
DA:459,2
DA:460,2
DA:461,2
DA:462,2
DA:463,2
DA:464,2
DA:465,2
DA:466,2
DA:467,2
DA:468,2
DA:469,2
DA:470,2
DA:471,2
DA:472,2
DA:473,5
DA:474,5
DA:475,2
DA:476,2
DA:477,5
DA:478,1
DA:479,1
DA:480,1
DA:481,1
DA:482,1
DA:483,1
DA:484,1
DA:485,3
DA:486,3
DA:487,3
DA:488,3
DA:489,3
DA:490,3
DA:491,3
DA:492,3
DA:493,3
DA:494,3
DA:495,3
DA:496,3
DA:497,3
DA:498,2
DA:499,3
DA:500,1
DA:501,1
DA:502,1
DA:503,1
DA:504,1
DA:505,1
DA:506,1
DA:507,1
DA:508,1
DA:509,1
DA:510,1
DA:511,1
LF:511
LH:511
BRDA:16,0,0,6
BRDA:19,1,0,1
BRDA:24,2,0,5
BRDA:27,3,0,1
BRDA:31,4,0,4
BRDA:34,5,0,2
BRDA:35,6,0,1
BRDA:68,7,0,1
BRDA:20,8,0,5
BRDA:85,9,0,1
BRDA:154,10,0,7
BRDA:157,11,0,1
BRDA:161,12,0,6
BRDA:165,13,0,5
BRDA:165,14,0,1
BRDA:169,15,0,4
BRDA:181,16,0,1
BRDA:185,17,0,3
BRDA:188,18,0,1
BRDA:192,19,0,2
BRDA:199,20,0,1
BRDA:245,21,0,1
BRDA:252,22,0,9
BRDA:255,23,0,1
BRDA:259,24,0,8
BRDA:263,25,0,7
BRDA:263,26,0,1
BRDA:267,27,0,6
BRDA:269,28,0,1
BRDA:269,29,0,1
BRDA:274,30,0,5
BRDA:276,31,0,1
BRDA:280,32,0,4
BRDA:281,33,0,1
BRDA:285,34,0,3
BRDA:288,35,0,2
BRDA:294,36,0,1
BRDA:304,37,0,1
BRDA:311,38,0,1
BRDA:337,39,0,4
BRDA:340,40,0,1
BRDA:344,41,0,3
BRDA:348,42,0,2
BRDA:348,43,0,1
BRDA:382,44,0,6
BRDA:385,45,0,1
BRDA:390,46,0,5
BRDA:394,47,0,4
BRDA:394,48,0,1
BRDA:398,49,0,3
BRDA:410,50,0,1
BRDA:414,51,0,2
BRDA:416,52,0,1
BRDA:386,53,0,3
BRDA:441,54,0,5
BRDA:444,55,0,4
BRDA:444,56,0,1
BRDA:448,57,0,4
BRDA:450,58,0,3
BRDA:450,59,0,1
BRDA:454,60,0,2
BRDA:473,61,0,1
BRDA:473,62,0,1
BRDA:475,63,0,2
BRDA:477,64,0,1
BRDA:484,65,0,3
BRDA:498,66,0,2
BRDA:499,67,0,1
BRF:68
BRH:68
end_of_record
TN:
SF:src\routes\job.routes.ts
FNF:0
FNH:0
DA:1,1
DA:2,1
DA:3,1
DA:4,1
DA:5,1
DA:6,1
DA:7,1
DA:8,4
DA:9,4
DA:10,4
DA:11,4
DA:12,4
DA:13,4
DA:14,4
DA:15,4
DA:16,4
DA:17,4
DA:18,1
DA:19,1
DA:20,1
DA:21,1
DA:22,4
DA:23,4
DA:24,1
DA:25,1
DA:26,1
DA:27,1
DA:28,4
DA:29,4
DA:30,4
DA:31,4
DA:32,4
DA:33,4
DA:34,4
DA:35,4
DA:36,4
DA:37,4
DA:38,4
DA:39,4
DA:40,4
DA:41,4
DA:42,4
DA:43,4
DA:44,4
DA:45,3
DA:46,3
DA:47,4
DA:48,1
DA:49,1
DA:50,1
DA:51,1
DA:52,1
DA:53,1
DA:54,1
DA:55,3
DA:56,3
DA:57,3
DA:58,3
DA:59,3
DA:60,3
DA:61,3
DA:62,3
DA:63,3
DA:64,3
DA:65,3
DA:66,3
DA:67,3
DA:68,3
DA:69,3
DA:70,3
DA:71,3
DA:72,3
DA:73,2
DA:74,3
DA:75,1
DA:76,1
DA:77,1
DA:78,1
DA:79,1
DA:80,1
DA:81,1
DA:82,1
DA:83,1
DA:84,1
DA:85,1
DA:86,1
DA:87,1
DA:88,2
DA:89,2
DA:90,2
DA:91,2
DA:92,1
DA:93,1
DA:94,1
DA:95,1
DA:96,1
DA:97,1
DA:98,1
DA:99,1
LF:99
LH:99
BRDA:7,0,0,4
BRDA:17,1,0,1
BRDA:17,2,0,1
BRDA:23,3,0,1
BRDA:45,4,0,3
BRDA:47,5,0,1
BRDA:54,6,0,3
BRDA:73,7,0,2
BRDA:74,8,0,1
BRDA:87,9,0,2
BRDA:92,10,0,1
BRF:11
BRH:11
end_of_record
TN:
SF:src\routes\upload.routes.ts
FN:27,fileFilter
FNF:1
FNH:1
FNDA:8,fileFilter
DA:1,1
DA:2,1
DA:3,1
DA:4,1
DA:5,1
DA:6,1
DA:7,1
DA:8,1
DA:9,1
DA:10,1
DA:11,1
DA:12,1
DA:13,1
DA:14,1
DA:15,1
DA:16,1
DA:17,1
DA:18,1
DA:19,1
DA:20,1
DA:21,1
DA:22,1
DA:23,1
DA:24,1
DA:25,1
DA:26,1
DA:27,1
DA:28,8
DA:29,8
DA:30,7
DA:31,8
DA:32,1
DA:33,1
DA:34,1
DA:35,1
DA:36,1
DA:37,1
DA:38,1
DA:39,1
DA:40,1
DA:41,1
DA:42,1
DA:43,6
DA:44,6
DA:45,2
DA:46,1
DA:47,1
DA:48,1
DA:49,1
DA:50,1
DA:51,1
DA:52,6
DA:53,1
DA:54,1
DA:55,1
DA:56,3
DA:57,6
DA:58,6
DA:59,1
DA:60,3
DA:61,3
DA:62,1
DA:63,1
DA:64,1
DA:65,2
DA:66,2
DA:67,2
DA:68,2
DA:69,2
DA:70,2
DA:71,3
DA:72,1
DA:73,1
DA:74,1
DA:75,1
DA:76,1
DA:77,1
DA:78,1
DA:79,1
DA:80,1
DA:81,1
DA:82,1
DA:83,1
DA:84,1
DA:85,1
DA:86,1
DA:87,1
DA:88,1
DA:89,1
DA:90,1
DA:91,1
DA:92,1
DA:93,1
DA:94,1
DA:95,3
DA:96,1
DA:97,1
DA:98,1
LF:98
LH:98
BRDA:27,0,0,8
BRDA:29,1,0,7
BRDA:31,2,0,1
BRDA:42,3,0,6
BRDA:43,4,0,6
BRDA:44,5,0,2
BRDA:45,6,0,1
BRDA:52,7,0,4
BRDA:52,8,0,1
BRDA:56,9,0,3
BRDA:59,10,0,3
BRDA:61,11,0,1
BRDA:65,12,0,2
BRDA:71,13,0,1
BRF:14
BRH:14
end_of_record
TN:
SF:src\utils\email.ts
FN:15,sendOtpEmail
FN:69,generateOtp
FNF:2
FNH:2
FNDA:3,sendOtpEmail
FNDA:1,generateOtp
DA:1,1
DA:2,1
DA:3,1
DA:4,1
DA:5,1
DA:6,1
DA:7,1
DA:8,1
DA:9,1
DA:10,1
DA:11,1
DA:12,1
DA:13,1
DA:14,1
DA:15,1
DA:16,3
DA:17,3
DA:18,3
DA:19,3
DA:20,3
DA:21,3
DA:22,3
DA:23,3
DA:24,3
DA:25,3
DA:26,3
DA:27,3
DA:28,3
DA:29,3
DA:30,3
DA:31,3
DA:32,3
DA:33,3
DA:34,3
DA:35,3
DA:36,3
DA:37,3
DA:38,3
DA:39,3
DA:40,3
DA:41,3
DA:42,3
DA:43,3
DA:44,3
DA:45,3
DA:46,3
DA:47,3
DA:48,3
DA:49,3
DA:50,3
DA:51,3
DA:52,3
DA:53,3
DA:54,3
DA:55,3
DA:56,3
DA:57,3
DA:58,3
DA:59,3
DA:60,3
DA:61,2
DA:62,3
DA:63,1
DA:64,1
DA:65,1
DA:66,1
DA:67,3
DA:68,1
DA:69,1
DA:70,1
DA:71,1
LF:71
LH:71
BRDA:15,0,0,3
BRDA:17,1,0,2
BRDA:18,2,0,1
BRDA:28,3,0,2
BRDA:28,4,0,1
BRDA:32,5,0,2
BRDA:33,6,0,1
BRDA:61,7,0,2
BRDA:62,8,0,1
BRDA:69,9,0,1
BRF:10
BRH:10
end_of_record
TN:
SF:src\utils\validators.ts
FNF:0
FNH:0
DA:1,1
DA:2,1
DA:3,1
DA:4,1
DA:5,1
DA:6,1
DA:7,1
DA:8,1
DA:9,1
DA:10,1
DA:11,1
DA:12,1
DA:13,1
DA:14,1
DA:15,1
DA:16,1
DA:17,1
DA:18,1
DA:19,1
DA:20,1
DA:21,1
DA:22,1
DA:23,1
DA:24,1
DA:25,1
DA:26,1
DA:27,1
DA:28,1
DA:29,1
DA:30,1
DA:31,1
DA:32,1
DA:33,1
DA:34,1
DA:35,1
DA:36,1
DA:37,1
DA:38,1
DA:39,1
DA:40,1
DA:41,1
DA:42,1
DA:43,1
DA:44,1
DA:45,1
DA:46,1
DA:47,1
DA:48,1
DA:49,1
DA:50,1
DA:51,1
DA:52,1
DA:53,1
DA:54,1
DA:55,1
DA:56,1
DA:57,1
DA:58,1
DA:59,1
DA:60,1
DA:61,1
DA:62,1
DA:63,1
DA:64,1
LF:64
LH:64
BRF:0
BRH:0
end_of_record
