{"C:\\Users\\zubai\\OneDrive\\Desktop\\career-portal\\client\\src\\App.jsx": {"path":"C:\\Users\\zubai\\OneDrive\\Desktop\\career-portal\\client\\src\\App.jsx","all":false,"statementMap":{"0":{"start":{"line":1,"column":0},"end":{"line":1,"column":74}},"1":{"start":{"line":2,"column":0},"end":{"line":2,"column":42}},"2":{"start":{"line":3,"column":0},"end":{"line":3,"column":53}},"3":{"start":{"line":4,"column":0},"end":{"line":4,"column":57}},"4":{"start":{"line":5,"column":0},"end":{"line":5,"column":41}},"5":{"start":{"line":6,"column":0},"end":{"line":6,"column":34}},"6":{"start":{"line":7,"column":0},"end":{"line":7,"column":40}},"7":{"start":{"line":8,"column":0},"end":{"line":8,"column":42}},"8":{"start":{"line":9,"column":0},"end":{"line":9,"column":52}},"9":{"start":{"line":10,"column":0},"end":{"line":10,"column":50}},"10":{"start":{"line":11,"column":0},"end":{"line":11,"column":42}},"11":{"start":{"line":12,"column":0},"end":{"line":12,"column":46}},"12":{"start":{"line":13,"column":0},"end":{"line":13,"column":40}},"13":{"start":{"line":14,"column":0},"end":{"line":14,"column":32}},"14":{"start":{"line":15,"column":0},"end":{"line":15,"column":21}},"15":{"start":{"line":16,"column":0},"end":{"line":16,"column":0}},"16":{"start":{"line":17,"column":0},"end":{"line":17,"column":16}},"17":{"start":{"line":18,"column":0},"end":{"line":18,"column":10}},"18":{"start":{"line":19,"column":0},"end":{"line":19,"column":18}},"19":{"start":{"line":20,"column":0},"end":{"line":20,"column":21}},"20":{"start":{"line":21,"column":0},"end":{"line":21,"column":16}},"21":{"start":{"line":22,"column":0},"end":{"line":22,"column":30}},"22":{"start":{"line":23,"column":0},"end":{"line":23,"column":25}},"23":{"start":{"line":24,"column":0},"end":{"line":24,"column":27}},"24":{"start":{"line":25,"column":0},"end":{"line":25,"column":20}},"25":{"start":{"line":26,"column":0},"end":{"line":26,"column":36}},"26":{"start":{"line":27,"column":0},"end":{"line":27,"column":31}},"27":{"start":{"line":28,"column":0},"end":{"line":28,"column":39}},"28":{"start":{"line":29,"column":0},"end":{"line":29,"column":35}},"29":{"start":{"line":30,"column":0},"end":{"line":30,"column":31}},"30":{"start":{"line":31,"column":0},"end":{"line":31,"column":46}},"31":{"start":{"line":32,"column":0},"end":{"line":32,"column":35}},"32":{"start":{"line":33,"column":0},"end":{"line":33,"column":54}},"33":{"start":{"line":34,"column":0},"end":{"line":34,"column":14}},"34":{"start":{"line":35,"column":0},"end":{"line":35,"column":22}},"35":{"start":{"line":36,"column":0},"end":{"line":36,"column":70}},"36":{"start":{"line":37,"column":0},"end":{"line":37,"column":14}},"37":{"start":{"line":38,"column":0},"end":{"line":38,"column":20}},"38":{"start":{"line":39,"column":0},"end":{"line":39,"column":70}},"39":{"start":{"line":40,"column":0},"end":{"line":40,"column":29}},"40":{"start":{"line":41,"column":0},"end":{"line":41,"column":14}},"41":{"start":{"line":42,"column":0},"end":{"line":42,"column":12}},"42":{"start":{"line":43,"column":0},"end":{"line":43,"column":10}},"43":{"start":{"line":44,"column":0},"end":{"line":44,"column":18}},"44":{"start":{"line":45,"column":0},"end":{"line":45,"column":16}},"45":{"start":{"line":46,"column":0},"end":{"line":46,"column":31}},"46":{"start":{"line":47,"column":0},"end":{"line":47,"column":53}},"47":{"start":{"line":48,"column":0},"end":{"line":48,"column":59}},"48":{"start":{"line":49,"column":0},"end":{"line":49,"column":62}},"49":{"start":{"line":50,"column":0},"end":{"line":50,"column":72}},"50":{"start":{"line":51,"column":0},"end":{"line":51,"column":70}},"51":{"start":{"line":52,"column":0},"end":{"line":52,"column":0}},"52":{"start":{"line":53,"column":0},"end":{"line":53,"column":34}},"53":{"start":{"line":54,"column":0},"end":{"line":54,"column":94}},"54":{"start":{"line":55,"column":0},"end":{"line":55,"column":84}},"55":{"start":{"line":56,"column":0},"end":{"line":56,"column":100}},"56":{"start":{"line":57,"column":0},"end":{"line":57,"column":92}},"57":{"start":{"line":58,"column":0},"end":{"line":58,"column":0}},"58":{"start":{"line":59,"column":0},"end":{"line":59,"column":34}},"59":{"start":{"line":60,"column":0},"end":{"line":60,"column":75}},"60":{"start":{"line":61,"column":0},"end":{"line":61,"column":75}},"61":{"start":{"line":62,"column":0},"end":{"line":62,"column":17}},"62":{"start":{"line":63,"column":0},"end":{"line":63,"column":22}},"63":{"start":{"line":64,"column":0},"end":{"line":64,"column":19}},"64":{"start":{"line":65,"column":0},"end":{"line":65,"column":4}},"65":{"start":{"line":66,"column":0},"end":{"line":66,"column":1}},"66":{"start":{"line":67,"column":0},"end":{"line":67,"column":0}},"67":{"start":{"line":68,"column":0},"end":{"line":68,"column":19}}},"s":{"0":1,"1":1,"2":1,"3":1,"4":1,"5":1,"6":1,"7":1,"8":1,"9":1,"10":1,"11":1,"12":1,"13":1,"14":1,"15":1,"16":1,"17":1,"18":1,"19":1,"20":1,"21":1,"22":1,"23":1,"24":1,"25":1,"26":1,"27":1,"28":1,"29":1,"30":1,"31":1,"32":1,"33":1,"34":1,"35":1,"36":1,"37":1,"38":1,"39":1,"40":1,"41":1,"42":1,"43":1,"44":1,"45":1,"46":1,"47":1,"48":1,"49":1,"50":1,"51":1,"52":1,"53":1,"54":1,"55":1,"56":1,"57":1,"58":1,"59":1,"60":1,"61":1,"62":1,"63":1,"64":1,"65":1,"66":1,"67":1},"branchMap":{"0":{"type":"branch","line":17,"loc":{"start":{"line":17,"column":0},"end":{"line":66,"column":1}},"locations":[{"start":{"line":17,"column":0},"end":{"line":66,"column":1}}]}},"b":{"0":[1]},"fnMap":{"0":{"name":"App","decl":{"start":{"line":17,"column":0},"end":{"line":66,"column":1}},"loc":{"start":{"line":17,"column":0},"end":{"line":66,"column":1}},"line":17}},"f":{"0":1}}
,"C:\\Users\\zubai\\OneDrive\\Desktop\\career-portal\\client\\src\\main.jsx": {"path":"C:\\Users\\zubai\\OneDrive\\Desktop\\career-portal\\client\\src\\main.jsx","all":false,"statementMap":{"0":{"start":{"line":1,"column":0},"end":{"line":1,"column":34}},"1":{"start":{"line":2,"column":0},"end":{"line":2,"column":45}},"2":{"start":{"line":3,"column":0},"end":{"line":3,"column":27}},"3":{"start":{"line":4,"column":0},"end":{"line":4,"column":20}},"4":{"start":{"line":5,"column":0},"end":{"line":5,"column":0}},"5":{"start":{"line":6,"column":0},"end":{"line":6,"column":54}},"6":{"start":{"line":7,"column":0},"end":{"line":7,"column":47}},"7":{"start":{"line":8,"column":0},"end":{"line":8,"column":49}},"8":{"start":{"line":9,"column":0},"end":{"line":9,"column":34}},"9":{"start":{"line":10,"column":0},"end":{"line":10,"column":3}},"10":{"start":{"line":11,"column":0},"end":{"line":11,"column":3}},"11":{"start":{"line":12,"column":0},"end":{"line":12,"column":0}},"12":{"start":{"line":13,"column":0},"end":{"line":13,"column":51}},"13":{"start":{"line":14,"column":0},"end":{"line":14,"column":14}},"14":{"start":{"line":15,"column":0},"end":{"line":15,"column":11}},"15":{"start":{"line":16,"column":0},"end":{"line":16,"column":16}},"16":{"start":{"line":17,"column":0},"end":{"line":17,"column":1}}},"s":{"0":1,"1":1,"2":1,"3":1,"4":1,"5":1,"6":1,"7":2,"8":1,"9":1,"10":1,"11":1,"12":1,"13":1,"14":1,"15":1,"16":1},"branchMap":{"0":{"type":"branch","line":7,"loc":{"start":{"line":7,"column":36},"end":{"line":11,"column":2}},"locations":[{"start":{"line":7,"column":36},"end":{"line":11,"column":2}}]},"1":{"type":"branch","line":8,"loc":{"start":{"line":8,"column":48},"end":{"line":10,"column":3}},"locations":[{"start":{"line":8,"column":48},"end":{"line":10,"column":3}}]}},"b":{"0":[2],"1":[1]},"fnMap":{},"f":{}}
,"C:\\Users\\zubai\\OneDrive\\Desktop\\career-portal\\client\\src\\components\\Navbar.jsx": {"path":"C:\\Users\\zubai\\OneDrive\\Desktop\\career-portal\\client\\src\\components\\Navbar.jsx","all":false,"statementMap":{"0":{"start":{"line":1,"column":0},"end":{"line":1,"column":33}},"1":{"start":{"line":2,"column":0},"end":{"line":2,"column":66}},"2":{"start":{"line":3,"column":0},"end":{"line":3,"column":49}},"3":{"start":{"line":4,"column":0},"end":{"line":4,"column":91}},"4":{"start":{"line":5,"column":0},"end":{"line":5,"column":22}},"5":{"start":{"line":6,"column":0},"end":{"line":6,"column":0}},"6":{"start":{"line":7,"column":0},"end":{"line":7,"column":34}},"7":{"start":{"line":8,"column":0},"end":{"line":8,"column":37}},"8":{"start":{"line":9,"column":0},"end":{"line":9,"column":33}},"9":{"start":{"line":10,"column":0},"end":{"line":10,"column":33}},"10":{"start":{"line":11,"column":0},"end":{"line":11,"column":50}},"11":{"start":{"line":12,"column":0},"end":{"line":12,"column":58}},"12":{"start":{"line":13,"column":0},"end":{"line":13,"column":0}},"13":{"start":{"line":14,"column":0},"end":{"line":14,"column":30}},"14":{"start":{"line":15,"column":0},"end":{"line":15,"column":13}},"15":{"start":{"line":16,"column":0},"end":{"line":16,"column":23}},"16":{"start":{"line":17,"column":0},"end":{"line":17,"column":23}},"17":{"start":{"line":18,"column":0},"end":{"line":18,"column":4}},"18":{"start":{"line":19,"column":0},"end":{"line":19,"column":0}},"19":{"start":{"line":20,"column":0},"end":{"line":20,"column":64}},"20":{"start":{"line":21,"column":0},"end":{"line":21,"column":0}},"21":{"start":{"line":22,"column":0},"end":{"line":22,"column":10}},"22":{"start":{"line":23,"column":0},"end":{"line":23,"column":28}},"23":{"start":{"line":24,"column":0},"end":{"line":24,"column":46}},"24":{"start":{"line":25,"column":0},"end":{"line":25,"column":74}},"25":{"start":{"line":26,"column":0},"end":{"line":26,"column":110}},"26":{"start":{"line":27,"column":0},"end":{"line":27,"column":9}},"27":{"start":{"line":28,"column":0},"end":{"line":28,"column":14}},"28":{"start":{"line":29,"column":0},"end":{"line":29,"column":43}},"29":{"start":{"line":30,"column":0},"end":{"line":30,"column":32}},"30":{"start":{"line":31,"column":0},"end":{"line":31,"column":113}},"31":{"start":{"line":32,"column":0},"end":{"line":32,"column":12}},"32":{"start":{"line":33,"column":0},"end":{"line":33,"column":70}},"33":{"start":{"line":34,"column":0},"end":{"line":34,"column":87}},"34":{"start":{"line":35,"column":0},"end":{"line":35,"column":16}},"35":{"start":{"line":36,"column":0},"end":{"line":36,"column":15}},"36":{"start":{"line":37,"column":0},"end":{"line":37,"column":0}},"37":{"start":{"line":38,"column":0},"end":{"line":38,"column":18}},"38":{"start":{"line":39,"column":0},"end":{"line":39,"column":12}},"39":{"start":{"line":40,"column":0},"end":{"line":40,"column":70}},"40":{"start":{"line":41,"column":0},"end":{"line":41,"column":47}},"41":{"start":{"line":42,"column":0},"end":{"line":42,"column":18}},"42":{"start":{"line":43,"column":0},"end":{"line":43,"column":23}},"43":{"start":{"line":44,"column":0},"end":{"line":44,"column":35}},"44":{"start":{"line":45,"column":0},"end":{"line":45,"column":84}},"45":{"start":{"line":46,"column":0},"end":{"line":46,"column":54}},"46":{"start":{"line":47,"column":0},"end":{"line":47,"column":19}},"47":{"start":{"line":48,"column":0},"end":{"line":48,"column":49}},"48":{"start":{"line":49,"column":0},"end":{"line":49,"column":42}},"49":{"start":{"line":50,"column":0},"end":{"line":50,"column":25}},"50":{"start":{"line":51,"column":0},"end":{"line":51,"column":23}},"51":{"start":{"line":52,"column":0},"end":{"line":52,"column":30}},"52":{"start":{"line":53,"column":0},"end":{"line":53,"column":79}},"53":{"start":{"line":54,"column":0},"end":{"line":54,"column":54}},"54":{"start":{"line":55,"column":0},"end":{"line":55,"column":19}},"55":{"start":{"line":56,"column":0},"end":{"line":56,"column":43}},"56":{"start":{"line":57,"column":0},"end":{"line":57,"column":37}},"57":{"start":{"line":58,"column":0},"end":{"line":58,"column":25}},"58":{"start":{"line":59,"column":0},"end":{"line":59,"column":19}},"59":{"start":{"line":60,"column":0},"end":{"line":60,"column":16}},"60":{"start":{"line":61,"column":0},"end":{"line":61,"column":50}},"61":{"start":{"line":62,"column":0},"end":{"line":62,"column":23}},"62":{"start":{"line":63,"column":0},"end":{"line":63,"column":38}},"63":{"start":{"line":64,"column":0},"end":{"line":64,"column":64}},"64":{"start":{"line":65,"column":0},"end":{"line":65,"column":78}},"65":{"start":{"line":66,"column":0},"end":{"line":66,"column":47}},"66":{"start":{"line":67,"column":0},"end":{"line":67,"column":17}},"67":{"start":{"line":68,"column":0},"end":{"line":68,"column":51}},"68":{"start":{"line":69,"column":0},"end":{"line":69,"column":61}},"69":{"start":{"line":70,"column":0},"end":{"line":70,"column":24}},"70":{"start":{"line":71,"column":0},"end":{"line":71,"column":49}},"71":{"start":{"line":72,"column":0},"end":{"line":72,"column":91}},"72":{"start":{"line":73,"column":0},"end":{"line":73,"column":72}},"73":{"start":{"line":74,"column":0},"end":{"line":74,"column":24}},"74":{"start":{"line":75,"column":0},"end":{"line":75,"column":25}},"75":{"start":{"line":76,"column":0},"end":{"line":76,"column":0}},"76":{"start":{"line":77,"column":0},"end":{"line":77,"column":34}},"77":{"start":{"line":78,"column":0},"end":{"line":78,"column":48}},"78":{"start":{"line":79,"column":0},"end":{"line":79,"column":53}},"79":{"start":{"line":80,"column":0},"end":{"line":80,"column":24}},"80":{"start":{"line":81,"column":0},"end":{"line":81,"column":76}},"81":{"start":{"line":82,"column":0},"end":{"line":82,"column":52}},"82":{"start":{"line":83,"column":0},"end":{"line":83,"column":31}},"83":{"start":{"line":84,"column":0},"end":{"line":84,"column":71}},"84":{"start":{"line":85,"column":0},"end":{"line":85,"column":57}},"85":{"start":{"line":86,"column":0},"end":{"line":86,"column":31}},"86":{"start":{"line":87,"column":0},"end":{"line":87,"column":25}},"87":{"start":{"line":88,"column":0},"end":{"line":88,"column":22}},"88":{"start":{"line":89,"column":0},"end":{"line":89,"column":88}},"89":{"start":{"line":90,"column":0},"end":{"line":90,"column":49}},"90":{"start":{"line":91,"column":0},"end":{"line":91,"column":29}},"91":{"start":{"line":92,"column":0},"end":{"line":92,"column":24}},"92":{"start":{"line":93,"column":0},"end":{"line":93,"column":18}},"93":{"start":{"line":94,"column":0},"end":{"line":94,"column":20}},"94":{"start":{"line":95,"column":0},"end":{"line":95,"column":18}},"95":{"start":{"line":96,"column":0},"end":{"line":96,"column":0}},"96":{"start":{"line":97,"column":0},"end":{"line":97,"column":19}},"97":{"start":{"line":98,"column":0},"end":{"line":98,"column":39}},"98":{"start":{"line":99,"column":0},"end":{"line":99,"column":52}},"99":{"start":{"line":100,"column":0},"end":{"line":100,"column":38}},"100":{"start":{"line":101,"column":0},"end":{"line":101,"column":13}},"101":{"start":{"line":102,"column":0},"end":{"line":102,"column":63}},"102":{"start":{"line":103,"column":0},"end":{"line":103,"column":21}},"103":{"start":{"line":104,"column":0},"end":{"line":104,"column":13}},"104":{"start":{"line":105,"column":0},"end":{"line":105,"column":10}},"105":{"start":{"line":106,"column":0},"end":{"line":106,"column":0}},"106":{"start":{"line":107,"column":0},"end":{"line":107,"column":19}},"107":{"start":{"line":108,"column":0},"end":{"line":108,"column":39}},"108":{"start":{"line":109,"column":0},"end":{"line":109,"column":76}},"109":{"start":{"line":110,"column":0},"end":{"line":110,"column":82}},"110":{"start":{"line":111,"column":0},"end":{"line":111,"column":16}},"111":{"start":{"line":112,"column":0},"end":{"line":112,"column":10}},"112":{"start":{"line":113,"column":0},"end":{"line":113,"column":12}},"113":{"start":{"line":114,"column":0},"end":{"line":114,"column":10}},"114":{"start":{"line":115,"column":0},"end":{"line":115,"column":4}},"115":{"start":{"line":116,"column":0},"end":{"line":116,"column":1}}},"s":{"0":1,"1":1,"2":1,"3":1,"4":1,"5":1,"6":1,"7":16,"8":16,"9":16,"10":16,"11":16,"12":16,"13":16,"14":1,"15":1,"16":1,"17":16,"18":16,"19":16,"20":16,"21":16,"22":16,"23":16,"24":16,"25":16,"26":16,"27":16,"28":16,"29":16,"30":16,"31":16,"32":16,"33":16,"34":16,"35":16,"36":16,"37":16,"38":15,"39":15,"40":15,"41":15,"42":15,"43":15,"44":15,"45":15,"46":15,"47":15,"48":15,"49":15,"50":15,"51":15,"52":15,"53":15,"54":15,"55":15,"56":15,"57":15,"58":15,"59":15,"60":15,"61":15,"62":15,"63":15,"64":15,"65":15,"66":15,"67":15,"68":15,"69":15,"70":15,"71":15,"72":15,"73":15,"74":15,"75":15,"76":15,"77":3,"78":3,"79":3,"80":3,"81":3,"82":3,"83":3,"84":3,"85":3,"86":3,"87":3,"88":3,"89":3,"90":3,"91":3,"92":15,"93":15,"94":15,"95":15,"96":15,"97":15,"98":15,"99":15,"100":15,"101":15,"102":15,"103":15,"104":16,"105":16,"106":16,"107":1,"108":1,"109":1,"110":1,"111":16,"112":16,"113":16,"114":16,"115":16},"branchMap":{"0":{"type":"branch","line":7,"loc":{"start":{"line":7,"column":15},"end":{"line":116,"column":1}},"locations":[{"start":{"line":7,"column":15},"end":{"line":116,"column":1}}]},"1":{"type":"branch","line":25,"loc":{"start":{"line":25,"column":22},"end":{"line":25,"column":37}},"locations":[{"start":{"line":25,"column":22},"end":{"line":25,"column":37}}]},"2":{"type":"branch","line":25,"loc":{"start":{"line":25,"column":37},"end":{"line":25,"column":49}},"locations":[{"start":{"line":25,"column":37},"end":{"line":25,"column":49}}]},"3":{"type":"branch","line":38,"loc":{"start":{"line":38,"column":13},"end":{"line":104,"column":13}},"locations":[{"start":{"line":38,"column":13},"end":{"line":104,"column":13}}]},"4":{"type":"branch","line":40,"loc":{"start":{"line":40,"column":52},"end":{"line":40,"column":61}},"locations":[{"start":{"line":40,"column":52},"end":{"line":40,"column":61}}]},"5":{"type":"branch","line":40,"loc":{"start":{"line":40,"column":61},"end":{"line":40,"column":66}},"locations":[{"start":{"line":40,"column":61},"end":{"line":40,"column":66}}]},"6":{"type":"branch","line":45,"loc":{"start":{"line":45,"column":65},"end":{"line":45,"column":76}},"locations":[{"start":{"line":45,"column":65},"end":{"line":45,"column":76}}]},"7":{"type":"branch","line":45,"loc":{"start":{"line":45,"column":76},"end":{"line":45,"column":81}},"locations":[{"start":{"line":45,"column":76},"end":{"line":45,"column":81}}]},"8":{"type":"branch","line":53,"loc":{"start":{"line":53,"column":60},"end":{"line":53,"column":71}},"locations":[{"start":{"line":53,"column":60},"end":{"line":53,"column":71}}]},"9":{"type":"branch","line":53,"loc":{"start":{"line":53,"column":71},"end":{"line":53,"column":76}},"locations":[{"start":{"line":53,"column":71},"end":{"line":53,"column":76}}]},"10":{"type":"branch","line":77,"loc":{"start":{"line":77,"column":29},"end":{"line":92,"column":24}},"locations":[{"start":{"line":77,"column":29},"end":{"line":92,"column":24}}]},"11":{"type":"branch","line":102,"loc":{"start":{"line":102,"column":23},"end":{"line":102,"column":41}},"locations":[{"start":{"line":102,"column":23},"end":{"line":102,"column":41}}]},"12":{"type":"branch","line":102,"loc":{"start":{"line":102,"column":41},"end":{"line":102,"column":62}},"locations":[{"start":{"line":102,"column":41},"end":{"line":102,"column":62}}]},"13":{"type":"branch","line":107,"loc":{"start":{"line":107,"column":14},"end":{"line":111,"column":16}},"locations":[{"start":{"line":107,"column":14},"end":{"line":111,"column":16}}]},"14":{"type":"branch","line":14,"loc":{"start":{"line":14,"column":23},"end":{"line":18,"column":3}},"locations":[{"start":{"line":14,"column":23},"end":{"line":18,"column":3}}]},"15":{"type":"branch","line":20,"loc":{"start":{"line":20,"column":20},"end":{"line":20,"column":63}},"locations":[{"start":{"line":20,"column":20},"end":{"line":20,"column":63}}]},"16":{"type":"branch","line":46,"loc":{"start":{"line":46,"column":29},"end":{"line":46,"column":54}},"locations":[{"start":{"line":46,"column":29},"end":{"line":46,"column":54}}]},"17":{"type":"branch","line":54,"loc":{"start":{"line":54,"column":29},"end":{"line":54,"column":54}},"locations":[{"start":{"line":54,"column":29},"end":{"line":54,"column":54}}]},"18":{"type":"branch","line":64,"loc":{"start":{"line":64,"column":27},"end":{"line":64,"column":64}},"locations":[{"start":{"line":64,"column":27},"end":{"line":64,"column":64}}]},"19":{"type":"branch","line":65,"loc":{"start":{"line":65,"column":26},"end":{"line":65,"column":78}},"locations":[{"start":{"line":65,"column":26},"end":{"line":65,"column":78}}]},"20":{"type":"branch","line":65,"loc":{"start":{"line":65,"column":43},"end":{"line":65,"column":71}},"locations":[{"start":{"line":65,"column":43},"end":{"line":65,"column":71}}]},"21":{"type":"branch","line":99,"loc":{"start":{"line":99,"column":23},"end":{"line":99,"column":52}},"locations":[{"start":{"line":99,"column":23},"end":{"line":99,"column":52}}]}},"b":{"0":[16],"1":[15],"2":[1],"3":[15],"4":[3],"5":[12],"6":[10],"7":[5],"8":[5],"9":[10],"10":[3],"11":[3],"12":[12],"13":[1],"14":[1],"15":[48],"16":[1],"17":[1],"18":[2],"19":[1],"20":[1],"21":[4]},"fnMap":{"0":{"name":"Navbar","decl":{"start":{"line":7,"column":15},"end":{"line":116,"column":1}},"loc":{"start":{"line":7,"column":15},"end":{"line":116,"column":1}},"line":7},"1":{"name":"handleLogout","decl":{"start":{"line":14,"column":23},"end":{"line":18,"column":3}},"loc":{"start":{"line":14,"column":23},"end":{"line":18,"column":3}},"line":14},"2":{"name":"isActive","decl":{"start":{"line":20,"column":20},"end":{"line":20,"column":63}},"loc":{"start":{"line":20,"column":20},"end":{"line":20,"column":63}},"line":20},"3":{"name":"onClick","decl":{"start":{"line":46,"column":29},"end":{"line":46,"column":54}},"loc":{"start":{"line":46,"column":29},"end":{"line":46,"column":54}},"line":46},"4":{"name":"onClick","decl":{"start":{"line":54,"column":29},"end":{"line":54,"column":54}},"loc":{"start":{"line":54,"column":29},"end":{"line":54,"column":54}},"line":54},"5":{"name":"onClick","decl":{"start":{"line":64,"column":27},"end":{"line":64,"column":64}},"loc":{"start":{"line":64,"column":27},"end":{"line":64,"column":64}},"line":64},"6":{"name":"onBlur","decl":{"start":{"line":65,"column":26},"end":{"line":65,"column":78}},"loc":{"start":{"line":65,"column":26},"end":{"line":65,"column":78}},"line":65},"7":{"name":"onClick","decl":{"start":{"line":99,"column":23},"end":{"line":99,"column":52}},"loc":{"start":{"line":99,"column":23},"end":{"line":99,"column":52}},"line":99}},"f":{"0":16,"1":1,"2":48,"3":1,"4":1,"5":2,"6":1,"7":4}}
,"C:\\Users\\zubai\\OneDrive\\Desktop\\career-portal\\client\\src\\components\\ProtectedRoute.jsx": {"path":"C:\\Users\\zubai\\OneDrive\\Desktop\\career-portal\\client\\src\\components\\ProtectedRoute.jsx","all":false,"statementMap":{"0":{"start":{"line":1,"column":0},"end":{"line":1,"column":44}},"1":{"start":{"line":2,"column":0},"end":{"line":2,"column":49}},"2":{"start":{"line":3,"column":0},"end":{"line":3,"column":0}},"3":{"start":{"line":4,"column":0},"end":{"line":4,"column":54}},"4":{"start":{"line":5,"column":0},"end":{"line":5,"column":38}},"5":{"start":{"line":6,"column":0},"end":{"line":6,"column":0}},"6":{"start":{"line":7,"column":0},"end":{"line":7,"column":16}},"7":{"start":{"line":8,"column":0},"end":{"line":8,"column":12}},"8":{"start":{"line":9,"column":0},"end":{"line":9,"column":106}},"9":{"start":{"line":10,"column":0},"end":{"line":10,"column":46}},"10":{"start":{"line":11,"column":0},"end":{"line":11,"column":12}},"11":{"start":{"line":12,"column":0},"end":{"line":12,"column":6}},"12":{"start":{"line":13,"column":0},"end":{"line":13,"column":3}},"13":{"start":{"line":14,"column":0},"end":{"line":14,"column":0}},"14":{"start":{"line":15,"column":0},"end":{"line":15,"column":14}},"15":{"start":{"line":16,"column":0},"end":{"line":16,"column":44}},"16":{"start":{"line":17,"column":0},"end":{"line":17,"column":3}},"17":{"start":{"line":18,"column":0},"end":{"line":18,"column":0}},"18":{"start":{"line":19,"column":0},"end":{"line":19,"column":18}},"19":{"start":{"line":20,"column":0},"end":{"line":20,"column":1}}},"s":{"0":1,"1":1,"2":1,"3":1,"4":3,"5":3,"6":3,"7":1,"8":1,"9":1,"10":1,"11":1,"12":1,"13":2,"14":3,"15":1,"16":1,"17":1,"18":1,"19":1},"branchMap":{"0":{"type":"branch","line":4,"loc":{"start":{"line":4,"column":15},"end":{"line":20,"column":1}},"locations":[{"start":{"line":4,"column":15},"end":{"line":20,"column":1}}]},"1":{"type":"branch","line":7,"loc":{"start":{"line":7,"column":15},"end":{"line":13,"column":3}},"locations":[{"start":{"line":7,"column":15},"end":{"line":13,"column":3}}]},"2":{"type":"branch","line":13,"loc":{"start":{"line":13,"column":2},"end":{"line":15,"column":13}},"locations":[{"start":{"line":13,"column":2},"end":{"line":15,"column":13}}]},"3":{"type":"branch","line":15,"loc":{"start":{"line":15,"column":13},"end":{"line":20,"column":1}},"locations":[{"start":{"line":15,"column":13},"end":{"line":20,"column":1}}]}},"b":{"0":[3],"1":[1],"2":[2],"3":[1]},"fnMap":{"0":{"name":"ProtectedRoute","decl":{"start":{"line":4,"column":15},"end":{"line":20,"column":1}},"loc":{"start":{"line":4,"column":15},"end":{"line":20,"column":1}},"line":4}},"f":{"0":3}}
,"C:\\Users\\zubai\\OneDrive\\Desktop\\career-portal\\client\\src\\components\\steps\\StepDocuments.jsx": {"path":"C:\\Users\\zubai\\OneDrive\\Desktop\\career-portal\\client\\src\\components\\steps\\StepDocuments.jsx","all":false,"statementMap":{"0":{"start":{"line":1,"column":0},"end":{"line":1,"column":41}},"1":{"start":{"line":2,"column":0},"end":{"line":2,"column":84}},"2":{"start":{"line":3,"column":0},"end":{"line":3,"column":36}},"3":{"start":{"line":4,"column":0},"end":{"line":4,"column":37}},"4":{"start":{"line":5,"column":0},"end":{"line":5,"column":0}},"5":{"start":{"line":6,"column":0},"end":{"line":6,"column":80}},"6":{"start":{"line":7,"column":0},"end":{"line":7,"column":36}},"7":{"start":{"line":8,"column":0},"end":{"line":8,"column":43}},"8":{"start":{"line":9,"column":0},"end":{"line":9,"column":53}},"9":{"start":{"line":10,"column":0},"end":{"line":10,"column":49}},"10":{"start":{"line":11,"column":0},"end":{"line":11,"column":47}},"11":{"start":{"line":12,"column":0},"end":{"line":12,"column":43}},"12":{"start":{"line":13,"column":0},"end":{"line":13,"column":5}},"13":{"start":{"line":14,"column":0},"end":{"line":14,"column":2}},"14":{"start":{"line":15,"column":0},"end":{"line":15,"column":47}},"15":{"start":{"line":16,"column":0},"end":{"line":16,"column":79}},"16":{"start":{"line":17,"column":0},"end":{"line":17,"column":31}},"17":{"start":{"line":18,"column":0},"end":{"line":18,"column":10}},"18":{"start":{"line":19,"column":0},"end":{"line":19,"column":4}},"19":{"start":{"line":20,"column":0},"end":{"line":20,"column":0}},"20":{"start":{"line":21,"column":0},"end":{"line":21,"column":52}},"21":{"start":{"line":22,"column":0},"end":{"line":22,"column":31}},"22":{"start":{"line":23,"column":0},"end":{"line":23,"column":0}},"23":{"start":{"line":24,"column":0},"end":{"line":24,"column":31}},"24":{"start":{"line":25,"column":0},"end":{"line":25,"column":58}},"25":{"start":{"line":26,"column":0},"end":{"line":26,"column":4}},"26":{"start":{"line":27,"column":0},"end":{"line":27,"column":0}},"27":{"start":{"line":28,"column":0},"end":{"line":28,"column":41}},"28":{"start":{"line":29,"column":0},"end":{"line":29,"column":35}},"29":{"start":{"line":30,"column":0},"end":{"line":30,"column":22}},"30":{"start":{"line":31,"column":0},"end":{"line":31,"column":0}},"31":{"start":{"line":32,"column":0},"end":{"line":32,"column":42}},"32":{"start":{"line":33,"column":0},"end":{"line":33,"column":49}},"33":{"start":{"line":34,"column":0},"end":{"line":34,"column":13}},"34":{"start":{"line":35,"column":0},"end":{"line":35,"column":5}},"35":{"start":{"line":36,"column":0},"end":{"line":36,"column":0}},"36":{"start":{"line":37,"column":0},"end":{"line":37,"column":38}},"37":{"start":{"line":38,"column":0},"end":{"line":38,"column":50}},"38":{"start":{"line":39,"column":0},"end":{"line":39,"column":13}},"39":{"start":{"line":40,"column":0},"end":{"line":40,"column":5}},"40":{"start":{"line":41,"column":0},"end":{"line":41,"column":0}},"41":{"start":{"line":42,"column":0},"end":{"line":42,"column":23}},"42":{"start":{"line":43,"column":0},"end":{"line":43,"column":36}},"43":{"start":{"line":44,"column":0},"end":{"line":44,"column":36}},"44":{"start":{"line":45,"column":0},"end":{"line":45,"column":0}},"45":{"start":{"line":46,"column":0},"end":{"line":46,"column":9}},"46":{"start":{"line":47,"column":0},"end":{"line":47,"column":62}},"47":{"start":{"line":48,"column":0},"end":{"line":48,"column":59}},"48":{"start":{"line":49,"column":0},"end":{"line":49,"column":9}},"49":{"start":{"line":50,"column":0},"end":{"line":50,"column":91}},"50":{"start":{"line":51,"column":0},"end":{"line":51,"column":53}},"51":{"start":{"line":52,"column":0},"end":{"line":52,"column":19}},"52":{"start":{"line":53,"column":0},"end":{"line":53,"column":65}},"53":{"start":{"line":54,"column":0},"end":{"line":54,"column":15}},"54":{"start":{"line":55,"column":0},"end":{"line":55,"column":26}},"55":{"start":{"line":56,"column":0},"end":{"line":56,"column":5}},"56":{"start":{"line":57,"column":0},"end":{"line":57,"column":4}},"57":{"start":{"line":58,"column":0},"end":{"line":58,"column":0}},"58":{"start":{"line":59,"column":0},"end":{"line":59,"column":31}},"59":{"start":{"line":60,"column":0},"end":{"line":60,"column":23}},"60":{"start":{"line":61,"column":0},"end":{"line":61,"column":26}},"61":{"start":{"line":62,"column":0},"end":{"line":62,"column":48}},"62":{"start":{"line":63,"column":0},"end":{"line":63,"column":13}},"63":{"start":{"line":64,"column":0},"end":{"line":64,"column":5}},"64":{"start":{"line":65,"column":0},"end":{"line":65,"column":28}},"65":{"start":{"line":66,"column":0},"end":{"line":66,"column":55}},"66":{"start":{"line":67,"column":0},"end":{"line":67,"column":13}},"67":{"start":{"line":68,"column":0},"end":{"line":68,"column":5}},"68":{"start":{"line":69,"column":0},"end":{"line":69,"column":63}},"69":{"start":{"line":70,"column":0},"end":{"line":70,"column":48}},"70":{"start":{"line":71,"column":0},"end":{"line":71,"column":4}},"71":{"start":{"line":72,"column":0},"end":{"line":72,"column":0}},"72":{"start":{"line":73,"column":0},"end":{"line":73,"column":64}},"73":{"start":{"line":74,"column":0},"end":{"line":74,"column":45}},"74":{"start":{"line":75,"column":0},"end":{"line":75,"column":36}},"75":{"start":{"line":76,"column":0},"end":{"line":76,"column":27}},"76":{"start":{"line":77,"column":0},"end":{"line":77,"column":27}},"77":{"start":{"line":78,"column":0},"end":{"line":78,"column":4}},"78":{"start":{"line":79,"column":0},"end":{"line":79,"column":38}},"79":{"start":{"line":80,"column":0},"end":{"line":80,"column":60}},"80":{"start":{"line":81,"column":0},"end":{"line":81,"column":4}},"81":{"start":{"line":82,"column":0},"end":{"line":82,"column":0}},"82":{"start":{"line":83,"column":0},"end":{"line":83,"column":10}},"83":{"start":{"line":84,"column":0},"end":{"line":84,"column":34}},"84":{"start":{"line":85,"column":0},"end":{"line":85,"column":55}},"85":{"start":{"line":86,"column":0},"end":{"line":86,"column":90}},"86":{"start":{"line":87,"column":0},"end":{"line":87,"column":0}},"87":{"start":{"line":88,"column":0},"end":{"line":88,"column":33}},"88":{"start":{"line":89,"column":0},"end":{"line":89,"column":36}},"89":{"start":{"line":90,"column":0},"end":{"line":90,"column":101}},"90":{"start":{"line":91,"column":0},"end":{"line":91,"column":16}},"91":{"start":{"line":92,"column":0},"end":{"line":92,"column":23}},"92":{"start":{"line":93,"column":0},"end":{"line":93,"column":25}},"93":{"start":{"line":94,"column":0},"end":{"line":94,"column":36}},"94":{"start":{"line":95,"column":0},"end":{"line":95,"column":39}},"95":{"start":{"line":96,"column":0},"end":{"line":96,"column":39}},"96":{"start":{"line":97,"column":0},"end":{"line":97,"column":12}},"97":{"start":{"line":98,"column":0},"end":{"line":98,"column":14}},"98":{"start":{"line":99,"column":0},"end":{"line":99,"column":78}},"99":{"start":{"line":100,"column":0},"end":{"line":100,"column":52}},"100":{"start":{"line":101,"column":0},"end":{"line":101,"column":11}},"101":{"start":{"line":102,"column":0},"end":{"line":102,"column":26}},"102":{"start":{"line":103,"column":0},"end":{"line":103,"column":16}},"103":{"start":{"line":104,"column":0},"end":{"line":104,"column":43}},"104":{"start":{"line":105,"column":0},"end":{"line":105,"column":35}},"105":{"start":{"line":106,"column":0},"end":{"line":106,"column":17}},"106":{"start":{"line":107,"column":0},"end":{"line":107,"column":34}},"107":{"start":{"line":108,"column":0},"end":{"line":108,"column":16}},"108":{"start":{"line":109,"column":0},"end":{"line":109,"column":83}},"109":{"start":{"line":110,"column":0},"end":{"line":110,"column":87}},"110":{"start":{"line":111,"column":0},"end":{"line":111,"column":102}},"111":{"start":{"line":112,"column":0},"end":{"line":112,"column":17}},"112":{"start":{"line":113,"column":0},"end":{"line":113,"column":17}},"113":{"start":{"line":114,"column":0},"end":{"line":114,"column":16}},"114":{"start":{"line":115,"column":0},"end":{"line":115,"column":81}},"115":{"start":{"line":116,"column":0},"end":{"line":116,"column":65}},"116":{"start":{"line":117,"column":0},"end":{"line":117,"column":17}},"117":{"start":{"line":118,"column":0},"end":{"line":118,"column":14}},"118":{"start":{"line":119,"column":0},"end":{"line":119,"column":16}},"119":{"start":{"line":120,"column":0},"end":{"line":120,"column":14}},"120":{"start":{"line":121,"column":0},"end":{"line":121,"column":0}},"121":{"start":{"line":122,"column":0},"end":{"line":122,"column":36}},"122":{"start":{"line":123,"column":0},"end":{"line":123,"column":76}},"123":{"start":{"line":124,"column":0},"end":{"line":124,"column":198}},"124":{"start":{"line":125,"column":0},"end":{"line":125,"column":14}},"125":{"start":{"line":126,"column":0},"end":{"line":126,"column":0}},"126":{"start":{"line":127,"column":0},"end":{"line":127,"column":32}},"127":{"start":{"line":128,"column":0},"end":{"line":128,"column":38}},"128":{"start":{"line":129,"column":0},"end":{"line":129,"column":102}},"129":{"start":{"line":130,"column":0},"end":{"line":130,"column":190}},"130":{"start":{"line":131,"column":0},"end":{"line":131,"column":16}},"131":{"start":{"line":132,"column":0},"end":{"line":132,"column":38}},"132":{"start":{"line":133,"column":0},"end":{"line":133,"column":64}},"133":{"start":{"line":134,"column":0},"end":{"line":134,"column":183}},"134":{"start":{"line":135,"column":0},"end":{"line":135,"column":16}},"135":{"start":{"line":136,"column":0},"end":{"line":136,"column":14}},"136":{"start":{"line":137,"column":0},"end":{"line":137,"column":0}},"137":{"start":{"line":138,"column":0},"end":{"line":138,"column":13}},"138":{"start":{"line":139,"column":0},"end":{"line":139,"column":119}},"139":{"start":{"line":140,"column":0},"end":{"line":140,"column":83}},"140":{"start":{"line":141,"column":0},"end":{"line":141,"column":90}},"141":{"start":{"line":142,"column":0},"end":{"line":142,"column":30}},"142":{"start":{"line":143,"column":0},"end":{"line":143,"column":21}},"143":{"start":{"line":144,"column":0},"end":{"line":144,"column":16}},"144":{"start":{"line":145,"column":0},"end":{"line":145,"column":44}},"145":{"start":{"line":146,"column":0},"end":{"line":146,"column":90}},"146":{"start":{"line":147,"column":0},"end":{"line":147,"column":21}},"147":{"start":{"line":148,"column":0},"end":{"line":148,"column":27}},"148":{"start":{"line":149,"column":0},"end":{"line":149,"column":39}},"149":{"start":{"line":150,"column":0},"end":{"line":150,"column":53}},"150":{"start":{"line":151,"column":0},"end":{"line":151,"column":29}},"151":{"start":{"line":152,"column":0},"end":{"line":152,"column":73}},"152":{"start":{"line":153,"column":0},"end":{"line":153,"column":31}},"153":{"start":{"line":154,"column":0},"end":{"line":154,"column":35}},"154":{"start":{"line":155,"column":0},"end":{"line":155,"column":16}},"155":{"start":{"line":156,"column":0},"end":{"line":156,"column":142}},"156":{"start":{"line":157,"column":0},"end":{"line":157,"column":22}},"157":{"start":{"line":158,"column":0},"end":{"line":158,"column":23}},"158":{"start":{"line":159,"column":0},"end":{"line":159,"column":18}},"159":{"start":{"line":160,"column":0},"end":{"line":160,"column":13}},"160":{"start":{"line":161,"column":0},"end":{"line":161,"column":14}},"161":{"start":{"line":162,"column":0},"end":{"line":162,"column":12}},"162":{"start":{"line":163,"column":0},"end":{"line":163,"column":0}},"163":{"start":{"line":164,"column":0},"end":{"line":164,"column":36}},"164":{"start":{"line":165,"column":0},"end":{"line":165,"column":77}},"165":{"start":{"line":166,"column":0},"end":{"line":166,"column":42}},"166":{"start":{"line":167,"column":0},"end":{"line":167,"column":17}},"167":{"start":{"line":168,"column":0},"end":{"line":168,"column":89}},"168":{"start":{"line":169,"column":0},"end":{"line":169,"column":96}},"169":{"start":{"line":170,"column":0},"end":{"line":170,"column":17}},"170":{"start":{"line":171,"column":0},"end":{"line":171,"column":12}},"171":{"start":{"line":172,"column":0},"end":{"line":172,"column":11}},"172":{"start":{"line":173,"column":0},"end":{"line":173,"column":4}},"173":{"start":{"line":174,"column":0},"end":{"line":174,"column":1}}},"s":{"0":1,"1":1,"2":1,"3":1,"4":1,"5":1,"6":21,"7":21,"8":21,"9":21,"10":21,"11":21,"12":21,"13":21,"14":21,"15":21,"16":21,"17":14,"18":21,"19":21,"20":21,"21":21,"22":21,"23":21,"24":1,"25":21,"26":21,"27":21,"28":5,"29":5,"30":4,"31":5,"32":1,"33":1,"34":1,"35":3,"36":5,"37":1,"38":1,"39":1,"40":2,"41":2,"42":2,"43":2,"44":2,"45":2,"46":2,"47":2,"48":2,"49":1,"50":1,"51":1,"52":1,"53":5,"54":2,"55":2,"56":21,"57":21,"58":21,"59":3,"60":3,"61":1,"62":1,"63":1,"64":3,"65":1,"66":1,"67":1,"68":1,"69":1,"70":21,"71":21,"72":21,"73":21,"74":1,"75":1,"76":1,"77":21,"78":21,"79":1,"80":21,"81":21,"82":21,"83":21,"84":21,"85":21,"86":21,"87":21,"88":21,"89":21,"90":21,"91":21,"92":21,"93":21,"94":21,"95":21,"96":21,"97":21,"98":21,"99":21,"100":21,"101":21,"102":2,"103":2,"104":2,"105":2,"106":19,"107":9,"108":9,"109":9,"110":9,"111":9,"112":10,"113":10,"114":10,"115":10,"116":10,"117":21,"118":21,"119":21,"120":21,"121":21,"122":21,"123":21,"124":21,"125":21,"126":21,"127":21,"128":21,"129":21,"130":21,"131":21,"132":21,"133":21,"134":21,"135":21,"136":21,"137":21,"138":21,"139":21,"140":21,"141":21,"142":21,"143":21,"144":21,"145":9,"146":9,"147":9,"148":9,"149":9,"150":9,"151":9,"152":9,"153":9,"154":9,"155":9,"156":9,"157":9,"158":9,"159":21,"160":21,"161":21,"162":21,"163":21,"164":21,"165":21,"166":21,"167":21,"168":21,"169":21,"170":21,"171":21,"172":21,"173":21},"branchMap":{"0":{"type":"branch","line":6,"loc":{"start":{"line":6,"column":15},"end":{"line":174,"column":1}},"locations":[{"start":{"line":6,"column":15},"end":{"line":174,"column":1}}]},"1":{"type":"branch","line":8,"loc":{"start":{"line":8,"column":36},"end":{"line":8,"column":42}},"locations":[{"start":{"line":8,"column":36},"end":{"line":8,"column":42}}]},"2":{"type":"branch","line":9,"loc":{"start":{"line":9,"column":46},"end":{"line":9,"column":52}},"locations":[{"start":{"line":9,"column":46},"end":{"line":9,"column":52}}]},"3":{"type":"branch","line":10,"loc":{"start":{"line":10,"column":42},"end":{"line":10,"column":48}},"locations":[{"start":{"line":10,"column":42},"end":{"line":10,"column":48}}]},"4":{"type":"branch","line":11,"loc":{"start":{"line":11,"column":40},"end":{"line":11,"column":46}},"locations":[{"start":{"line":11,"column":40},"end":{"line":11,"column":46}}]},"5":{"type":"branch","line":12,"loc":{"start":{"line":12,"column":36},"end":{"line":12,"column":43}},"locations":[{"start":{"line":12,"column":36},"end":{"line":12,"column":43}}]},"6":{"type":"branch","line":16,"loc":{"start":{"line":16,"column":41},"end":{"line":16,"column":78}},"locations":[{"start":{"line":16,"column":41},"end":{"line":16,"column":78}}]},"7":{"type":"branch","line":16,"loc":{"start":{"line":16,"column":78},"end":{"line":17,"column":30}},"locations":[{"start":{"line":16,"column":78},"end":{"line":17,"column":30}}]},"8":{"type":"branch","line":17,"loc":{"start":{"line":17,"column":30},"end":{"line":18,"column":10}},"locations":[{"start":{"line":17,"column":30},"end":{"line":18,"column":10}}]},"9":{"type":"branch","line":99,"loc":{"start":{"line":99,"column":57},"end":{"line":99,"column":70}},"locations":[{"start":{"line":99,"column":57},"end":{"line":99,"column":70}}]},"10":{"type":"branch","line":99,"loc":{"start":{"line":99,"column":70},"end":{"line":99,"column":75}},"locations":[{"start":{"line":99,"column":70},"end":{"line":99,"column":75}}]},"11":{"type":"branch","line":102,"loc":{"start":{"line":102,"column":22},"end":{"line":106,"column":17}},"locations":[{"start":{"line":102,"column":22},"end":{"line":106,"column":17}}]},"12":{"type":"branch","line":107,"loc":{"start":{"line":107,"column":-1},"end":{"line":117,"column":17}},"locations":[{"start":{"line":107,"column":-1},"end":{"line":117,"column":17}}]},"13":{"type":"branch","line":107,"loc":{"start":{"line":107,"column":30},"end":{"line":112,"column":17}},"locations":[{"start":{"line":107,"column":30},"end":{"line":112,"column":17}}]},"14":{"type":"branch","line":110,"loc":{"start":{"line":110,"column":61},"end":{"line":110,"column":82}},"locations":[{"start":{"line":110,"column":61},"end":{"line":110,"column":82}}]},"15":{"type":"branch","line":113,"loc":{"start":{"line":113,"column":-1},"end":{"line":117,"column":17}},"locations":[{"start":{"line":113,"column":-1},"end":{"line":117,"column":17}}]},"16":{"type":"branch","line":169,"loc":{"start":{"line":169,"column":17},"end":{"line":169,"column":47}},"locations":[{"start":{"line":169,"column":17},"end":{"line":169,"column":47}}]},"17":{"type":"branch","line":24,"loc":{"start":{"line":24,"column":24},"end":{"line":26,"column":3}},"locations":[{"start":{"line":24,"column":24},"end":{"line":26,"column":3}}]},"18":{"type":"branch","line":28,"loc":{"start":{"line":28,"column":27},"end":{"line":57,"column":3}},"locations":[{"start":{"line":28,"column":27},"end":{"line":57,"column":3}}]},"19":{"type":"branch","line":30,"loc":{"start":{"line":30,"column":15},"end":{"line":30,"column":22}},"locations":[{"start":{"line":30,"column":15},"end":{"line":30,"column":22}}]},"20":{"type":"branch","line":30,"loc":{"start":{"line":30,"column":15},"end":{"line":32,"column":41}},"locations":[{"start":{"line":30,"column":15},"end":{"line":32,"column":41}}]},"21":{"type":"branch","line":32,"loc":{"start":{"line":32,"column":41},"end":{"line":35,"column":5}},"locations":[{"start":{"line":32,"column":41},"end":{"line":35,"column":5}}]},"22":{"type":"branch","line":35,"loc":{"start":{"line":35,"column":4},"end":{"line":37,"column":37}},"locations":[{"start":{"line":35,"column":4},"end":{"line":37,"column":37}}]},"23":{"type":"branch","line":37,"loc":{"start":{"line":37,"column":37},"end":{"line":40,"column":5}},"locations":[{"start":{"line":37,"column":37},"end":{"line":40,"column":5}}]},"24":{"type":"branch","line":40,"loc":{"start":{"line":40,"column":4},"end":{"line":49,"column":9}},"locations":[{"start":{"line":40,"column":4},"end":{"line":49,"column":9}}]},"25":{"type":"branch","line":49,"loc":{"start":{"line":49,"column":8},"end":{"line":54,"column":5}},"locations":[{"start":{"line":49,"column":8},"end":{"line":54,"column":5}}]},"26":{"type":"branch","line":53,"loc":{"start":{"line":53,"column":43},"end":{"line":53,"column":63}},"locations":[{"start":{"line":53,"column":43},"end":{"line":53,"column":63}}]},"27":{"type":"branch","line":54,"loc":{"start":{"line":54,"column":5},"end":{"line":56,"column":5}},"locations":[{"start":{"line":54,"column":5},"end":{"line":56,"column":5}}]},"28":{"type":"branch","line":59,"loc":{"start":{"line":59,"column":24},"end":{"line":71,"column":3}},"locations":[{"start":{"line":59,"column":24},"end":{"line":71,"column":3}}]},"29":{"type":"branch","line":61,"loc":{"start":{"line":61,"column":25},"end":{"line":64,"column":5}},"locations":[{"start":{"line":61,"column":25},"end":{"line":64,"column":5}}]},"30":{"type":"branch","line":64,"loc":{"start":{"line":64,"column":4},"end":{"line":65,"column":27}},"locations":[{"start":{"line":64,"column":4},"end":{"line":65,"column":27}}]},"31":{"type":"branch","line":65,"loc":{"start":{"line":65,"column":27},"end":{"line":71,"column":3}},"locations":[{"start":{"line":65,"column":27},"end":{"line":71,"column":3}}]},"32":{"type":"branch","line":69,"loc":{"start":{"line":69,"column":41},"end":{"line":69,"column":61}},"locations":[{"start":{"line":69,"column":41},"end":{"line":69,"column":61}}]},"33":{"type":"branch","line":73,"loc":{"start":{"line":73,"column":23},"end":{"line":73,"column":63}},"locations":[{"start":{"line":73,"column":23},"end":{"line":73,"column":63}}]},"34":{"type":"branch","line":74,"loc":{"start":{"line":74,"column":26},"end":{"line":78,"column":3}},"locations":[{"start":{"line":74,"column":26},"end":{"line":78,"column":3}}]},"35":{"type":"branch","line":79,"loc":{"start":{"line":79,"column":27},"end":{"line":81,"column":3}},"locations":[{"start":{"line":79,"column":27},"end":{"line":81,"column":3}}]},"36":{"type":"branch","line":80,"loc":{"start":{"line":80,"column":36},"end":{"line":80,"column":57}},"locations":[{"start":{"line":80,"column":36},"end":{"line":80,"column":57}}]},"37":{"type":"branch","line":100,"loc":{"start":{"line":100,"column":21},"end":{"line":100,"column":52}},"locations":[{"start":{"line":100,"column":21},"end":{"line":100,"column":52}}]},"38":{"type":"branch","line":145,"loc":{"start":{"line":145,"column":26},"end":{"line":159,"column":18}},"locations":[{"start":{"line":145,"column":26},"end":{"line":159,"column":18}}]},"39":{"type":"branch","line":152,"loc":{"start":{"line":152,"column":27},"end":{"line":152,"column":72}},"locations":[{"start":{"line":152,"column":27},"end":{"line":152,"column":72}}]},"40":{"type":"branch","line":156,"loc":{"start":{"line":156,"column":82},"end":{"line":156,"column":111}},"locations":[{"start":{"line":156,"column":82},"end":{"line":156,"column":111}}]}},"b":{"0":[21],"1":[13],"2":[14],"3":[14],"4":[13],"5":[14],"6":[7],"7":[7],"8":[14],"9":[9],"10":[12],"11":[2],"12":[19],"13":[9],"14":[1],"15":[10],"16":[0],"17":[1],"18":[5],"19":[1],"20":[4],"21":[1],"22":[3],"23":[1],"24":[2],"25":[1],"26":[0],"27":[2],"28":[3],"29":[1],"30":[2],"31":[1],"32":[1],"33":[1],"34":[1],"35":[1],"36":[2],"37":[1],"38":[9],"39":[1],"40":[1]},"fnMap":{"0":{"name":"StepDocuments","decl":{"start":{"line":6,"column":15},"end":{"line":174,"column":1}},"loc":{"start":{"line":6,"column":15},"end":{"line":174,"column":1}},"line":6},"1":{"name":"handleChange","decl":{"start":{"line":24,"column":24},"end":{"line":26,"column":3}},"loc":{"start":{"line":24,"column":24},"end":{"line":26,"column":3}},"line":24},"2":{"name":"handleFileUpload","decl":{"start":{"line":28,"column":27},"end":{"line":57,"column":3}},"loc":{"start":{"line":28,"column":27},"end":{"line":57,"column":3}},"line":28},"3":{"name":"handleSubmit","decl":{"start":{"line":59,"column":24},"end":{"line":71,"column":3}},"loc":{"start":{"line":59,"column":24},"end":{"line":71,"column":3}},"line":59},"4":{"name":"addOtherLink","decl":{"start":{"line":73,"column":23},"end":{"line":73,"column":63}},"loc":{"start":{"line":73,"column":23},"end":{"line":73,"column":63}},"line":73},"5":{"name":"updateOtherLink","decl":{"start":{"line":74,"column":26},"end":{"line":78,"column":3}},"loc":{"start":{"line":74,"column":26},"end":{"line":78,"column":3}},"line":74},"6":{"name":"removeOtherLink","decl":{"start":{"line":79,"column":27},"end":{"line":81,"column":3}},"loc":{"start":{"line":79,"column":27},"end":{"line":81,"column":3}},"line":79},"7":{"name":"onClick","decl":{"start":{"line":100,"column":21},"end":{"line":100,"column":52}},"loc":{"start":{"line":100,"column":21},"end":{"line":100,"column":52}},"line":100},"8":{"name":"onChange","decl":{"start":{"line":152,"column":27},"end":{"line":152,"column":72}},"loc":{"start":{"line":152,"column":27},"end":{"line":152,"column":72}},"line":152},"9":{"name":"onClick","decl":{"start":{"line":156,"column":82},"end":{"line":156,"column":111}},"loc":{"start":{"line":156,"column":82},"end":{"line":156,"column":111}},"line":156}},"f":{"0":21,"1":1,"2":5,"3":3,"4":1,"5":1,"6":1,"7":1,"8":1,"9":1}}
,"C:\\Users\\zubai\\OneDrive\\Desktop\\career-portal\\client\\src\\components\\steps\\StepEducation.jsx": {"path":"C:\\Users\\zubai\\OneDrive\\Desktop\\career-portal\\client\\src\\components\\steps\\StepEducation.jsx","all":false,"statementMap":{"0":{"start":{"line":1,"column":0},"end":{"line":1,"column":33}},"1":{"start":{"line":2,"column":0},"end":{"line":2,"column":67}},"2":{"start":{"line":3,"column":0},"end":{"line":3,"column":0}},"3":{"start":{"line":4,"column":0},"end":{"line":4,"column":80}},"4":{"start":{"line":5,"column":0},"end":{"line":5,"column":41}},"5":{"start":{"line":6,"column":0},"end":{"line":6,"column":44}},"6":{"start":{"line":7,"column":0},"end":{"line":7,"column":48}},"7":{"start":{"line":8,"column":0},"end":{"line":8,"column":37}},"8":{"start":{"line":9,"column":0},"end":{"line":9,"column":55}},"9":{"start":{"line":10,"column":0},"end":{"line":10,"column":41}},"10":{"start":{"line":11,"column":0},"end":{"line":11,"column":47}},"11":{"start":{"line":12,"column":0},"end":{"line":12,"column":11}},"12":{"start":{"line":13,"column":0},"end":{"line":13,"column":118}},"13":{"start":{"line":14,"column":0},"end":{"line":14,"column":4}},"14":{"start":{"line":15,"column":0},"end":{"line":15,"column":0}},"15":{"start":{"line":16,"column":0},"end":{"line":16,"column":56}},"16":{"start":{"line":17,"column":0},"end":{"line":17,"column":33}},"17":{"start":{"line":18,"column":0},"end":{"line":18,"column":34}},"18":{"start":{"line":19,"column":0},"end":{"line":19,"column":24}},"19":{"start":{"line":20,"column":0},"end":{"line":20,"column":4}},"20":{"start":{"line":21,"column":0},"end":{"line":21,"column":0}},"21":{"start":{"line":22,"column":0},"end":{"line":22,"column":28}},"22":{"start":{"line":23,"column":0},"end":{"line":23,"column":139}},"23":{"start":{"line":24,"column":0},"end":{"line":24,"column":4}},"24":{"start":{"line":25,"column":0},"end":{"line":25,"column":0}},"25":{"start":{"line":26,"column":0},"end":{"line":26,"column":36}},"26":{"start":{"line":27,"column":0},"end":{"line":27,"column":29}},"27":{"start":{"line":28,"column":0},"end":{"line":28,"column":56}},"28":{"start":{"line":29,"column":0},"end":{"line":29,"column":5}},"29":{"start":{"line":30,"column":0},"end":{"line":30,"column":4}},"30":{"start":{"line":31,"column":0},"end":{"line":31,"column":0}},"31":{"start":{"line":32,"column":0},"end":{"line":32,"column":31}},"32":{"start":{"line":33,"column":0},"end":{"line":33,"column":23}},"33":{"start":{"line":34,"column":0},"end":{"line":34,"column":42}},"34":{"start":{"line":35,"column":0},"end":{"line":35,"column":4}},"35":{"start":{"line":36,"column":0},"end":{"line":36,"column":0}},"36":{"start":{"line":37,"column":0},"end":{"line":37,"column":10}},"37":{"start":{"line":38,"column":0},"end":{"line":38,"column":34}},"38":{"start":{"line":39,"column":0},"end":{"line":39,"column":47}},"39":{"start":{"line":40,"column":0},"end":{"line":40,"column":67}},"40":{"start":{"line":41,"column":0},"end":{"line":41,"column":0}},"41":{"start":{"line":42,"column":0},"end":{"line":42,"column":33}},"42":{"start":{"line":43,"column":0},"end":{"line":43,"column":118}},"43":{"start":{"line":44,"column":0},"end":{"line":44,"column":123}},"44":{"start":{"line":45,"column":0},"end":{"line":45,"column":86}},"45":{"start":{"line":46,"column":0},"end":{"line":46,"column":44}},"46":{"start":{"line":47,"column":0},"end":{"line":47,"column":19}},"47":{"start":{"line":48,"column":0},"end":{"line":48,"column":14}},"48":{"start":{"line":49,"column":0},"end":{"line":49,"column":0}},"49":{"start":{"line":50,"column":0},"end":{"line":50,"column":40}},"50":{"start":{"line":51,"column":0},"end":{"line":51,"column":194}},"51":{"start":{"line":52,"column":0},"end":{"line":52,"column":36}},"52":{"start":{"line":53,"column":0},"end":{"line":53,"column":98}},"53":{"start":{"line":54,"column":0},"end":{"line":54,"column":43}},"54":{"start":{"line":55,"column":0},"end":{"line":55,"column":23}},"55":{"start":{"line":56,"column":0},"end":{"line":56,"column":14}},"56":{"start":{"line":57,"column":0},"end":{"line":57,"column":36}},"57":{"start":{"line":58,"column":0},"end":{"line":58,"column":42}},"58":{"start":{"line":59,"column":0},"end":{"line":59,"column":114}},"59":{"start":{"line":60,"column":0},"end":{"line":60,"column":232}},"60":{"start":{"line":61,"column":0},"end":{"line":61,"column":20}},"61":{"start":{"line":62,"column":0},"end":{"line":62,"column":42}},"62":{"start":{"line":63,"column":0},"end":{"line":63,"column":113}},"63":{"start":{"line":64,"column":0},"end":{"line":64,"column":252}},"64":{"start":{"line":65,"column":0},"end":{"line":65,"column":20}},"65":{"start":{"line":66,"column":0},"end":{"line":66,"column":18}},"66":{"start":{"line":67,"column":0},"end":{"line":67,"column":0}},"67":{"start":{"line":68,"column":0},"end":{"line":68,"column":36}},"68":{"start":{"line":69,"column":0},"end":{"line":69,"column":42}},"69":{"start":{"line":70,"column":0},"end":{"line":70,"column":105}},"70":{"start":{"line":71,"column":0},"end":{"line":71,"column":224}},"71":{"start":{"line":72,"column":0},"end":{"line":72,"column":20}},"72":{"start":{"line":73,"column":0},"end":{"line":73,"column":42}},"73":{"start":{"line":74,"column":0},"end":{"line":74,"column":107}},"74":{"start":{"line":75,"column":0},"end":{"line":75,"column":232}},"75":{"start":{"line":76,"column":0},"end":{"line":76,"column":20}},"76":{"start":{"line":77,"column":0},"end":{"line":77,"column":18}},"77":{"start":{"line":78,"column":0},"end":{"line":78,"column":16}},"78":{"start":{"line":79,"column":0},"end":{"line":79,"column":11}},"79":{"start":{"line":80,"column":0},"end":{"line":80,"column":12}},"80":{"start":{"line":81,"column":0},"end":{"line":81,"column":0}},"81":{"start":{"line":82,"column":0},"end":{"line":82,"column":36}},"82":{"start":{"line":83,"column":0},"end":{"line":83,"column":77}},"83":{"start":{"line":84,"column":0},"end":{"line":84,"column":42}},"84":{"start":{"line":85,"column":0},"end":{"line":85,"column":17}},"85":{"start":{"line":86,"column":0},"end":{"line":86,"column":76}},"86":{"start":{"line":87,"column":0},"end":{"line":87,"column":96}},"87":{"start":{"line":88,"column":0},"end":{"line":88,"column":17}},"88":{"start":{"line":89,"column":0},"end":{"line":89,"column":12}},"89":{"start":{"line":90,"column":0},"end":{"line":90,"column":11}},"90":{"start":{"line":91,"column":0},"end":{"line":91,"column":4}},"91":{"start":{"line":92,"column":0},"end":{"line":92,"column":1}}},"s":{"0":1,"1":1,"2":1,"3":1,"4":12,"5":12,"6":6,"7":6,"8":6,"9":6,"10":6,"11":6,"12":6,"13":12,"14":12,"15":12,"16":4,"17":4,"18":4,"19":12,"20":12,"21":12,"22":1,"23":12,"24":12,"25":12,"26":1,"27":1,"28":1,"29":12,"30":12,"31":12,"32":1,"33":1,"34":12,"35":12,"36":12,"37":12,"38":12,"39":12,"40":12,"41":12,"42":12,"43":12,"44":12,"45":12,"46":12,"47":12,"48":12,"49":12,"50":13,"51":13,"52":2,"53":2,"54":2,"55":13,"56":13,"57":13,"58":13,"59":13,"60":13,"61":13,"62":13,"63":13,"64":13,"65":13,"66":13,"67":13,"68":13,"69":13,"70":13,"71":13,"72":13,"73":13,"74":13,"75":13,"76":13,"77":13,"78":12,"79":12,"80":12,"81":12,"82":12,"83":12,"84":12,"85":12,"86":12,"87":12,"88":12,"89":12,"90":12,"91":12},"branchMap":{"0":{"type":"branch","line":4,"loc":{"start":{"line":4,"column":15},"end":{"line":92,"column":1}},"locations":[{"start":{"line":4,"column":15},"end":{"line":92,"column":1}}]},"1":{"type":"branch","line":6,"loc":{"start":{"line":6,"column":32},"end":{"line":6,"column":40}},"locations":[{"start":{"line":6,"column":32},"end":{"line":6,"column":40}}]},"2":{"type":"branch","line":7,"loc":{"start":{"line":7,"column":-1},"end":{"line":12,"column":11}},"locations":[{"start":{"line":7,"column":-1},"end":{"line":12,"column":11}}]},"3":{"type":"branch","line":13,"loc":{"start":{"line":13,"column":-1},"end":{"line":13,"column":118}},"locations":[{"start":{"line":13,"column":-1},"end":{"line":13,"column":118}}]},"4":{"type":"branch","line":87,"loc":{"start":{"line":87,"column":17},"end":{"line":87,"column":47}},"locations":[{"start":{"line":87,"column":17},"end":{"line":87,"column":47}}]},"5":{"type":"branch","line":7,"loc":{"start":{"line":7,"column":41},"end":{"line":12,"column":10}},"locations":[{"start":{"line":7,"column":41},"end":{"line":12,"column":10}}]},"6":{"type":"branch","line":16,"loc":{"start":{"line":16,"column":30},"end":{"line":20,"column":3}},"locations":[{"start":{"line":16,"column":30},"end":{"line":20,"column":3}}]},"7":{"type":"branch","line":22,"loc":{"start":{"line":22,"column":21},"end":{"line":24,"column":3}},"locations":[{"start":{"line":22,"column":21},"end":{"line":24,"column":3}}]},"8":{"type":"branch","line":26,"loc":{"start":{"line":26,"column":25},"end":{"line":30,"column":3}},"locations":[{"start":{"line":26,"column":25},"end":{"line":30,"column":3}}]},"9":{"type":"branch","line":28,"loc":{"start":{"line":28,"column":32},"end":{"line":28,"column":53}},"locations":[{"start":{"line":28,"column":32},"end":{"line":28,"column":53}}]},"10":{"type":"branch","line":32,"loc":{"start":{"line":32,"column":24},"end":{"line":35,"column":3}},"locations":[{"start":{"line":32,"column":24},"end":{"line":35,"column":3}}]},"11":{"type":"branch","line":50,"loc":{"start":{"line":50,"column":21},"end":{"line":78,"column":16}},"locations":[{"start":{"line":50,"column":21},"end":{"line":78,"column":16}}]},"12":{"type":"branch","line":51,"loc":{"start":{"line":51,"column":147},"end":{"line":51,"column":181}},"locations":[{"start":{"line":51,"column":147},"end":{"line":51,"column":181}}]},"13":{"type":"branch","line":51,"loc":{"start":{"line":51,"column":181},"end":{"line":51,"column":191}},"locations":[{"start":{"line":51,"column":181},"end":{"line":51,"column":191}}]},"14":{"type":"branch","line":52,"loc":{"start":{"line":52,"column":31},"end":{"line":55,"column":23}},"locations":[{"start":{"line":52,"column":31},"end":{"line":55,"column":23}}]},"15":{"type":"branch","line":53,"loc":{"start":{"line":53,"column":70},"end":{"line":53,"column":97}},"locations":[{"start":{"line":53,"column":70},"end":{"line":53,"column":97}}]},"16":{"type":"branch","line":60,"loc":{"start":{"line":60,"column":140},"end":{"line":60,"column":204}},"locations":[{"start":{"line":60,"column":140},"end":{"line":60,"column":204}}]},"17":{"type":"branch","line":64,"loc":{"start":{"line":64,"column":151},"end":{"line":64,"column":224}},"locations":[{"start":{"line":64,"column":151},"end":{"line":64,"column":224}}]},"18":{"type":"branch","line":71,"loc":{"start":{"line":71,"column":146},"end":{"line":71,"column":212}},"locations":[{"start":{"line":71,"column":146},"end":{"line":71,"column":212}}]},"19":{"type":"branch","line":75,"loc":{"start":{"line":75,"column":136},"end":{"line":75,"column":205}},"locations":[{"start":{"line":75,"column":136},"end":{"line":75,"column":205}}]}},"b":{"0":[12],"1":[6],"2":[6],"3":[6],"4":[0],"5":[6],"6":[4],"7":[1],"8":[1],"9":[2],"10":[1],"11":[13],"12":[1],"13":[12],"14":[2],"15":[1],"16":[1],"17":[1],"18":[1],"19":[1]},"fnMap":{"0":{"name":"StepEducation","decl":{"start":{"line":4,"column":15},"end":{"line":92,"column":1}},"loc":{"start":{"line":4,"column":15},"end":{"line":92,"column":1}},"line":4},"1":{"name":"handleHistoryChange","decl":{"start":{"line":16,"column":30},"end":{"line":20,"column":3}},"loc":{"start":{"line":16,"column":30},"end":{"line":20,"column":3}},"line":16},"2":{"name":"addHistory","decl":{"start":{"line":22,"column":21},"end":{"line":24,"column":3}},"loc":{"start":{"line":22,"column":21},"end":{"line":24,"column":3}},"line":22},"3":{"name":"removeHistory","decl":{"start":{"line":26,"column":25},"end":{"line":30,"column":3}},"loc":{"start":{"line":26,"column":25},"end":{"line":30,"column":3}},"line":26},"4":{"name":"handleSubmit","decl":{"start":{"line":32,"column":24},"end":{"line":35,"column":3}},"loc":{"start":{"line":32,"column":24},"end":{"line":35,"column":3}},"line":32},"5":{"name":"onClick","decl":{"start":{"line":53,"column":70},"end":{"line":53,"column":97}},"loc":{"start":{"line":53,"column":70},"end":{"line":53,"column":97}},"line":53},"6":{"name":"onChange","decl":{"start":{"line":60,"column":140},"end":{"line":60,"column":204}},"loc":{"start":{"line":60,"column":140},"end":{"line":60,"column":204}},"line":60},"7":{"name":"onChange","decl":{"start":{"line":64,"column":151},"end":{"line":64,"column":224}},"loc":{"start":{"line":64,"column":151},"end":{"line":64,"column":224}},"line":64},"8":{"name":"onChange","decl":{"start":{"line":71,"column":146},"end":{"line":71,"column":212}},"loc":{"start":{"line":71,"column":146},"end":{"line":71,"column":212}},"line":71},"9":{"name":"onChange","decl":{"start":{"line":75,"column":136},"end":{"line":75,"column":205}},"loc":{"start":{"line":75,"column":136},"end":{"line":75,"column":205}},"line":75}},"f":{"0":12,"1":4,"2":1,"3":1,"4":1,"5":1,"6":1,"7":1,"8":1,"9":1}}
,"C:\\Users\\zubai\\OneDrive\\Desktop\\career-portal\\client\\src\\components\\steps\\StepPersonal.jsx": {"path":"C:\\Users\\zubai\\OneDrive\\Desktop\\career-portal\\client\\src\\components\\steps\\StepPersonal.jsx","all":false,"statementMap":{"0":{"start":{"line":1,"column":0},"end":{"line":1,"column":33}},"1":{"start":{"line":2,"column":0},"end":{"line":2,"column":42}},"2":{"start":{"line":3,"column":0},"end":{"line":3,"column":36}},"3":{"start":{"line":4,"column":0},"end":{"line":4,"column":0}},"4":{"start":{"line":5,"column":0},"end":{"line":5,"column":71}},"5":{"start":{"line":6,"column":0},"end":{"line":6,"column":36}},"6":{"start":{"line":7,"column":0},"end":{"line":7,"column":41}},"7":{"start":{"line":8,"column":0},"end":{"line":8,"column":35}},"8":{"start":{"line":9,"column":0},"end":{"line":9,"column":35}},"9":{"start":{"line":10,"column":0},"end":{"line":10,"column":86}},"10":{"start":{"line":11,"column":0},"end":{"line":11,"column":33}},"11":{"start":{"line":12,"column":0},"end":{"line":12,"column":35}},"12":{"start":{"line":13,"column":0},"end":{"line":13,"column":62}},"13":{"start":{"line":14,"column":0},"end":{"line":14,"column":43}},"14":{"start":{"line":15,"column":0},"end":{"line":15,"column":5}},"15":{"start":{"line":16,"column":0},"end":{"line":16,"column":0}},"16":{"start":{"line":17,"column":0},"end":{"line":17,"column":25}},"17":{"start":{"line":18,"column":0},"end":{"line":18,"column":95}},"18":{"start":{"line":19,"column":0},"end":{"line":19,"column":89}},"19":{"start":{"line":20,"column":0},"end":{"line":20,"column":86}},"20":{"start":{"line":21,"column":0},"end":{"line":21,"column":82}},"21":{"start":{"line":22,"column":0},"end":{"line":22,"column":79}},"22":{"start":{"line":23,"column":0},"end":{"line":23,"column":78}},"23":{"start":{"line":24,"column":0},"end":{"line":24,"column":41}},"24":{"start":{"line":25,"column":0},"end":{"line":25,"column":4}},"25":{"start":{"line":26,"column":0},"end":{"line":26,"column":0}},"26":{"start":{"line":27,"column":0},"end":{"line":27,"column":31}},"27":{"start":{"line":28,"column":0},"end":{"line":28,"column":43}},"28":{"start":{"line":29,"column":0},"end":{"line":29,"column":27}},"29":{"start":{"line":30,"column":0},"end":{"line":30,"column":52}},"30":{"start":{"line":31,"column":0},"end":{"line":31,"column":12}},"31":{"start":{"line":32,"column":0},"end":{"line":32,"column":42}},"32":{"start":{"line":33,"column":0},"end":{"line":33,"column":5}},"33":{"start":{"line":34,"column":0},"end":{"line":34,"column":4}},"34":{"start":{"line":35,"column":0},"end":{"line":35,"column":0}},"35":{"start":{"line":36,"column":0},"end":{"line":36,"column":31}},"36":{"start":{"line":37,"column":0},"end":{"line":37,"column":23}},"37":{"start":{"line":38,"column":0},"end":{"line":38,"column":124}},"38":{"start":{"line":39,"column":0},"end":{"line":39,"column":13}},"39":{"start":{"line":40,"column":0},"end":{"line":40,"column":5}},"40":{"start":{"line":41,"column":0},"end":{"line":41,"column":4}},"41":{"start":{"line":42,"column":0},"end":{"line":42,"column":21}},"42":{"start":{"line":43,"column":0},"end":{"line":43,"column":51}},"43":{"start":{"line":44,"column":0},"end":{"line":44,"column":41}},"44":{"start":{"line":45,"column":0},"end":{"line":45,"column":65}},"45":{"start":{"line":46,"column":0},"end":{"line":46,"column":13}},"46":{"start":{"line":47,"column":0},"end":{"line":47,"column":5}},"47":{"start":{"line":48,"column":0},"end":{"line":48,"column":0}},"48":{"start":{"line":49,"column":0},"end":{"line":49,"column":65}},"49":{"start":{"line":50,"column":0},"end":{"line":50,"column":4}},"50":{"start":{"line":51,"column":0},"end":{"line":51,"column":0}},"51":{"start":{"line":52,"column":0},"end":{"line":52,"column":10}},"52":{"start":{"line":53,"column":0},"end":{"line":53,"column":34}},"53":{"start":{"line":54,"column":0},"end":{"line":54,"column":54}},"54":{"start":{"line":55,"column":0},"end":{"line":55,"column":66}},"55":{"start":{"line":56,"column":0},"end":{"line":56,"column":0}},"56":{"start":{"line":57,"column":0},"end":{"line":57,"column":33}},"57":{"start":{"line":58,"column":0},"end":{"line":58,"column":32}},"58":{"start":{"line":59,"column":0},"end":{"line":59,"column":38}},"59":{"start":{"line":60,"column":0},"end":{"line":60,"column":95}},"60":{"start":{"line":61,"column":0},"end":{"line":61,"column":172}},"61":{"start":{"line":62,"column":0},"end":{"line":62,"column":16}},"62":{"start":{"line":63,"column":0},"end":{"line":63,"column":38}},"63":{"start":{"line":64,"column":0},"end":{"line":64,"column":91}},"64":{"start":{"line":65,"column":0},"end":{"line":65,"column":107}},"65":{"start":{"line":66,"column":0},"end":{"line":66,"column":16}},"66":{"start":{"line":67,"column":0},"end":{"line":67,"column":14}},"67":{"start":{"line":68,"column":0},"end":{"line":68,"column":0}},"68":{"start":{"line":69,"column":0},"end":{"line":69,"column":32}},"69":{"start":{"line":70,"column":0},"end":{"line":70,"column":38}},"70":{"start":{"line":71,"column":0},"end":{"line":71,"column":91}},"71":{"start":{"line":72,"column":0},"end":{"line":72,"column":163}},"72":{"start":{"line":73,"column":0},"end":{"line":73,"column":16}},"73":{"start":{"line":74,"column":0},"end":{"line":74,"column":38}},"74":{"start":{"line":75,"column":0},"end":{"line":75,"column":99}},"75":{"start":{"line":76,"column":0},"end":{"line":76,"column":133}},"76":{"start":{"line":77,"column":0},"end":{"line":77,"column":16}},"77":{"start":{"line":78,"column":0},"end":{"line":78,"column":14}},"78":{"start":{"line":79,"column":0},"end":{"line":79,"column":0}},"79":{"start":{"line":80,"column":0},"end":{"line":80,"column":32}},"80":{"start":{"line":81,"column":0},"end":{"line":81,"column":38}},"81":{"start":{"line":82,"column":0},"end":{"line":82,"column":90}},"82":{"start":{"line":83,"column":0},"end":{"line":83,"column":161}},"83":{"start":{"line":84,"column":0},"end":{"line":84,"column":16}},"84":{"start":{"line":85,"column":0},"end":{"line":85,"column":38}},"85":{"start":{"line":86,"column":0},"end":{"line":86,"column":91}},"86":{"start":{"line":87,"column":0},"end":{"line":87,"column":120}},"87":{"start":{"line":88,"column":0},"end":{"line":88,"column":61}},"88":{"start":{"line":89,"column":0},"end":{"line":89,"column":42}},"89":{"start":{"line":90,"column":0},"end":{"line":90,"column":57}},"90":{"start":{"line":91,"column":0},"end":{"line":91,"column":17}},"91":{"start":{"line":92,"column":0},"end":{"line":92,"column":21}},"92":{"start":{"line":93,"column":0},"end":{"line":93,"column":16}},"93":{"start":{"line":94,"column":0},"end":{"line":94,"column":14}},"94":{"start":{"line":95,"column":0},"end":{"line":95,"column":0}},"95":{"start":{"line":96,"column":0},"end":{"line":96,"column":32}},"96":{"start":{"line":97,"column":0},"end":{"line":97,"column":38}},"97":{"start":{"line":98,"column":0},"end":{"line":98,"column":96}},"98":{"start":{"line":99,"column":0},"end":{"line":99,"column":208}},"99":{"start":{"line":100,"column":0},"end":{"line":100,"column":16}},"100":{"start":{"line":101,"column":0},"end":{"line":101,"column":14}},"101":{"start":{"line":102,"column":0},"end":{"line":102,"column":0}},"102":{"start":{"line":103,"column":0},"end":{"line":103,"column":36}},"103":{"start":{"line":104,"column":0},"end":{"line":104,"column":123}},"104":{"start":{"line":105,"column":0},"end":{"line":105,"column":74}},"105":{"start":{"line":106,"column":0},"end":{"line":106,"column":118}},"106":{"start":{"line":107,"column":0},"end":{"line":107,"column":202}},"107":{"start":{"line":108,"column":0},"end":{"line":108,"column":17}},"108":{"start":{"line":109,"column":0},"end":{"line":109,"column":20}},"109":{"start":{"line":110,"column":0},"end":{"line":110,"column":118}},"110":{"start":{"line":111,"column":0},"end":{"line":111,"column":202}},"111":{"start":{"line":112,"column":0},"end":{"line":112,"column":16}},"112":{"start":{"line":113,"column":0},"end":{"line":113,"column":20}},"113":{"start":{"line":114,"column":0},"end":{"line":114,"column":16}},"114":{"start":{"line":115,"column":0},"end":{"line":115,"column":14}},"115":{"start":{"line":116,"column":0},"end":{"line":116,"column":12}},"116":{"start":{"line":117,"column":0},"end":{"line":117,"column":0}},"117":{"start":{"line":118,"column":0},"end":{"line":118,"column":36}},"118":{"start":{"line":119,"column":0},"end":{"line":119,"column":15}},"119":{"start":{"line":120,"column":0},"end":{"line":120,"column":76}},"120":{"start":{"line":121,"column":0},"end":{"line":121,"column":96}},"121":{"start":{"line":122,"column":0},"end":{"line":122,"column":17}},"122":{"start":{"line":123,"column":0},"end":{"line":123,"column":12}},"123":{"start":{"line":124,"column":0},"end":{"line":124,"column":11}},"124":{"start":{"line":125,"column":0},"end":{"line":125,"column":4}},"125":{"start":{"line":126,"column":0},"end":{"line":126,"column":1}}},"s":{"0":1,"1":1,"2":1,"3":1,"4":1,"5":13,"6":13,"7":13,"8":13,"9":13,"10":13,"11":13,"12":13,"13":13,"14":13,"15":13,"16":13,"17":13,"18":13,"19":13,"20":13,"21":13,"22":13,"23":13,"24":13,"25":13,"26":13,"27":5,"28":5,"29":2,"30":5,"31":3,"32":3,"33":13,"34":13,"35":13,"36":3,"37":3,"38":1,"39":1,"40":2,"41":2,"42":2,"43":3,"44":1,"45":1,"46":1,"47":1,"48":1,"49":13,"50":13,"51":13,"52":13,"53":13,"54":13,"55":13,"56":13,"57":13,"58":13,"59":13,"60":13,"61":13,"62":13,"63":13,"64":13,"65":13,"66":13,"67":13,"68":13,"69":13,"70":13,"71":13,"72":13,"73":13,"74":13,"75":13,"76":13,"77":13,"78":13,"79":13,"80":13,"81":13,"82":13,"83":13,"84":13,"85":13,"86":13,"87":13,"88":13,"89":468,"90":13,"91":13,"92":13,"93":13,"94":13,"95":13,"96":13,"97":13,"98":13,"99":13,"100":13,"101":13,"102":13,"103":13,"104":13,"105":13,"106":13,"107":13,"108":13,"109":13,"110":13,"111":13,"112":13,"113":13,"114":13,"115":13,"116":13,"117":13,"118":13,"119":13,"120":13,"121":13,"122":13,"123":13,"124":13,"125":13},"branchMap":{"0":{"type":"branch","line":5,"loc":{"start":{"line":5,"column":15},"end":{"line":126,"column":1}},"locations":[{"start":{"line":5,"column":15},"end":{"line":126,"column":1}}]},"1":{"type":"branch","line":7,"loc":{"start":{"line":7,"column":34},"end":{"line":7,"column":40}},"locations":[{"start":{"line":7,"column":34},"end":{"line":7,"column":40}}]},"2":{"type":"branch","line":8,"loc":{"start":{"line":8,"column":28},"end":{"line":8,"column":34}},"locations":[{"start":{"line":8,"column":28},"end":{"line":8,"column":34}}]},"3":{"type":"branch","line":9,"loc":{"start":{"line":9,"column":28},"end":{"line":9,"column":34}},"locations":[{"start":{"line":9,"column":28},"end":{"line":9,"column":34}}]},"4":{"type":"branch","line":10,"loc":{"start":{"line":10,"column":40},"end":{"line":10,"column":80}},"locations":[{"start":{"line":10,"column":40},"end":{"line":10,"column":80}}]},"5":{"type":"branch","line":10,"loc":{"start":{"line":10,"column":80},"end":{"line":10,"column":85}},"locations":[{"start":{"line":10,"column":80},"end":{"line":10,"column":85}}]},"6":{"type":"branch","line":11,"loc":{"start":{"line":11,"column":26},"end":{"line":11,"column":32}},"locations":[{"start":{"line":11,"column":26},"end":{"line":11,"column":32}}]},"7":{"type":"branch","line":12,"loc":{"start":{"line":12,"column":28},"end":{"line":12,"column":34}},"locations":[{"start":{"line":12,"column":28},"end":{"line":12,"column":34}}]},"8":{"type":"branch","line":13,"loc":{"start":{"line":13,"column":52},"end":{"line":13,"column":61}},"locations":[{"start":{"line":13,"column":52},"end":{"line":13,"column":61}}]},"9":{"type":"branch","line":14,"loc":{"start":{"line":14,"column":36},"end":{"line":14,"column":43}},"locations":[{"start":{"line":14,"column":36},"end":{"line":14,"column":43}}]},"10":{"type":"branch","line":121,"loc":{"start":{"line":121,"column":17},"end":{"line":121,"column":47}},"locations":[{"start":{"line":121,"column":17},"end":{"line":121,"column":47}}]},"11":{"type":"branch","line":121,"loc":{"start":{"line":121,"column":47},"end":{"line":121,"column":95}},"locations":[{"start":{"line":121,"column":47},"end":{"line":121,"column":95}}]},"12":{"type":"branch","line":27,"loc":{"start":{"line":27,"column":24},"end":{"line":34,"column":3}},"locations":[{"start":{"line":27,"column":24},"end":{"line":34,"column":3}}]},"13":{"type":"branch","line":29,"loc":{"start":{"line":29,"column":26},"end":{"line":31,"column":5}},"locations":[{"start":{"line":29,"column":26},"end":{"line":31,"column":5}}]},"14":{"type":"branch","line":31,"loc":{"start":{"line":31,"column":5},"end":{"line":33,"column":5}},"locations":[{"start":{"line":31,"column":5},"end":{"line":33,"column":5}}]},"15":{"type":"branch","line":36,"loc":{"start":{"line":36,"column":24},"end":{"line":50,"column":3}},"locations":[{"start":{"line":36,"column":24},"end":{"line":50,"column":3}}]},"16":{"type":"branch","line":38,"loc":{"start":{"line":38,"column":22},"end":{"line":38,"column":37}},"locations":[{"start":{"line":38,"column":22},"end":{"line":38,"column":37}}]},"17":{"type":"branch","line":38,"loc":{"start":{"line":38,"column":37},"end":{"line":38,"column":52}},"locations":[{"start":{"line":38,"column":37},"end":{"line":38,"column":52}}]},"18":{"type":"branch","line":38,"loc":{"start":{"line":38,"column":52},"end":{"line":38,"column":73}},"locations":[{"start":{"line":38,"column":52},"end":{"line":38,"column":73}}]},"19":{"type":"branch","line":38,"loc":{"start":{"line":38,"column":73},"end":{"line":38,"column":87}},"locations":[{"start":{"line":38,"column":73},"end":{"line":38,"column":87}}]},"20":{"type":"branch","line":38,"loc":{"start":{"line":38,"column":87},"end":{"line":38,"column":102}},"locations":[{"start":{"line":38,"column":87},"end":{"line":38,"column":102}}]},"21":{"type":"branch","line":38,"loc":{"start":{"line":38,"column":102},"end":{"line":38,"column":121}},"locations":[{"start":{"line":38,"column":102},"end":{"line":38,"column":121}}]},"22":{"type":"branch","line":38,"loc":{"start":{"line":38,"column":123},"end":{"line":40,"column":5}},"locations":[{"start":{"line":38,"column":123},"end":{"line":40,"column":5}}]},"23":{"type":"branch","line":40,"loc":{"start":{"line":40,"column":4},"end":{"line":44,"column":40}},"locations":[{"start":{"line":40,"column":4},"end":{"line":44,"column":40}}]},"24":{"type":"branch","line":44,"loc":{"start":{"line":44,"column":40},"end":{"line":50,"column":3}},"locations":[{"start":{"line":44,"column":40},"end":{"line":50,"column":3}}]},"25":{"type":"branch","line":89,"loc":{"start":{"line":89,"column":34},"end":{"line":90,"column":57}},"locations":[{"start":{"line":89,"column":34},"end":{"line":90,"column":57}}]}},"b":{"0":[13],"1":[9],"2":[9],"3":[9],"4":[4],"5":[9],"6":[9],"7":[9],"8":[9],"9":[9],"10":[1],"11":[12],"12":[5],"13":[2],"14":[3],"15":[3],"16":[2],"17":[2],"18":[2],"19":[2],"20":[2],"21":[2],"22":[1],"23":[2],"24":[1],"25":[468]},"fnMap":{"0":{"name":"StepPersonal","decl":{"start":{"line":5,"column":15},"end":{"line":126,"column":1}},"loc":{"start":{"line":5,"column":15},"end":{"line":126,"column":1}},"line":5},"1":{"name":"handleChange","decl":{"start":{"line":27,"column":24},"end":{"line":34,"column":3}},"loc":{"start":{"line":27,"column":24},"end":{"line":34,"column":3}},"line":27},"2":{"name":"handleSubmit","decl":{"start":{"line":36,"column":24},"end":{"line":50,"column":3}},"loc":{"start":{"line":36,"column":24},"end":{"line":50,"column":3}},"line":36}},"f":{"0":13,"1":5,"2":3}}
,"C:\\Users\\zubai\\OneDrive\\Desktop\\career-portal\\client\\src\\components\\steps\\StepPreferences.jsx": {"path":"C:\\Users\\zubai\\OneDrive\\Desktop\\career-portal\\client\\src\\components\\steps\\StepPreferences.jsx","all":false,"statementMap":{"0":{"start":{"line":1,"column":0},"end":{"line":1,"column":44}},"1":{"start":{"line":2,"column":0},"end":{"line":2,"column":53}},"2":{"start":{"line":3,"column":0},"end":{"line":3,"column":37}},"3":{"start":{"line":4,"column":0},"end":{"line":4,"column":0}},"4":{"start":{"line":5,"column":0},"end":{"line":5,"column":82}},"5":{"start":{"line":6,"column":0},"end":{"line":6,"column":36}},"6":{"start":{"line":7,"column":0},"end":{"line":7,"column":66}},"7":{"start":{"line":8,"column":0},"end":{"line":8,"column":66}},"8":{"start":{"line":9,"column":0},"end":{"line":9,"column":63}},"9":{"start":{"line":10,"column":0},"end":{"line":10,"column":53}},"10":{"start":{"line":11,"column":0},"end":{"line":11,"column":65}},"11":{"start":{"line":12,"column":0},"end":{"line":12,"column":5}},"12":{"start":{"line":13,"column":0},"end":{"line":13,"column":0}},"13":{"start":{"line":14,"column":0},"end":{"line":14,"column":39}},"14":{"start":{"line":15,"column":0},"end":{"line":15,"column":55}},"15":{"start":{"line":16,"column":0},"end":{"line":16,"column":56}},"16":{"start":{"line":17,"column":0},"end":{"line":17,"column":59}},"17":{"start":{"line":18,"column":0},"end":{"line":18,"column":0}},"18":{"start":{"line":19,"column":0},"end":{"line":19,"column":19}},"19":{"start":{"line":20,"column":0},"end":{"line":20,"column":35}},"20":{"start":{"line":21,"column":0},"end":{"line":21,"column":11}},"21":{"start":{"line":22,"column":0},"end":{"line":22,"column":43}},"22":{"start":{"line":23,"column":0},"end":{"line":23,"column":40}},"23":{"start":{"line":24,"column":0},"end":{"line":24,"column":33}},"24":{"start":{"line":25,"column":0},"end":{"line":25,"column":10}},"25":{"start":{"line":26,"column":0},"end":{"line":26,"column":68}},"26":{"start":{"line":27,"column":0},"end":{"line":27,"column":150}},"27":{"start":{"line":28,"column":0},"end":{"line":28,"column":33}},"28":{"start":{"line":29,"column":0},"end":{"line":29,"column":58}},"29":{"start":{"line":30,"column":0},"end":{"line":30,"column":68}},"30":{"start":{"line":31,"column":0},"end":{"line":31,"column":11}},"31":{"start":{"line":32,"column":0},"end":{"line":32,"column":9}},"32":{"start":{"line":33,"column":0},"end":{"line":33,"column":21}},"33":{"start":{"line":34,"column":0},"end":{"line":34,"column":51}},"34":{"start":{"line":35,"column":0},"end":{"line":35,"column":17}},"35":{"start":{"line":36,"column":0},"end":{"line":36,"column":30}},"36":{"start":{"line":37,"column":0},"end":{"line":37,"column":7}},"37":{"start":{"line":38,"column":0},"end":{"line":38,"column":6}},"38":{"start":{"line":39,"column":0},"end":{"line":39,"column":16}},"39":{"start":{"line":40,"column":0},"end":{"line":40,"column":35}},"40":{"start":{"line":41,"column":0},"end":{"line":41,"column":0}},"41":{"start":{"line":42,"column":0},"end":{"line":42,"column":31}},"42":{"start":{"line":43,"column":0},"end":{"line":43,"column":52}},"43":{"start":{"line":44,"column":0},"end":{"line":44,"column":4}},"44":{"start":{"line":45,"column":0},"end":{"line":45,"column":36}},"45":{"start":{"line":46,"column":0},"end":{"line":46,"column":30}},"46":{"start":{"line":47,"column":0},"end":{"line":47,"column":29}},"47":{"start":{"line":48,"column":0},"end":{"line":48,"column":54}},"48":{"start":{"line":49,"column":0},"end":{"line":49,"column":14}},"49":{"start":{"line":50,"column":0},"end":{"line":50,"column":30}},"50":{"start":{"line":51,"column":0},"end":{"line":51,"
[...]
ne":107,"column":0},"end":{"line":107,"column":53}},"107":{"start":{"line":108,"column":0},"end":{"line":108,"column":37}},"108":{"start":{"line":109,"column":0},"end":{"line":109,"column":134}},"109":{"start":{"line":110,"column":0},"end":{"line":110,"column":59}},"110":{"start":{"line":111,"column":0},"end":{"line":111,"column":39}},"111":{"start":{"line":112,"column":0},"end":{"line":112,"column":45}},"112":{"start":{"line":113,"column":0},"end":{"line":113,"column":36}},"113":{"start":{"line":114,"column":0},"end":{"line":114,"column":14}},"114":{"start":{"line":115,"column":0},"end":{"line":115,"column":14}},"115":{"start":{"line":116,"column":0},"end":{"line":116,"column":0}},"116":{"start":{"line":117,"column":0},"end":{"line":117,"column":60}},"117":{"start":{"line":118,"column":0},"end":{"line":118,"column":60}},"118":{"start":{"line":119,"column":0},"end":{"line":119,"column":40}},"119":{"start":{"line":120,"column":0},"end":{"line":120,"column":20}},"120":{"start":{"line":121,"column":0},"end":{"line":121,"column":27}},"121":{"start":{"line":122,"column":0},"end":{"line":122,"column":61}},"122":{"start":{"line":123,"column":0},"end":{"line":123,"column":27}},"123":{"start":{"line":124,"column":0},"end":{"line":124,"column":35}},"124":{"start":{"line":125,"column":0},"end":{"line":125,"column":29}},"125":{"start":{"line":126,"column":0},"end":{"line":126,"column":37}},"126":{"start":{"line":127,"column":0},"end":{"line":127,"column":29}},"127":{"start":{"line":128,"column":0},"end":{"line":128,"column":69}},"128":{"start":{"line":129,"column":0},"end":{"line":129,"column":58}},"129":{"start":{"line":130,"column":0},"end":{"line":130,"column":16}},"130":{"start":{"line":131,"column":0},"end":{"line":131,"column":15}},"131":{"start":{"line":132,"column":0},"end":{"line":132,"column":16}},"132":{"start":{"line":133,"column":0},"end":{"line":133,"column":0}},"133":{"start":{"line":134,"column":0},"end":{"line":134,"column":93}},"134":{"start":{"line":135,"column":0},"end":{"line":135,"column":66}},"135":{"start":{"line":136,"column":0},"end":{"line":136,"column":19}},"136":{"start":{"line":137,"column":0},"end":{"line":137,"column":0}},"137":{"start":{"line":138,"column":0},"end":{"line":138,"column":38}},"138":{"start":{"line":139,"column":0},"end":{"line":139,"column":32}},"139":{"start":{"line":140,"column":0},"end":{"line":140,"column":97}},"140":{"start":{"line":141,"column":0},"end":{"line":141,"column":17}},"141":{"start":{"line":142,"column":0},"end":{"line":142,"column":92}},"142":{"start":{"line":143,"column":0},"end":{"line":143,"column":50}},"143":{"start":{"line":144,"column":0},"end":{"line":144,"column":23}},"144":{"start":{"line":145,"column":0},"end":{"line":145,"column":14}},"145":{"start":{"line":146,"column":0},"end":{"line":146,"column":16}},"146":{"start":{"line":147,"column":0},"end":{"line":147,"column":15}},"147":{"start":{"line":148,"column":0},"end":{"line":148,"column":12}},"148":{"start":{"line":149,"column":0},"end":{"line":149,"column":0}},"149":{"start":{"line":150,"column":0},"end":{"line":150,"column":39}},"150":{"start":{"line":151,"column":0},"end":{"line":151,"column":44}},"151":{"start":{"line":152,"column":0},"end":{"line":152,"column":50}},"152":{"start":{"line":153,"column":0},"end":{"line":153,"column":12}},"153":{"start":{"line":154,"column":0},"end":{"line":154,"column":10}},"154":{"start":{"line":155,"column":0},"end":{"line":155,"column":4}},"155":{"start":{"line":156,"column":0},"end":{"line":156,"column":1}}},"s":{"0":1,"1":1,"2":1,"3":1,"4":1,"5":1,"6":1,"7":1,"8":1,"9":231,"10":231,"11":231,"12":231,"13":231,"14":231,"15":231,"16":231,"17":231,"18":231,"19":231,"20":231,"21":14,"22":1,"23":1,"24":1,"25":14,"26":231,"27":231,"28":231,"29":195,"30":192,"31":192,"32":192,"33":231,"34":231,"35":231,"36":27,"37":26,"38":26,"39":26,"40":26,"41":26,"42":27,"43":22,"44":22,"45":231,"46":231,"47":231,"48":1,"49":1,"50":1,"51":231,"52":231,"53":231,"54":2,"55":2,"56":2,"57":2,"58":9,"59":2,"60":2,"61":2,"62":2,"63":231,"64":231,"65":231,"66":5,"67":5,"68":5,"69":1,"70":1,"71":1,"72":4,"73":4,"74":4,"75":4,"76":2,"77":2,"78":5,"79":1,"80":1,"81":1,"82":1,"83":1,"84":1,"85":5,"86":2,"87":5,"88":4,"89":4,"90":231,"91":231,"92":231,"93":3,"94":3,"95":1,"96":1,"97":1,"98":3,"99":3,"100":2,"101":2,"102":231,"103":231,"104":231,"105":231,"106":231,"107":231,"108":231,"109":231,"110":231,"111":231,"112":231,"113":231,"114":231,"115":231,"116":231,"117":231,"118":231,"119":1386,"120":1386,"121":1386,"122":1386,"123":1386,"124":1386,"125":1386,"126":1386,"127":1386,"128":1386,"129":1386,"130":231,"131":231,"132":231,"133":231,"134":231,"135":231,"136":231,"137":231,"138":231,"139":228,"140":3,"141":3,"142":3,"143":3,"144":231,"145":231,"146":231,"147":231,"148":231,"149":231,"150":231,"151":231,"152":231,"153":231,"154":231,"155":231},"branchMap":{"0":{"type":"branch","line":9,"loc":{"start":{"line":9,"column":15},"end":{"line":156,"column":1}},"locations":[{"start":{"line":9,"column":15},"end":{"line":156,"column":1}}]},"1":{"type":"branch","line":18,"loc":{"start":{"line":18,"column":30},"end":{"line":18,"column":37}},"locations":[{"start":{"line":18,"column":30},"end":{"line":18,"column":37}}]},"2":{"type":"branch","line":19,"loc":{"start":{"line":19,"column":32},"end":{"line":19,"column":41}},"locations":[{"start":{"line":19,"column":32},"end":{"line":19,"column":41}}]},"3":{"type":"branch","line":19,"loc":{"start":{"line":19,"column":41},"end":{"line":19,"column":65}},"locations":[{"start":{"line":19,"column":41},"end":{"line":19,"column":65}}]},"4":{"type":"branch","line":135,"loc":{"start":{"line":135,"column":20},"end":{"line":135,"column":50}},"locations":[{"start":{"line":135,"column":20},"end":{"line":135,"column":50}}]},"5":{"type":"branch","line":135,"loc":{"start":{"line":135,"column":50},"end":{"line":135,"column":65}},"locations":[{"start":{"line":135,"column":50},"end":{"line":135,"column":65}}]},"6":{"type":"branch","line":139,"loc":{"start":{"line":139,"column":28},"end":{"line":140,"column":97}},"locations":[{"start":{"line":139,"column":28},"end":{"line":140,"column":97}}]},"7":{"type":"branch","line":141,"loc":{"start":{"line":141,"column":-2},"end":{"line":144,"column":23}},"locations":[{"start":{"line":141,"column":-2},"end":{"line":144,"column":23}}]},"8":{"type":"branch","line":21,"loc":{"start":{"line":21,"column":12},"end":{"line":27,"column":3}},"locations":[{"start":{"line":21,"column":12},"end":{"line":27,"column":3}}]},"9":{"type":"branch","line":22,"loc":{"start":{"line":22,"column":16},"end":{"line":25,"column":5}},"locations":[{"start":{"line":22,"column":16},"end":{"line":25,"column":5}}]},"10":{"type":"branch","line":25,"loc":{"start":{"line":25,"column":4},"end":{"line":26,"column":31}},"locations":[{"start":{"line":25,"column":4},"end":{"line":26,"column":31}}]},"11":{"type":"branch","line":29,"loc":{"start":{"line":29,"column":12},"end":{"line":34,"column":3}},"locations":[{"start":{"line":29,"column":12},"end":{"line":34,"column":3}}]},"12":{"type":"branch","line":30,"loc":{"start":{"line":30,"column":25},"end":{"line":33,"column":5}},"locations":[{"start":{"line":30,"column":25},"end":{"line":33,"column":5}}]},"13":{"type":"branch","line":31,"loc":{"start":{"line":31,"column":31},"end":{"line":31,"column":68}},"locations":[{"start":{"line":31,"column":31},"end":{"line":31,"column":68}}]},"14":{"type":"branch","line":32,"loc":{"start":{"line":32,"column":13},"end":{"line":32,"column":38}},"locations":[{"start":{"line":32,"column":13},"end":{"line":32,"column":38}}]},"15":{"type":"branch","line":36,"loc":{"start":{"line":36,"column":23},"end":{"line":46,"column":3}},"locations":[{"start":{"line":36,"column":23},"end":{"line":46,"column":3}}]},"16":{"type":"branch","line":37,"loc":{"start":{"line":37,"column":30},"end":{"line":37,"column":37}},"locations":[{"start":{"line":37,"column":30},"end":{"line":37,"column":37}}]},"17":{"type":"branch","line":37,"loc":{"start":{"line":37,"column":30},"end":{"line":43,"column":26}},"locations":[{"start":{"line":37,"column":30},"end":{"line":43,"column":26}}]},"18":{"type":"branch","line":43,"loc":{"start":{"line":43,"column":28},"end":{"line":45,"column":5}},"locations":[{"start":{"line":43,"column":28},"end":{"line":45,"column":5}}]},"19":{"type":"branch","line":48,"loc":{"start":{"line":48,"column":24},"end":{"line":52,"column":3}},"locations":[{"start":{"line":48,"column":24},"end":{"line":52,"column":3}}]},"20":{"type":"branch","line":54,"loc":{"start":{"line":54,"column":23},"end":{"line":64,"column":3}},"locations":[{"start":{"line":54,"column":23},"end":{"line":64,"column":3}}]},"21":{"type":"branch","line":63,"loc":{"start":{"line":63,"column":38},"end":{"line":63,"column":42}},"locations":[{"start":{"line":63,"column":38},"end":{"line":63,"column":42}}]},"22":{"type":"branch","line":63,"loc":{"start":{"line":63,"column":42},"end":{"line":63,"column":54}},"locations":[{"start":{"line":63,"column":42},"end":{"line":63,"column":54}}]},"23":{"type":"branch","line":58,"loc":{"start":{"line":58,"column":29},"end":{"line":60,"column":5}},"locations":[{"start":{"line":58,"column":29},"end":{"line":60,"column":5}}]},"24":{"type":"branch","line":62,"loc":{"start":{"line":62,"column":39},"end":{"line":62,"column":46}},"locations":[{"start":{"line":62,"column":39},"end":{"line":62,"column":46}}]},"25":{"type":"branch","line":66,"loc":{"start":{"line":66,"column":23},"end":{"line":91,"column":3}},"locations":[{"start":{"line":66,"column":23},"end":{"line":91,"column":3}}]},"26":{"type":"branch","line":69,"loc":{"start":{"line":69,"column":30},"end":{"line":72,"column":5}},"locations":[{"start":{"line":69,"column":30},"end":{"line":72,"column":5}}]},"27":{"type":"branch","line":72,"loc":{"start":{"line":72,"column":4},"end":{"line":76,"column":87}},"locations":[{"start":{"line":72,"column":4},"end":{"line":76,"column":87}}]},"28":{"type":"branch","line":76,"loc":{"start":{"line":76,"column":86},"end":{"line":79,"column":46}},"locations":[{"start":{"line":76,"column":86},"end":{"line":79,"column":46}}]},"29":{"type":"branch","line":79,"loc":{"start":{"line":79,"column":42},"end":{"line":79,"column":60}},"locations":[{"start":{"line":79,"column":42},"end":{"line":79,"column":60}}]},"30":{"type":"branch","line":79,"loc":{"start":{"line":79,"column":62},"end":{"line":85,"column":7}},"locations":[{"start":{"line":79,"column":62},"end":{"line":85,"column":7}}]},"31":{"type":"branch","line":86,"loc":{"start":{"line":86,"column":6},"end":{"line":88,"column":5}},"locations":[{"start":{"line":86,"column":6},"end":{"line":88,"column":5}}]},"32":{"type":"branch","line":87,"loc":{"start":{"line":87,"column":30},"end":{"line":87,"column":43}},"locations":[{"start":{"line":87,"column":30},"end":{"line":87,"column":43}}]},"33":{"type":"branch","line":87,"loc":{"start":{"line":87,"column":43},"end":{"line":87,"column":69}},"locations":[{"start":{"line":87,"column":43},"end":{"line":87,"column":69}}]},"34":{"type":"branch","line":88,"loc":{"start":{"line":88,"column":5},"end":{"line":90,"column":5}},"locations":[{"start":{"line":88,"column":5},"end":{"line":90,"column":5}}]},"35":{"type":"branch","line":93,"loc":{"start":{"line":93,"column":23},"end":{"line":103,"column":3}},"locations":[{"start":{"line":93,"column":23},"end":{"line":103,"column":3}}]},"36":{"type":"branch","line":95,"loc":{"start":{"line":95,"column":60},"end":{"line":99,"column":33}},"locations":[{"start":{"line":95,"column":60},"end":{"line":99,"column":33}}]},"37":{"type":"branch","line":100,"loc":{"start":{"line":100,"column":6},"end":{"line":102,"column":5}},"locations":[{"start":{"line":100,"column":6},"end":{"line":102,"column":5}}]},"38":{"type":"branch","line":101,"loc":{"start":{"line":101,"column":30},"end":{"line":101,"column":43}},"locations":[{"start":{"line":101,"column":30},"end":{"line":101,"column":43}}]},"39":{"type":"branch","line":101,"loc":{"start":{"line":101,"column":43},"end":{"line":101,"column":70}},"locations":[{"start":{"line":101,"column":43},"end":{"line":101,"column":70}}]},"40":{"type":"branch","line":119,"loc":{"start":{"line":119,"column":21},"end":{"line":130,"column":16}},"locations":[{"start":{"line":119,"column":21},"end":{"line":130,"column":16}}]},"41":{"type":"branch","line":122,"loc":{"start":{"line":122,"column":22},"end":{"line":122,"column":61}},"locations":[{"start":{"line":122,"column":22},"end":{"line":122,"column":61}}]},"42":{"type":"branch","line":128,"loc":{"start":{"line":128,"column":27},"end":{"line":128,"column":69}},"locations":[{"start":{"line":128,"column":27},"end":{"line":128,"column":69}}]},"43":{"type":"branch","line":129,"loc":{"start":{"line":129,"column":28},"end":{"line":129,"column":58}},"locations":[{"start":{"line":129,"column":28},"end":{"line":129,"column":58}}]}},"b":{"0":[231],"1":[230],"2":[230],"3":[1],"4":[4],"5":[227],"6":[228],"7":[3],"8":[14],"9":[1],"10":[13],"11":[195],"12":[192],"13":[180],"14":[192],"15":[27],"16":[1],"17":[26],"18":[22],"19":[1],"20":[2],"21":[1],"22":[1],"23":[9],"24":[10],"25":[5],"26":[1],"27":[4],"28":[2],"29":[1],"30":[1],"31":[2],"32":[1],"33":[1],"34":[4],"35":[3],"36":[1],"37":[2],"38":[1],"39":[1],"40":[1386],"41":[2772],"42":[27],"43":[1]},"fnMap":{"0":{"name":"VerifyOtp","decl":{"start":{"line":9,"column":15},"end":{"line":156,"column":1}},"loc":{"start":{"line":9,"column":15},"end":{"line":156,"column":1}},"line":9},"1":{"name":"handleChange","decl":{"start":{"line":36,"column":23},"end":{"line":46,"column":3}},"loc":{"start":{"line":36,"column":23},"end":{"line":46,"column":3}},"line":36},"2":{"name":"handleKeyDown","decl":{"start":{"line":48,"column":24},"end":{"line":52,"column":3}},"loc":{"start":{"line":48,"column":24},"end":{"line":52,"column":3}},"line":48},"3":{"name":"handlePaste","decl":{"start":{"line":54,"column":23},"end":{"line":64,"column":3}},"loc":{"start":{"line":54,"column":23},"end":{"line":64,"column":3}},"line":54},"4":{"name":"handleSubmit","decl":{"start":{"line":66,"column":23},"end":{"line":91,"column":3}},"loc":{"start":{"line":66,"column":23},"end":{"line":91,"column":3}},"line":66},"5":{"name":"handleResend","decl":{"start":{"line":93,"column":23},"end":{"line":103,"column":3}},"loc":{"start":{"line":93,"column":23},"end":{"line":103,"column":3}},"line":93},"6":{"name":"ref","decl":{"start":{"line":122,"column":22},"end":{"line":122,"column":61}},"loc":{"start":{"line":122,"column":22},"end":{"line":122,"column":61}},"line":122},"7":{"name":"onChange","decl":{"start":{"line":128,"column":27},"end":{"line":128,"column":69}},"loc":{"start":{"line":128,"column":27},"end":{"line":128,"column":69}},"line":128},"8":{"name":"onKeyDown","decl":{"start":{"line":129,"column":28},"end":{"line":129,"column":58}},"loc":{"start":{"line":129,"column":28},"end":{"line":129,"column":58}},"line":129}},"f":{"0":231,"1":27,"2":1,"3":2,"4":5,"5":3,"6":2772,"7":27,"8":1}}
,"C:\\Users\\zubai\\OneDrive\\Desktop\\career-portal\\client\\src\\services\\api.js": {"path":"C:\\Users\\zubai\\OneDrive\\Desktop\\career-portal\\client\\src\\services\\api.js","all":false,"statementMap":{"0":{"start":{"line":1,"column":0},"end":{"line":1,"column":26}},"1":{"start":{"line":2,"column":0},"end":{"line":2,"column":49}},"2":{"start":{"line":3,"column":0},"end":{"line":3,"column":0}},"3":{"start":{"line":4,"column":0},"end":{"line":4,"column":77}},"4":{"start":{"line":5,"column":0},"end":{"line":5,"column":0}},"5":{"start":{"line":6,"column":0},"end":{"line":6,"column":26}},"6":{"start":{"line":7,"column":0},"end":{"line":7,"column":20}},"7":{"start":{"line":8,"column":0},"end":{"line":8,"column":12}},"8":{"start":{"line":9,"column":0},"end":{"line":9,"column":39}},"9":{"start":{"line":10,"column":0},"end":{"line":10,"column":4}},"10":{"start":{"line":11,"column":0},"end":{"line":11,"column":3}},"11":{"start":{"line":12,"column":0},"end":{"line":12,"column":0}},"12":{"start":{"line":13,"column":0},"end":{"line":13,"column":29}},"13":{"start":{"line":14,"column":0},"end":{"line":14,"column":42}},"14":{"start":{"line":15,"column":0},"end":{"line":15,"column":60}},"15":{"start":{"line":16,"column":0},"end":{"line":16,"column":14}},"16":{"start":{"line":17,"column":0},"end":{"line":17,"column":53}},"17":{"start":{"line":18,"column":0},"end":{"line":18,"column":3}},"18":{"start":{"line":19,"column":0},"end":{"line":19,"column":16}},"19":{"start":{"line":20,"column":0},"end":{"line":20,"column":3}},"20":{"start":{"line":21,"column":0},"end":{"line":21,"column":0}},"21":{"start":{"line":22,"column":0},"end":{"line":22,"column":36}},"22":{"start":{"line":23,"column":0},"end":{"line":23,"column":30}},"23":{"start":{"line":24,"column":0},"end":{"line":24,"column":25}},"24":{"start":{"line":25,"column":0},"end":{"line":25,"column":14}},"25":{"start":{"line":26,"column":0},"end":{"line":26,"column":41}},"26":{"start":{"line":27,"column":0},"end":{"line":27,"column":53}},"27":{"start":{"line":28,"column":0},"end":{"line":28,"column":52}},"28":{"start":{"line":29,"column":0},"end":{"line":29,"column":94}},"29":{"start":{"line":30,"column":0},"end":{"line":30,"column":40}},"30":{"start":{"line":31,"column":0},"end":{"line":31,"column":7}},"31":{"start":{"line":32,"column":0},"end":{"line":32,"column":5}},"32":{"start":{"line":33,"column":0},"end":{"line":33,"column":33}},"33":{"start":{"line":34,"column":0},"end":{"line":34,"column":3}},"34":{"start":{"line":35,"column":0},"end":{"line":35,"column":2}},"35":{"start":{"line":36,"column":0},"end":{"line":36,"column":0}},"36":{"start":{"line":37,"column":0},"end":{"line":37,"column":19}}},"s":{"0":1,"1":1,"2":1,"3":1,"4":1,"5":1,"6":1,"7":1,"8":1,"9":1,"10":1,"11":1,"12":1,"13":1,"14":2,"15":2,"16":1,"17":1,"18":2,"19":1,"20":1,"21":1,"22":1,"23":1,"24":1,"25":2,"26":2,"27":2,"28":2,"29":1,"30":1,"31":2,"32":2,"33":2,"34":1,"35":1,"36":1},"branchMap":{"0":{"type":"branch","line":14,"loc":{"start":{"line":14,"column":30},"end":{"line":20,"column":2}},"locations":[{"start":{"line":14,"column":30},"end":{"line":20,"column":2}}]},"1":{"type":"branch","line":16,"loc":{"start":{"line":16,"column":13},"end":{"line":18,"column":3}},"locations":[{"start":{"line":16,"column":13},"end":{"line":18,"column":3}}]},"2":{"type":"branch","line":24,"loc":{"start":{"line":24,"column":3},"end":{"line":24,"column":24}},"locations":[{"start":{"line":24,"column":3},"end":{"line":24,"column":24}}]},"3":{"type":"branch","line":25,"loc":{"start":{"line":25,"column":3},"end":{"line":35,"column":1}},"locations":[{"start":{"line":25,"column":3},"end":{"line":35,"column":1}}]},"4":{"type":"branch","line":29,"loc":{"start":{"line":29,"column":47},"end":{"line":29,"column":91}},"locations":[{"start":{"line":29,"column":47},"end":{"line":29,"column":91}}]},"5":{"type":"branch","line":29,"loc":{"start":{"line":29,"column":93},"end":{"line":31,"column":7}},"locations":[{"start":{"line":29,"column":93},"end":{"line":31,"column":7}}]}},"b":{"0":[2],"1":[1],"2":[1],"3":[2],"4":[1],"5":[1]},"fnMap":{},"f":{}}
,"C:\\Users\\zubai\\OneDrive\\Desktop\\career-portal\\client\\src\\utils\\navigation.js": {"path":"C:\\Users\\zubai\\OneDrive\\Desktop\\career-portal\\client\\src\\utils\\navigation.js","all":false,"statementMap":{"0":{"start":{"line":1,"column":0},"end":{"line":1,"column":27}},"1":{"start":{"line":2,"column":0},"end":{"line":2,"column":25}},"2":{"start":{"line":3,"column":0},"end":{"line":3,"column":33}},"3":{"start":{"line":4,"column":0},"end":{"line":4,"column":3}},"4":{"start":{"line":5,"column":0},"end":{"line":5,"column":2}}},"s":{"0":1,"1":1,"2":1,"3":1,"4":1},"branchMap":{"0":{"type":"branch","line":2,"loc":{"start":{"line":2,"column":15},"end":{"line":4,"column":3}},"locations":[{"start":{"line":2,"column":15},"end":{"line":4,"column":3}}]}},"b":{"0":[1]},"fnMap":{"0":{"name":"redirectTo","decl":{"start":{"line":2,"column":15},"end":{"line":4,"column":3}},"loc":{"start":{"line":2,"column":15},"end":{"line":4,"column":3}},"line":2}},"f":{"0":1}}
}
