TN:
SF:src\App.jsx
FN:17,App
FNF:1
FNH:1
FNDA:1,App
DA:1,1
DA:2,1
DA:3,1
DA:4,1
DA:5,1
DA:6,1
DA:7,1
DA:8,1
DA:9,1
DA:10,1
DA:11,1
DA:12,1
DA:13,1
DA:14,1
DA:15,1
DA:16,1
DA:17,1
DA:18,1
DA:19,1
DA:20,1
DA:21,1
DA:22,1
DA:23,1
DA:24,1
DA:25,1
DA:26,1
DA:27,1
DA:28,1
DA:29,1
DA:30,1
DA:31,1
DA:32,1
DA:33,1
DA:34,1
DA:35,1
DA:36,1
DA:37,1
DA:38,1
DA:39,1
DA:40,1
DA:41,1
DA:42,1
DA:43,1
DA:44,1
DA:45,1
DA:46,1
DA:47,1
DA:48,1
DA:49,1
DA:50,1
DA:51,1
DA:52,1
DA:53,1
DA:54,1
DA:55,1
DA:56,1
DA:57,1
DA:58,1
DA:59,1
DA:60,1
DA:61,1
DA:62,1
DA:63,1
DA:64,1
DA:65,1
DA:66,1
DA:67,1
DA:68,1
LF:68
LH:68
BRDA:17,0,0,1
BRF:1
BRH:1
end_of_record
TN:
SF:src\main.jsx
FNF:0
FNH:0
DA:1,1
DA:2,1
DA:3,1
DA:4,1
DA:5,1
DA:6,1
DA:7,1
DA:8,2
DA:9,1
DA:10,1
DA:11,1
DA:12,1
DA:13,1
DA:14,1
DA:15,1
DA:16,1
DA:17,1
LF:17
LH:17
BRDA:7,0,0,2
BRDA:8,1,0,1
BRF:2
BRH:2
end_of_record
TN:
SF:src\components\Navbar.jsx
FN:7,Navbar
FN:14,handleLogout
FN:20,isActive
FN:46,onClick
FN:54,onClick
FN:64,onClick
FN:65,onBlur
FN:99,onClick
FNF:8
FNH:8
FNDA:16,Navbar
FNDA:1,handleLogout
FNDA:48,isActive
FNDA:1,onClick
FNDA:1,onClick
FNDA:2,onClick
FNDA:1,onBlur
FNDA:4,onClick
DA:1,1
DA:2,1
DA:3,1
DA:4,1
DA:5,1
DA:6,1
DA:7,1
DA:8,16
DA:9,16
DA:10,16
DA:11,16
DA:12,16
DA:13,16
DA:14,16
DA:15,1
DA:16,1
DA:17,1
DA:18,16
DA:19,16
DA:20,16
DA:21,16
DA:22,16
DA:23,16
DA:24,16
DA:25,16
DA:26,16
DA:27,16
DA:28,16
DA:29,16
DA:30,16
DA:31,16
DA:32,16
DA:33,16
DA:34,16
DA:35,16
DA:36,16
DA:37,16
DA:38,16
DA:39,15
DA:40,15
DA:41,15
DA:42,15
DA:43,15
DA:44,15
DA:45,15
DA:46,15
DA:47,15
DA:48,15
DA:49,15
DA:50,15
DA:51,15
DA:52,15
DA:53,15
DA:54,15
DA:55,15
DA:56,15
DA:57,15
DA:58,15
DA:59,15
DA:60,15
DA:61,15
DA:62,15
DA:63,15
DA:64,15
DA:65,15
DA:66,15
DA:67,15
DA:68,15
DA:69,15
DA:70,15
DA:71,15
DA:72,15
DA:73,15
DA:74,15
DA:75,15
DA:76,15
DA:77,15
DA:78,3
DA:79,3
DA:80,3
DA:81,3
DA:82,3
DA:83,3
DA:84,3
DA:85,3
DA:86,3
DA:87,3
DA:88,3
DA:89,3
DA:90,3
DA:91,3
DA:92,3
DA:93,15
DA:94,15
DA:95,15
DA:96,15
DA:97,15
DA:98,15
DA:99,15
DA:100,15
DA:101,15
DA:102,15
DA:103,15
DA:104,15
DA:105,16
DA:106,16
DA:107,16
DA:108,1
DA:109,1
DA:110,1
DA:111,1
DA:112,16
DA:113,16
DA:114,16
DA:115,16
DA:116,16
LF:116
LH:116
BRDA:7,0,0,16
BRDA:25,1,0,15
BRDA:25,2,0,1
BRDA:38,3,0,15
BRDA:40,4,0,3
BRDA:40,5,0,12
BRDA:45,6,0,10
BRDA:45,7,0,5
BRDA:53,8,0,5
BRDA:53,9,0,10
BRDA:77,10,0,3
BRDA:102,11,0,3
BRDA:102,12,0,12
BRDA:107,13,0,1
BRDA:14,14,0,1
BRDA:20,15,0,48
BRDA:46,16,0,1
BRDA:54,17,0,1
BRDA:64,18,0,2
BRDA:65,19,0,1
BRDA:65,20,0,1
BRDA:99,21,0,4
BRF:22
BRH:22
end_of_record
TN:
SF:src\components\ProtectedRoute.jsx
FN:4,ProtectedRoute
FNF:1
FNH:1
FNDA:3,ProtectedRoute
DA:1,1
DA:2,1
DA:3,1
DA:4,1
DA:5,3
DA:6,3
DA:7,3
DA:8,1
DA:9,1
DA:10,1
DA:11,1
DA:12,1
DA:13,1
DA:14,2
DA:15,3
DA:16,1
DA:17,1
DA:18,1
DA:19,1
DA:20,1
LF:20
LH:20
BRDA:4,0,0,3
BRDA:7,1,0,1
BRDA:13,2,0,2
BRDA:15,3,0,1
BRF:4
BRH:4
end_of_record
TN:
SF:src\components\steps\StepDocuments.jsx
FN:6,StepDocuments
FN:24,handleChange
FN:28,handleFileUpload
FN:59,handleSubmit
FN:73,addOtherLink
FN:74,updateOtherLink
FN:79,removeOtherLink
FN:100,onClick
FN:152,onChange
FN:156,onClick
FNF:10
FNH:10
FNDA:21,StepDocuments
FNDA:1,handleChange
FNDA:5,handleFileUpload
FNDA:3,handleSubmit
FNDA:1,addOtherLink
FNDA:1,updateOtherLink
FNDA:1,removeOtherLink
FNDA:1,onClick
FNDA:1,onChange
FNDA:1,onClick
DA:1,1
DA:2,1
DA:3,1
DA:4,1
DA:5,1
DA:6,1
DA:7,21
DA:8,21
DA:9,21
DA:10,21
DA:11,21
DA:12,21
DA:13,21
DA:14,21
DA:15,21
DA:16,21
DA:17,21
DA:18,14
DA:19,21
DA:20,21
DA:21,21
DA:22,21
DA:23,21
DA:24,21
DA:25,1
DA:26,21
DA:27,21
DA:28,21
DA:29,5
DA:30,5
DA:31,4
DA:32,5
DA:33,1
DA:34,1
DA:35,1
DA:36,3
DA:37,5
DA:38,1
DA:39,1
DA:40,1
DA:41,2
DA:42,2
DA:43,2
DA:44,2
DA:45,2
DA:46,2
DA:47,2
DA:48,2
DA:49,2
DA:50,1
DA:51,1
DA:52,1
DA:53,1
DA:54,5
DA:55,2
DA:56,2
DA:57,21
DA:58,21
DA:59,21
DA:60,3
DA:61,3
DA:62,1
DA:63,1
DA:64,1
DA:65,3
DA:66,1
DA:67,1
DA:68,1
DA:69,1
DA:70,1
DA:71,21
DA:72,21
DA:73,21
DA:74,21
DA:75,1
DA:76,1
DA:77,1
DA:78,21
DA:79,21
DA:80,1
DA:81,21
DA:82,21
DA:83,21
DA:84,21
DA:85,21
DA:86,21
DA:87,21
DA:88,21
DA:89,21
DA:90,21
DA:91,21
DA:92,21
DA:93,21
DA:94,21
DA:95,21
DA:96,21
DA:97,21
DA:98,21
DA:99,21
DA:100,21
DA:101,21
DA:102,21
DA:103,2
DA:104,2
DA:105,2
DA:106,2
DA:107,19
DA:108,9
DA:109,9
DA:110,9
DA:111,9
DA:112,9
DA:113,10
DA:114,10
DA:115,10
DA:116,10
DA:117,10
DA:118,21
DA:119,21
DA:120,21
DA:121,21
DA:122,21
DA:123,21
DA:124,21
DA:125,21
DA:126,21
DA:127,21
DA:128,21
DA:129,21
DA:130,21
DA:131,21
DA:132,21
DA:133,21
DA:134,21
DA:135,21
DA:136,21
DA:137,21
DA:138,21
DA:139,21
DA:140,21
DA:141,21
DA:142,21
DA:143,21
DA:144,21
DA:145,21
DA:146,9
DA:147,9
DA:148,9
DA:149,9
DA:150,9
DA:151,9
DA:152,9
DA:153,9
DA:154,9
DA:155,9
DA:156,9
DA:157,9
DA:158,9
DA:159,9
DA:160,21
DA:161,21
DA:162,21
DA:163,21
DA:164,21
DA:165,21
DA:166,21
DA:167,21
DA:168,21
DA:169,21
DA:170,21
DA:171,21
DA:172,21
DA:173,21
DA:174,21
LF:174
LH:174
BRDA:6,0,0,21
BRDA:8,1,0,13
BRDA:9,2,0,14
BRDA:10,3,0,14
BRDA:11,4,0,13
BRDA:12,5,0,14
BRDA:16,6,0,7
BRDA:16,7,0,7
BRDA:17,8,0,14
BRDA:99,9,0,9
BRDA:99,10,0,12
BRDA:102,11,0,2
BRDA:107,12,0,19
BRDA:107,13,0,9
BRDA:110,14,0,1
BRDA:113,15,0,10
BRDA:169,16,0,0
BRDA:24,17,0,1
BRDA:28,18,0,5
BRDA:30,19,0,1
BRDA:30,20,0,4
BRDA:32,21,0,1
BRDA:35,22,0,3
BRDA:37,23,0,1
BRDA:40,24,0,2
BRDA:49,25,0,1
BRDA:53,26,0,0
BRDA:54,27,0,2
BRDA:59,28,0,3
BRDA:61,29,0,1
BRDA:64,30,0,2
BRDA:65,31,0,1
BRDA:69,32,0,1
BRDA:73,33,0,1
BRDA:74,34,0,1
BRDA:79,35,0,1
BRDA:80,36,0,2
BRDA:100,37,0,1
BRDA:145,38,0,9
BRDA:152,39,0,1
BRDA:156,40,0,1
BRF:41
BRH:39
end_of_record
TN:
SF:src\components\steps\StepEducation.jsx
FN:4,StepEducation
FN:16,handleHistoryChange
FN:22,addHistory
FN:26,removeHistory
FN:32,handleSubmit
FN:53,onClick
FN:60,onChange
FN:64,onChange
FN:71,onChange
FN:75,onChange
FNF:10
FNH:10
FNDA:12,StepEducation
FNDA:4,handleHistoryChange
FNDA:1,addHistory
FNDA:1,removeHistory
FNDA:1,handleSubmit
FNDA:1,onClick
FNDA:1,onChange
FNDA:1,onChange
FNDA:1,onChange
FNDA:1,onChange
DA:1,1
DA:2,1
DA:3,1
DA:4,1
DA:5,12
DA:6,12
DA:7,6
DA:8,6
DA:9,6
DA:10,6
DA:11,6
DA:12,6
DA:13,6
DA:14,12
DA:15,12
DA:16,12
DA:17,4
DA:18,4
DA:19,4
DA:20,12
DA:21,12
DA:22,12
DA:23,1
DA:24,12
DA:25,12
DA:26,12
DA:27,1
DA:28,1
DA:29,1
DA:30,12
DA:31,12
DA:32,12
DA:33,1
DA:34,1
DA:35,12
DA:36,12
DA:37,12
DA:38,12
DA:39,12
DA:40,12
DA:41,12
DA:42,12
DA:43,12
DA:44,12
DA:45,12
DA:46,12
DA:47,12
DA:48,12
DA:49,12
DA:50,12
DA:51,13
DA:52,13
DA:53,2
DA:54,2
DA:55,2
DA:56,13
DA:57,13
DA:58,13
DA:59,13
DA:60,13
DA:61,13
DA:62,13
DA:63,13
DA:64,13
DA:65,13
DA:66,13
DA:67,13
DA:68,13
DA:69,13
DA:70,13
DA:71,13
DA:72,13
DA:73,13
DA:74,13
DA:75,13
DA:76,13
DA:77,13
DA:78,13
DA:79,12
DA:80,12
DA:81,12
DA:82,12
DA:83,12
DA:84,12
DA:85,12
DA:86,12
DA:87,12
DA:88,12
DA:89,12
DA:90,12
DA:91,12
DA:92,12
LF:92
LH:92
BRDA:4,0,0,12
BRDA:6,1,0,6
BRDA:7,2,0,6
BRDA:13,3,0,6
BRDA:87,4,0,0
BRDA:7,5,0,6
BRDA:16,6,0,4
BRDA:22,7,0,1
BRDA:26,8,0,1
BRDA:28,9,0,2
BRDA:32,10,0,1
BRDA:50,11,0,13
BRDA:51,12,0,1
BRDA:51,13,0,12
BRDA:52,14,0,2
BRDA:53,15,0,1
BRDA:60,16,0,1
BRDA:64,17,0,1
BRDA:71,18,0,1
BRDA:75,19,0,1
BRF:20
BRH:19
end_of_record
TN:
SF:src\components\steps\StepPersonal.jsx
FN:5,StepPersonal
FN:27,handleChange
FN:36,handleSubmit
FNF:3
FNH:3
FNDA:13,StepPersonal
FNDA:5,handleChange
FNDA:3,handleSubmit
DA:1,1
DA:2,1
DA:3,1
DA:4,1
DA:5,1
DA:6,13
DA:7,13
DA:8,13
DA:9,13
DA:10,13
DA:11,13
DA:12,13
DA:13,13
DA:14,13
DA:15,13
DA:16,13
DA:17,13
DA:18,13
DA:19,13
DA:20,13
DA:21,13
DA:22,13
DA:23,13
DA:24,13
DA:25,13
DA:26,13
DA:27,13
DA:28,5
DA:29,5
DA:30,2
DA:31,5
DA:32,3
DA:33,3
DA:34,13
DA:35,13
DA:36,13
DA:37,3
DA:38,3
DA:39,1
DA:40,1
DA:41,2
DA:42,2
DA:43,2
DA:44,3
DA:45,1
DA:46,1
DA:47,1
DA:48,1
DA:49,1
DA:50,13
DA:51,13
DA:52,13
DA:53,13
DA:54,13
DA:55,13
DA:56,13
DA:57,13
DA:58,13
DA:59,13
DA:60,13
DA:61,13
DA:62,13
DA:63,13
DA:64,13
DA:65,13
DA:66,13
DA:67,13
DA:68,13
DA:69,13
DA:70,13
DA:71,13
DA:72,13
DA:73,13
DA:74,13
DA:75,13
DA:76,13
DA:77,13
DA:78,13
DA:79,13
DA:80,13
DA:81,13
DA:82,13
DA:83,13
DA:84,13
DA:85,13
DA:86,13
DA:87,13
DA:88,13
DA:89,13
DA:90,468
DA:91,13
DA:92,13
DA:93,13
DA:94,13
DA:95,13
DA:96,13
DA:97,13
DA:98,13
DA:99,13
DA:100,13
DA:101,13
DA:102,13
DA:103,13
DA:104,13
DA:105,13
DA:106,13
DA:107,13
DA:108,13
DA:109,13
DA:110,13
DA:111,13
DA:112,13
DA:113,13
DA:114,13
DA:115,13
DA:116,13
DA:117,13
DA:118,13
DA:119,13
DA:120,13
DA:121,13
DA:122,13
DA:123,13
DA:124,13
DA:125,13
DA:126,13
LF:126
LH:126
BRDA:5,0,0,13
BRDA:7,1,0,9
BRDA:8,2,0,9
BRDA:9,3,0,9
BRDA:10,4,0,4
BRDA:10,5,0,9
BRDA:11,6,0,9
BRDA:12,7,0,9
BRDA:13,8,0,9
BRDA:14,9,0,9
BRDA:121,10,0,1
BRDA:121,11,0,12
BRDA:27,12,0,5
BRDA:29,13,0,2
BRDA:31,14,0,3
BRDA:36,15,0,3
BRDA:38,16,0,2
BRDA:38,17,0,2
BRDA:38,18,0,2
BRDA:38,19,0,2
BRDA:38,20,0,2
BRDA:38,21,0,2
BRDA:38,22,0,1
BRDA:40,23,0,2
BRDA:44,24,0,1
BRDA:89,25,0,468
BRF:26
BRH:26
end_of_record
TN:
SF:src\components\steps\StepPreferences.jsx
FN:5,StepPreferences
FN:20,fetchJobs
FN:42,handleChange
FN:58,handleOtherRoleChange
FN:62,handleSubmit
FNF:5
FNH:5
FNDA:22,StepPreferences
FNDA:9,fetchJobs
FNDA:5,handleChange
FNDA:1,handleOtherRoleChange
FNDA:2,handleSubmit
DA:1,1
DA:2,1
DA:3,1
DA:4,1
DA:5,1
DA:6,22
DA:7,22
DA:8,22
DA:9,22
DA:10,22
DA:11,22
DA:12,22
DA:13,22
DA:14,22
DA:15,22
DA:16,22
DA:17,22
DA:18,22
DA:19,22
DA:20,9
DA:21,9
DA:22,9
DA:23,9
DA:24,8
DA:25,8
DA:26,8
DA:27,8
DA:28,2
DA:29,2
DA:30,2
DA:31,2
DA:32,8
DA:33,9
DA:34,1
DA:35,9
DA:36,9
DA:37,9
DA:38,9
DA:39,9
DA:40,22
DA:41,22
DA:42,22
DA:43,5
DA:44,5
DA:45,5
DA:46,2
DA:47,1
DA:48,1
DA:49,1
DA:50,1
DA:51,1
DA:52,1
DA:53,5
DA:54,3
DA:55,3
DA:56,22
DA:57,22
DA:58,22
DA:59,1
DA:60,22
DA:61,22
DA:62,22
DA:63,2
DA:64,2
DA:65,2
DA:66,2
DA:67,1
DA:68,1
DA:69,2
DA:70,2
DA:71,22
DA:72,22
DA:73,22
DA:74,22
DA:75,22
DA:76,22
DA:77,22
DA:78,22
DA:79,22
DA:80,22
DA:81,22
DA:82,22
DA:83,22
DA:84,22
DA:85,22
DA:86,22
DA:87,22
DA:88,22
DA:89,22
DA:90,22
DA:91,22
DA:92,22
DA:93,22
DA:94,22
DA:95,22
DA:96,22
DA:97,22
DA:98,22
DA:99,22
DA:100,22
DA:101,22
DA:102,22
DA:103,22
DA:104,22
DA:105,22
DA:106,22
DA:107,22
DA:108,22
DA:109,22
DA:110,22
DA:111,22
DA:112,22
DA:113,22
DA:114,22
DA:115,22
DA:116,4
DA:117,4
DA:118,4
DA:119,4
DA:120,4
DA:121,4
DA:122,4
DA:123,4
DA:124,4
DA:125,4
DA:126,22
DA:127,22
DA:128,22
DA:129,22
DA:130,22
DA:131,22
DA:132,22
DA:133,22
DA:134,22
DA:135,22
DA:136,22
DA:137,22
DA:138,22
DA:139,22
DA:140,22
DA:141,22
DA:142,22
DA:143,22
DA:144,22
DA:145,22
DA:146,22
DA:147,22
DA:148,22
LF:148
LH:148
BRDA:5,0,0,22
BRDA:7,1,0,11
BRDA:8,2,0,11
BRDA:9,3,0,11
BRDA:10,4,0,11
BRDA:106,5,0,10
BRDA:106,6,0,12
BRDA:115,7,0,4
BRDA:142,8,0,12
BRDA:142,9,0,4
BRDA:143,10,0,0
BRDA:19,11,0,9
BRDA:20,12,0,9
BRDA:22,13,0,8
BRDA:23,14,0,8
BRDA:27,15,0,5
BRDA:27,16,0,2
BRDA:33,17,0,1
BRDA:27,18,0,7
BRDA:30,19,0,2
BRDA:42,20,0,5
BRDA:45,21,0,2
BRDA:46,22,0,1
BRDA:53,23,0,3
BRDA:54,24,0,1
BRDA:54,25,0,2
BRDA:58,26,0,1
BRDA:62,27,0,2
BRDA:66,28,0,1
BRDA:107,29,0,22
BRDA:109,30,0,0
BRF:31
BRH:29
end_of_record
TN:
SF:src\components\steps\StepProfessional.jsx
FN:4,StepProfessional
FN:23,handleChange
FN:28,handleHistoryChange
FN:34,addHistory
FN:38,removeHistory
FN:44,handleSubmit
FN:153,onClick
FN:160,onChange
FN:164,onChange
FN:170,onChange
FN:179,onChange
FN:191,onChange
FNF:12
FNH:10
FNDA:16,StepProfessional
FNDA:2,handleChange
FNDA:4,handleHistoryChange
FNDA:1,addHistory
FNDA:1,removeHistory
FNDA:2,handleSubmit
FNDA:1,onClick
FNDA:1,onChange
FNDA:0,onChange
FNDA:0,onChange
FNDA:2,onChange
FNDA:1,onChange
DA:1,1
DA:2,1
DA:3,1
DA:4,1
DA:5,16
DA:6,16
DA:7,16
DA:8,16
DA:9,16
DA:10,16
DA:11,16
DA:12,16
DA:13,16
DA:14,16
DA:15,16
DA:16,16
DA:17,16
DA:18,16
DA:19,10
DA:20,6
DA:21,16
DA:22,16
DA:23,16
DA:24,2
DA:25,2
DA:26,16
DA:27,16
DA:28,16
DA:29,4
DA:30,4
DA:31,4
DA:32,16
DA:33,16
DA:34,16
DA:35,1
DA:36,16
DA:37,16
DA:38,16
DA:39,1
DA:40,1
DA:41,1
DA:42,16
DA:43,16
DA:44,16
DA:45,2
DA:46,2
DA:47,2
DA:48,2
DA:49,2
DA:50,2
DA:51,2
DA:52,2
DA:53,2
DA:54,2
DA:55,2
DA:56,2
DA:57,2
DA:58,2
DA:59,2
DA:60,2
DA:61,2
DA:62,2
DA:63,2
DA:64,2
DA:65,1
DA:66,1
DA:67,1
DA:68,1
DA:69,1
DA:70,1
DA:71,1
DA:72,1
DA:73,1
DA:74,1
DA:75,2
DA:76,2
DA:77,16
DA:78,16
DA:79,16
DA:80,16
DA:81,16
DA:82,16
DA:83,16
DA:84,16
DA:85,16
DA:86,16
DA:87,16
DA:88,16
DA:89,16
DA:90,16
DA:91,16
DA:92,16
DA:93,16
DA:94,16
DA:95,16
DA:96,16
DA:97,16
DA:98,16
DA:99,16
DA:100,16
DA:101,16
DA:102,16
DA:103,16
DA:104,16
DA:105,16
DA:106,16
DA:107,16
DA:108,16
DA:109,16
DA:110,16
DA:111,16
DA:112,16
DA:113,16
DA:114,16
DA:115,16
DA:116,16
DA:117,16
DA:118,16
DA:119,16
DA:120,16
DA:121,16
DA:122,16
DA:123,16
DA:124,16
DA:125,16
DA:126,16
DA:127,16
DA:128,16
DA:129,16
DA:130,16
DA:131,16
DA:132,16
DA:133,16
DA:134,16
DA:135,16
DA:136,16
DA:137,16
DA:138,16
DA:139,16
DA:140,16
DA:141,16
DA:142,16
DA:143,16
DA:144,16
DA:145,16
DA:146,16
DA:147,16
DA:148,16
DA:149,16
DA:150,16
DA:151,17
DA:152,17
DA:153,2
DA:154,2
DA:155,2
DA:156,17
DA:157,17
DA:158,17
DA:159,17
DA:160,17
DA:161,17
DA:162,17
DA:163,17
DA:164,17
DA:165,17
DA:166,17
DA:167,17
DA:168,17
DA:169,17
DA:170,17
DA:171,17
DA:172,17
DA:173,17
DA:174,17
DA:175,17
DA:176,17
DA:177,17
DA:178,17
DA:179,17
DA:180,2
DA:181,1
DA:182,2
DA:183,17
DA:184,17
DA:185,17
DA:186,17
DA:187,17
DA:188,17
DA:189,7
DA:190,10
DA:191,10
DA:192,17
DA:193,17
DA:194,17
DA:195,17
DA:196,16
DA:197,16
DA:198,16
DA:199,16
DA:200,16
DA:201,16
DA:202,16
DA:203,16
DA:204,16
DA:205,16
DA:206,16
DA:207,16
DA:208,16
DA:209,16
DA:210,16
LF:210
LH:210
BRDA:4,0,0,16
BRDA:6,1,0,0
BRDA:7,2,0,6
BRDA:8,3,0,6
BRDA:9,4,0,10
BRDA:9,5,0,6
BRDA:10,6,0,10
BRDA:10,7,0,6
BRDA:11,8,0,6
BRDA:12,9,0,6
BRDA:13,10,0,0
BRDA:14,11,0,6
BRDA:18,12,0,10
BRDA:19,13,0,10
BRDA:20,14,0,6
BRDA:143,15,0,4
BRDA:143,16,0,12
BRDA:205,17,0,0
BRDA:19,18,0,10
BRDA:23,19,0,2
BRDA:28,20,0,4
BRDA:34,21,0,1
BRDA:38,22,0,1
BRDA:40,23,0,2
BRDA:44,24,0,2
BRDA:48,25,0,1
BRDA:49,26,0,1
BRDA:64,27,0,1
BRDA:150,28,0,17
BRDA:152,29,0,2
BRDA:188,30,0,7
BRDA:190,31,0,10
BRDA:191,32,0,6
BRDA:153,33,0,1
BRDA:160,34,0,1
BRDA:179,35,0,2
BRDA:180,36,0,1
BRDA:191,37,0,1
BRF:38
BRH:35
end_of_record
TN:
SF:src\components\steps\StepReview.jsx
FN:9,StepReview
FN:14,ReviewSection
FN:18,onClick
FN:26,Row
FN:33,handleSubmit
FN:118,onChange
FNF:6
FNH:6
FNDA:7,StepReview
FNDA:42,ReviewSection
FNDA:1,onClick
FNDA:193,Row
FNDA:1,handleSubmit
FNDA:1,onChange
DA:1,1
DA:2,1
DA:3,1
DA:4,1
DA:5,1
DA:6,1
DA:7,1
DA:8,1
DA:9,1
DA:10,7
DA:11,7
DA:12,7
DA:13,7
DA:14,7
DA:15,42
DA:16,42
DA:17,42
DA:18,42
DA:19,42
DA:20,42
DA:21,42
DA:22,42
DA:23,42
DA:24,7
DA:25,7
DA:26,7
DA:27,193
DA:28,193
DA:29,193
DA:30,193
DA:31,7
DA:32,7
DA:33,7
DA:34,1
DA:35,1
DA:36,7
DA:37,7
DA:38,7
DA:39,7
DA:40,7
DA:41,7
DA:42,7
DA:43,7
DA:44,7
DA:45,7
DA:46,7
DA:47,7
DA:48,7
DA:49,7
DA:50,7
DA:51,7
DA:52,7
DA:53,7
DA:54,7
DA:55,7
DA:56,7
DA:57,7
DA:58,7
DA:59,7
DA:60,7
DA:61,7
DA:62,7
DA:63,7
DA:64,6
DA:65,6
DA:66,6
DA:67,6
DA:68,6
DA:69,6
DA:70,6
DA:71,6
DA:72,7
DA:73,7
DA:74,7
DA:75,7
DA:76,7
DA:77,6
DA:78,6
DA:79,6
DA:80,6
DA:81,6
DA:82,6
DA:83,6
DA:84,6
DA:85,1
DA:86,1
DA:87,7
DA:88,7
DA:89,7
DA:90,7
DA:91,7
DA:92,6
DA:93,6
DA:94,6
DA:95,1
DA:96,1
DA:97,7
DA:98,7
DA:99,7
DA:100,7
DA:101,7
DA:102,7
DA:103,7
DA:104,7
DA:105,7
DA:106,7
DA:107,7
DA:108,7
DA:109,7
DA:110,7
DA:111,7
DA:112,7
DA:113,7
DA:114,7
DA:115,7
DA:116,6
DA:117,6
DA:118,6
DA:119,6
DA:120,6
DA:121,6
DA:122,6
DA:123,6
DA:124,6
DA:125,6
DA:126,6
DA:127,6
DA:128,6
DA:129,6
DA:130,6
DA:131,6
DA:132,6
DA:133,6
DA:134,6
DA:135,6
DA:136,6
DA:137,6
DA:138,7
DA:139,7
DA:140,7
DA:141,7
LF:141
LH:141
BRDA:9,0,0,7
BRDA:12,1,0,1
BRDA:40,2,0,1
BRDA:40,3,0,6
BRDA:42,4,0,1
BRDA:42,5,0,6
BRDA:49,6,0,6
BRDA:49,7,0,1
BRDA:51,8,0,6
BRDA:51,9,0,1
BRDA:60,10,0,6
BRDA:60,11,0,0
BRDA:60,12,0,1
BRDA:61,13,0,6
BRDA:61,14,0,1
BRDA:63,15,0,6
BRDA:63,16,0,6
BRDA:76,17,0,6
BRDA:76,18,0,6
BRDA:85,19,0,1
BRDA:91,20,0,6
BRDA:91,21,0,6
BRDA:95,22,0,1
BRDA:104,23,0,1
BRDA:105,24,0,6
BRDA:105,25,0,1
BRDA:109,26,0,1
BRDA:109,27,0,0
BRDA:110,28,0,1
BRDA:111,29,0,1
BRDA:112,30,0,1
BRDA:115,31,0,6
BRDA:131,32,0,1
BRDA:134,33,0,0
BRDA:14,34,0,42
BRDA:18,35,0,1
BRDA:26,36,0,193
BRDA:29,37,0,11
BRDA:33,38,0,1
BRDA:34,39,0,0
BRDA:66,40,0,6
BRDA:77,41,0,6
BRDA:78,42,0,0
BRDA:92,43,0,6
BRDA:93,44,0,0
BRDA:118,45,0,1
BRF:46
BRH:40
end_of_record
TN:
SF:src\components\steps\StepSkills.jsx
FN:4,StepSkills
FN:19,handleEntryChange
FN:25,addEntry
FN:29,removeEntry
FN:35,handleSubmit
FN:62,onClick
FN:70,onChange
FN:81,onChange
FNF:8
FNH:8
FNDA:11,StepSkills
FNDA:2,handleEntryChange
FNDA:2,addEntry
FNDA:1,removeEntry
FNDA:1,handleSubmit
FNDA:1,onClick
FNDA:1,onChange
FNDA:1,onChange
DA:1,1
DA:2,1
DA:3,1
DA:4,1
DA:5,11
DA:6,11
DA:7,11
DA:8,7
DA:9,4
DA:10,11
DA:11,11
DA:12,11
DA:13,11
DA:14,11
DA:15,11
DA:16,11
DA:17,11
DA:18,11
DA:19,11
DA:20,2
DA:21,2
DA:22,2
DA:23,11
DA:24,11
DA:25,11
DA:26,2
DA:27,11
DA:28,11
DA:29,11
DA:30,1
DA:31,1
DA:32,1
DA:33,11
DA:34,11
DA:35,11
DA:36,1
DA:37,1
DA:38,1
DA:39,1
DA:40,11
DA:41,11
DA:42,11
DA:43,11
DA:44,11
DA:45,11
DA:46,11
DA:47,11
DA:48,11
DA:49,11
DA:50,11
DA:51,11
DA:52,11
DA:53,11
DA:54,11
DA:55,11
DA:56,11
DA:57,11
DA:58,13
DA:59,13
DA:60,4
DA:61,4
DA:62,4
DA:63,4
DA:64,4
DA:65,4
DA:66,4
DA:67,13
DA:68,13
DA:69,13
DA:70,13
DA:71,13
DA:72,13
DA:73,13
DA:74,13
DA:75,13
DA:76,13
DA:77,13
DA:78,13
DA:79,13
DA:80,13
DA:81,13
DA:82,13
DA:83,13
DA:84,13
DA:85,13
DA:86,13
DA:87,11
DA:88,11
DA:89,11
DA:90,11
DA:91,11
DA:92,11
DA:93,11
DA:94,11
DA:95,11
DA:96,11
DA:97,11
DA:98,11
DA:99,11
DA:100,11
LF:100
LH:100
BRDA:4,0,0,11
BRDA:7,1,0,7
BRDA:8,2,0,7
BRDA:9,3,0,4
BRDA:95,4,0,0
BRDA:19,5,0,2
BRDA:25,6,0,2
BRDA:29,7,0,1
BRDA:31,8,0,2
BRDA:35,9,0,1
BRDA:38,10,0,2
BRDA:38,11,0,1
BRDA:57,12,0,13
BRDA:59,13,0,4
BRDA:62,14,0,1
BRDA:70,15,0,1
BRDA:72,16,0,52
BRDA:81,17,0,1
BRF:18
BRH:17
end_of_record
TN:
SF:src\context\AuthContext.jsx
FN:6,AuthProvider
FN:33,login
FN:39,logout
FN:45,updateUser
FN:58,useAuth
FNF:5
FNH:5
FNDA:21,AuthProvider
FNDA:3,login
FNDA:3,logout
FNDA:1,updateUser
FNDA:24,useAuth
DA:1,1
DA:2,1
DA:3,1
DA:4,1
DA:5,1
DA:6,1
DA:7,21
DA:8,21
DA:9,21
DA:10,21
DA:11,7
DA:12,7
DA:13,7
DA:14,7
DA:15,3
DA:16,3
DA:17,3
DA:18,3
DA:19,1
DA:20,1
DA:21,3
DA:22,1
DA:23,3
DA:24,3
DA:25,1
DA:26,1
DA:27,1
DA:28,7
DA:29,4
DA:30,4
DA:31,21
DA:32,21
DA:33,21
DA:34,3
DA:35,3
DA:36,3
DA:37,21
DA:38,21
DA:39,21
DA:40,3
DA:41,3
DA:42,3
DA:43,21
DA:44,21
DA:45,21
DA:46,1
DA:47,1
DA:48,1
DA:49,21
DA:50,21
DA:51,21
DA:52,21
DA:53,21
DA:54,21
DA:55,21
DA:56,21
DA:57,1
DA:58,1
DA:59,24
DA:60,24
DA:61,2
DA:62,2
DA:63,21
DA:64,21
LF:64
LH:64
BRDA:6,0,0,21
BRDA:10,1,0,7
BRDA:14,2,0,3
BRDA:14,3,0,3
BRDA:24,4,0,1
BRDA:28,5,0,4
BRDA:18,6,0,1
BRDA:21,7,0,1
BRDA:23,8,0,2
BRDA:33,9,0,3
BRDA:39,10,0,3
BRDA:45,11,0,1
BRDA:58,12,0,24
BRDA:60,13,0,2
BRDA:62,14,0,21
BRF:15
BRH:15
end_of_record
TN:
SF:src\pages\Dashboard.jsx
FN:33,Dashboard
FN:49,fetchDashboardData
FN:72,handleApplyClick
FN:78,confirmApply
FN:187,onClick
FN:209,onClick
FN:281,onClick
FN:285,onClick
FNF:8
FNH:7
FNDA:37,Dashboard
FNDA:14,fetchDashboardData
FNDA:5,handleApplyClick
FNDA:4,confirmApply
FNDA:1,onClick
FNDA:4,onClick
FNDA:0,onClick
FNDA:1,onClick
DA:1,1
DA:2,1
DA:3,1
DA:4,1
DA:5,1
DA:6,1
DA:7,1
DA:8,1
DA:9,1
DA:10,1
DA:11,1
DA:12,1
DA:13,1
DA:14,1
DA:15,1
DA:16,1
DA:17,1
DA:18,1
DA:19,1
DA:20,1
DA:21,1
DA:22,1
DA:23,1
DA:24,1
DA:25,1
DA:26,1
DA:27,1
DA:28,1
DA:29,1
DA:30,1
DA:31,1
DA:32,1
DA:33,1
DA:34,37
DA:35,37
DA:36,37
DA:37,37
DA:38,37
DA:39,37
DA:40,37
DA:41,37
DA:42,37
DA:43,37
DA:44,37
DA:45,37
DA:46,12
DA:47,37
DA:48,37
DA:49,37
DA:50,14
DA:51,14
DA:52,14
DA:53,14
DA:54,14
DA:55,14
DA:56,12
DA:57,12
DA:58,14
DA:59,1
DA:60,1
DA:61,1
DA:62,11
DA:63,14
DA:64,14
DA:65,14
DA:66,1
DA:67,14
DA:68,13
DA:69,13
DA:70,37
DA:71,37
DA:72,37
DA:73,5
DA:74,5
DA:75,5
DA:76,37
DA:77,37
DA:78,37
DA:79,4
DA:80,4
DA:81,4
DA:82,3
DA:83,1
DA:84,4
DA:85,1
DA:86,1
DA:87,1
DA:88,2
DA:89,2
DA:90,2
DA:91,2
DA:92,4
DA:93,4
DA:94,4
DA:95,37
DA:96,37
DA:97,37
DA:98,37
DA:99,37
DA:100,12
DA:101,12
DA:102,12
DA:103,12
DA:104,12
DA:105,12
DA:106,12
DA:107,12
DA:108,25
DA:109,25
DA:110,25
DA:111,25
DA:112,25
DA:113,25
DA:114,37
DA:115,37
DA:116,37
DA:117,37
DA:118,37
DA:119,37
DA:120,37
DA:121,37
DA:122,37
DA:123,37
DA:124,37
DA:125,37
DA:126,37
DA:127,37
DA:128,37
DA:129,37
DA:130,37
DA:131,37
DA:132,37
DA:133,37
DA:134,37
DA:135,37
DA:136,37
DA:137,37
DA:138,37
DA:139,37
DA:140,37
DA:141,37
DA:142,37
DA:143,37
DA:144,37
DA:145,24
DA:146,24
DA:147,24
DA:148,24
DA:149,24
DA:150,24
DA:151,24
DA:152,24
DA:153,24
DA:154,24
DA:155,24
DA:156,24
DA:157,24
DA:158,24
DA:159,17
DA:160,17
DA:161,1
DA:162,17
DA:163,16
DA:164,16
DA:165,16
DA:166,24
DA:167,7
DA:168,7
DA:169,24
DA:170,24
DA:171,24
DA:172,24
DA:173,8
DA:174,8
DA:175,8
DA:176,8
DA:177,8
DA:178,1
DA:179,8
DA:180,8
DA:181,8
DA:182,8
DA:183,8
DA:184,8
DA:185,8
DA:186,8
DA:187,8
DA:188,8
DA:189,8
DA:190,8
DA:191,8
DA:192,8
DA:193,8
DA:194,8
DA:195,24
DA:196,24
DA:197,24
DA:198,16
DA:199,16
DA:200,16
DA:201,16
DA:202,16
DA:203,16
DA:204,16
DA:205,16
DA:206,16
DA:207,16
DA:208,16
DA:209,16
DA:210,16
DA:211,16
DA:212,16
DA:213,16
DA:214,16
DA:215,16
DA:216,16
DA:217,24
DA:218,24
DA:219,24
DA:220,24
DA:221,24
DA:222,24
DA:223,37
DA:224,37
DA:225,37
DA:226,37
DA:227,1
DA:228,1
DA:229,1
DA:230,1
DA:231,3
DA:232,3
DA:233,3
DA:234,3
DA:235,1
DA:236,1
DA:237,1
DA:238,3
DA:239,3
DA:240,3
DA:241,3
DA:242,3
DA:243,3
DA:244,3
DA:245,3
DA:246,3
DA:247,3
DA:248,3
DA:249,3
DA:250,3
DA:251,3
DA:252,3
DA:253,3
DA:254,3
DA:255,3
DA:256,3
DA:257,1
DA:258,1
DA:259,1
DA:260,37
DA:261,37
DA:262,37
DA:263,37
DA:264,37
DA:265,11
DA:266,11
DA:267,11
DA:268,11
DA:269,11
DA:270,11
DA:271,11
DA:272,11
DA:273,11
DA:274,11
DA:275,11
DA:276,11
DA:277,11
DA:278,11
DA:279,11
DA:280,11
DA:281,11
DA:282,11
DA:283,11
DA:284,11
DA:285,11
DA:286,11
DA:287,11
DA:288,11
DA:289,11
DA:290,11
DA:291,11
DA:292,37
DA:293,37
DA:294,37
DA:295,37
LF:295
LH:295
BRDA:33,0,0,37
BRDA:99,1,0,12
BRDA:107,2,0,25
BRDA:121,3,0,24
BRDA:121,4,0,23
BRDA:121,5,0,2
BRDA:121,6,0,24
BRDA:121,7,0,23
BRDA:121,8,0,2
BRDA:123,9,0,24
BRDA:123,10,0,23
BRDA:123,11,0,2
BRDA:123,12,0,24
BRDA:123,13,0,23
BRDA:123,14,0,2
BRDA:124,15,0,24
BRDA:124,16,0,23
BRDA:124,17,0,2
BRDA:128,18,0,24
BRDA:128,19,0,23
BRDA:128,20,0,2
BRDA:131,21,0,24
BRDA:131,22,0,23
BRDA:132,23,0,2
BRDA:137,24,0,24
BRDA:137,25,0,23
BRDA:137,26,0,2
BRDA:138,27,0,24
BRDA:138,28,0,23
BRDA:138,29,0,2
BRDA:144,30,0,24
BRDA:226,31,0,1
BRDA:264,32,0,11
BRDA:287,33,0,4
BRDA:287,34,0,7
BRDA:45,35,0,12
BRDA:49,36,0,14
BRDA:55,37,0,12
BRDA:58,38,0,1
BRDA:61,39,0,11
BRDA:63,40,0,0
BRDA:64,41,0,0
BRDA:65,42,0,1
BRDA:67,43,0,12
BRDA:67,44,0,13
BRDA:72,45,0,5
BRDA:78,46,0,4
BRDA:81,47,0,3
BRDA:82,48,0,1
BRDA:84,49,0,1
BRDA:87,50,0,2
BRDA:91,51,0,1
BRDA:91,52,0,1
BRDA:97,53,0,1
BRDA:154,54,0,24
BRDA:158,55,0,23
BRDA:158,56,0,17
BRDA:160,57,0,1
BRDA:162,58,0,16
BRDA:166,59,0,7
BRDA:197,60,0,16
BRDA:155,61,0,11
BRDA:159,62,0,3
BRDA:172,63,0,8
BRDA:177,64,0,1
BRDA:187,65,0,1
BRDA:209,66,0,4
BRDA:230,67,0,3
BRDA:231,68,0,2
BRDA:234,69,0,1
BRDA:234,70,0,1
BRDA:236,71,0,0
BRDA:250,72,0,1
BRDA:251,73,0,1
BRDA:235,74,0,1
BRDA:285,75,0,1
BRF:76
BRH:73
end_of_record
TN:
SF:src\pages\ForgotPassword.jsx
FN:8,ForgotPassword
FN:13,handleSubmit
FN:51,onChange
FNF:3
FNH:3
FNDA:14,ForgotPassword
FNDA:4,handleSubmit
FNDA:3,onChange
DA:1,1
DA:2,1
DA:3,1
DA:4,1
DA:5,1
DA:6,1
DA:7,1
DA:8,1
DA:9,14
DA:10,14
DA:11,14
DA:12,14
DA:13,14
DA:14,4
DA:15,4
DA:16,1
DA:17,1
DA:18,1
DA:19,3
DA:20,3
DA:21,3
DA:22,3
DA:23,1
DA:24,1
DA:25,4
DA:26,2
DA:27,4
DA:28,3
DA:29,3
DA:30,14
DA:31,14
DA:32,14
DA:33,14
DA:34,14
DA:35,14
DA:36,14
DA:37,14
DA:38,14
DA:39,14
DA:40,14
DA:41,14
DA:42,14
DA:43,14
DA:44,14
DA:45,14
DA:46,14
DA:47,14
DA:48,14
DA:49,14
DA:50,14
DA:51,14
DA:52,14
DA:53,14
DA:54,14
DA:55,14
DA:56,14
DA:57,14
DA:58,14
DA:59,14
DA:60,14
DA:61,14
DA:62,14
DA:63,14
DA:64,14
DA:65,14
DA:66,14
DA:67,14
DA:68,14
DA:69,14
DA:70,14
DA:71,14
DA:72,14
DA:73,14
LF:73
LH:73
BRDA:8,0,0,14
BRDA:58,1,0,3
BRDA:58,2,0,11
BRDA:13,3,0,4
BRDA:15,4,0,1
BRDA:18,5,0,3
BRDA:22,6,0,1
BRDA:25,7,0,2
BRDA:26,8,0,1
BRDA:26,9,0,1
BRDA:27,10,0,3
BRDA:51,11,0,3
BRF:12
BRH:12
end_of_record
TN:
SF:src\pages\Jobs.jsx
FN:9,Jobs
FN:25,fetchJobsData
FN:48,handleApplyClick
FN:58,confirmApply
FN:117,onClick
FN:138,onClick
FN:169,onClick
FN:173,onClick
FNF:8
FNH:7
FNDA:27,Jobs
FNDA:11,fetchJobsData
FNDA:4,handleApplyClick
FNDA:3,confirmApply
FNDA:1,onClick
FNDA:3,onClick
FNDA:0,onClick
FNDA:1,onClick
DA:1,1
DA:2,1
DA:3,1
DA:4,1
DA:5,1
DA:6,1
DA:7,1
DA:8,1
DA:9,1
DA:10,27
DA:11,27
DA:12,27
DA:13,27
DA:14,27
DA:15,27
DA:16,27
DA:17,27
DA:18,27
DA:19,27
DA:20,27
DA:21,27
DA:22,9
DA:23,27
DA:24,27
DA:25,27
DA:26,11
DA:27,11
DA:28,11
DA:29,11
DA:30,11
DA:31,11
DA:32,9
DA:33,9
DA:34,11
DA:35,1
DA:36,1
DA:37,1
DA:38,8
DA:39,11
DA:40,11
DA:41,11
DA:42,1
DA:43,11
DA:44,10
DA:45,10
DA:46,27
DA:47,27
DA:48,27
DA:49,4
DA:50,0
DA:51,0
DA:52,0
DA:53,4
DA:54,4
DA:55,4
DA:56,27
DA:57,27
DA:58,27
DA:59,3
DA:60,3
DA:61,3
DA:62,2
DA:63,1
DA:64,3
DA:65,1
DA:66,1
DA:67,1
DA:68,2
DA:69,2
DA:70,3
DA:71,1
DA:72,3
DA:73,3
DA:74,3
DA:75,27
DA:76,27
DA:77,27
DA:78,27
DA:79,27
DA:80,9
DA:81,9
DA:82,9
DA:83,9
DA:84,9
DA:85,9
DA:86,9
DA:87,9
DA:88,18
DA:89,18
DA:90,18
DA:91,18
DA:92,18
DA:93,18
DA:94,18
DA:95,18
DA:96,18
DA:97,18
DA:98,18
DA:99,18
DA:100,18
DA:101,18
DA:102,5
DA:103,5
DA:104,5
DA:105,5
DA:106,5
DA:107,5
DA:108,1
DA:109,5
DA:110,5
DA:111,5
DA:112,5
DA:113,5
DA:114,5
DA:115,5
DA:116,5
DA:117,5
DA:118,5
DA:119,5
DA:120,5
DA:121,5
DA:122,5
DA:123,5
DA:124,5
DA:125,5
DA:126,18
DA:127,18
DA:128,18
DA:129,18
DA:130,18
DA:131,18
DA:132,18
DA:133,18
DA:134,18
DA:135,18
DA:136,18
DA:137,18
DA:138,18
DA:139,18
DA:140,18
DA:141,18
DA:142,18
DA:143,18
DA:144,18
DA:145,18
DA:146,27
DA:147,27
DA:148,27
DA:149,27
DA:150,27
DA:151,27
DA:152,27
DA:153,8
DA:154,8
DA:155,8
DA:156,8
DA:157,8
DA:158,8
DA:159,8
DA:160,8
DA:161,8
DA:162,8
DA:163,8
DA:164,8
DA:165,8
DA:166,8
DA:167,8
DA:168,8
DA:169,8
DA:170,8
DA:171,8
DA:172,8
DA:173,8
DA:174,8
DA:175,8
DA:176,8
DA:177,8
DA:178,8
DA:179,8
DA:180,27
DA:181,27
DA:182,27
DA:183,27
LF:183
LH:180
BRDA:9,0,0,27
BRDA:79,1,0,9
BRDA:87,2,0,18
BRDA:139,3,0,17
BRDA:152,4,0,8
BRDA:175,5,0,3
BRDA:175,6,0,5
BRDA:21,7,0,9
BRDA:25,8,0,11
BRDA:31,9,0,9
BRDA:34,10,0,1
BRDA:37,11,0,8
BRDA:39,12,0,0
BRDA:40,13,0,0
BRDA:41,14,0,1
BRDA:43,15,0,9
BRDA:43,16,0,10
BRDA:48,17,0,4
BRDA:49,18,0,0
BRDA:58,19,0,3
BRDA:61,20,0,2
BRDA:62,21,0,1
BRDA:64,22,0,1
BRDA:67,23,0,2
BRDA:70,24,0,1
BRDA:71,25,0,0
BRDA:77,26,0,1
BRDA:101,27,0,6
BRDA:101,28,0,2
BRDA:101,29,0,5
BRDA:107,30,0,1
BRDA:117,31,0,1
BRDA:138,32,0,3
BRDA:173,33,0,1
BRF:34
BRH:30
end_of_record
TN:
SF:src\pages\Login.jsx
FN:9,Login
FN:17,handleSubmit
FN:60,onChange
FN:77,onChange
FN:85,onClick
FNF:5
FNH:5
FNDA:30,Login
FNDA:6,handleSubmit
FNDA:5,onChange
FNDA:5,onChange
FNDA:2,onClick
DA:1,1
DA:2,1
DA:3,1
DA:4,1
DA:5,1
DA:6,1
DA:7,1
DA:8,1
DA:9,1
DA:10,30
DA:11,30
DA:12,30
DA:13,30
DA:14,30
DA:15,30
DA:16,30
DA:17,30
DA:18,6
DA:19,6
DA:20,1
DA:21,1
DA:22,1
DA:23,5
DA:24,5
DA:25,5
DA:26,5
DA:27,2
DA:28,6
DA:29,6
DA:30,6
DA:31,3
DA:32,3
DA:33,3
DA:34,1
DA:35,1
DA:36,6
DA:37,5
DA:38,5
DA:39,30
DA:40,30
DA:41,30
DA:42,30
DA:43,30
DA:44,30
DA:45,30
DA:46,30
DA:47,30
DA:48,30
DA:49,30
DA:50,30
DA:51,30
DA:52,30
DA:53,30
DA:54,30
DA:55,30
DA:56,30
DA:57,30
DA:58,30
DA:59,30
DA:60,30
DA:61,30
DA:62,30
DA:63,30
DA:64,30
DA:65,30
DA:66,30
DA:67,30
DA:68,30
DA:69,30
DA:70,30
DA:71,30
DA:72,30
DA:73,30
DA:74,30
DA:75,30
DA:76,30
DA:77,30
DA:78,30
DA:79,30
DA:80,30
DA:81,30
DA:82,30
DA:83,30
DA:84,30
DA:85,30
DA:86,30
DA:87,30
DA:88,30
DA:89,30
DA:90,30
DA:91,30
DA:92,30
DA:93,30
DA:94,30
DA:95,30
DA:96,30
DA:97,30
DA:98,30
DA:99,30
DA:100,30
DA:101,30
DA:102,30
DA:103,30
DA:104,30
DA:105,30
DA:106,30
DA:107,30
DA:108,30
DA:109,30
DA:110,30
DA:111,30
DA:112,30
DA:113,30
LF:113
LH:113
BRDA:9,0,0,30
BRDA:73,1,0,1
BRDA:73,2,0,29
BRDA:88,3,0,1
BRDA:88,4,0,29
BRDA:98,5,0,5
BRDA:98,6,0,25
BRDA:17,7,0,6
BRDA:19,8,0,5
BRDA:19,9,0,1
BRDA:22,10,0,5
BRDA:26,11,0,2
BRDA:28,12,0,1
BRDA:30,13,0,3
BRDA:31,14,0,2
BRDA:31,15,0,1
BRDA:33,16,0,2
BRDA:33,17,0,1
BRDA:36,18,0,5
BRDA:60,19,0,5
BRDA:77,20,0,5
BRDA:85,21,0,2
BRF:22
BRH:22
end_of_record
TN:
SF:src\pages\ProfileForm.jsx
FN:26,ProfileForm
FN:42,initProfile
FN:60,saveStep
FN:76,handleNext
FN:85,proceedWithSaveAndNext
FN:93,confirmEditWarning
FN:102,handlePrev
FN:109,handleGoToStep
FN:116,handleSubmit
FN:156,onClick
FN:176,onClick
FN:217,onClick
FNF:12
FNH:11
FNDA:47,ProfileForm
FNDA:14,initProfile
FNDA:4,saveStep
FNDA:5,handleNext
FNDA:4,proceedWithSaveAndNext
FNDA:1,confirmEditWarning
FNDA:2,handlePrev
FNDA:2,handleGoToStep
FNDA:3,handleSubmit
FNDA:0,onClick
FNDA:1,onClick
FNDA:1,onClick
DA:1,1
DA:2,1
DA:3,1
DA:4,1
DA:5,1
DA:6,1
DA:7,1
DA:8,1
DA:9,1
DA:10,1
DA:11,1
DA:12,1
DA:13,1
DA:14,1
DA:15,1
DA:16,1
DA:17,1
DA:18,1
DA:19,1
DA:20,1
DA:21,1
DA:22,1
DA:23,1
DA:24,1
DA:25,1
DA:26,1
DA:27,47
DA:28,47
DA:29,47
DA:30,47
DA:31,47
DA:32,47
DA:33,47
DA:34,47
DA:35,47
DA:36,47
DA:37,47
DA:38,47
DA:39,14
DA:40,47
DA:41,47
DA:42,47
DA:43,14
DA:44,14
DA:45,14
DA:46,12
DA:47,14
DA:48,2
DA:49,14
DA:50,10
DA:51,10
DA:52,14
DA:53,1
DA:54,1
DA:55,14
DA:56,13
DA:57,13
DA:58,47
DA:59,47
DA:60,47
DA:61,4
DA:62,4
DA:63,4
DA:64,4
DA:65,2
DA:66,2
DA:67,2
DA:68,2
DA:69,2
DA:70,2
DA:71,4
DA:72,4
DA:73,4
DA:74,47
DA:75,47
DA:76,47
DA:77,5
DA:78,2
DA:79,2
DA:80,2
DA:81,2
DA:82,3
DA:83,47
DA:84,47
DA:85,47
DA:86,4
DA:87,4
DA:88,1
DA:89,1
DA:90,1
DA:91,47
DA:92,47
DA:93,47
DA:94,1
DA:95,1
DA:96,1
DA:97,1
DA:98,1
DA:99,1
DA:100,47
DA:101,47
DA:102,47
DA:103,2
DA:104,1
DA:105,1
DA:106,1
DA:107,47
DA:108,47
DA:109,47
DA:110,2
DA:111,2
DA:112,2
DA:113,2
DA:114,47
DA:115,47
DA:116,47
DA:117,3
DA:118,3
DA:119,3
DA:120,1
DA:121,1
DA:122,3
DA:123,2
DA:124,3
DA:125,3
DA:126,3
DA:127,47
DA:128,47
DA:129,47
DA:130,14
DA:131,14
DA:132,14
DA:133,14
DA:134,14
DA:135,14
DA:136,14
DA:137,14
DA:138,33
DA:139,47
DA:140,32
DA:141,32
DA:142,32
DA:143,32
DA:144,32
DA:145,32
DA:146,32
DA:147,32
DA:148,32
DA:149,32
DA:150,32
DA:151,32
DA:152,32
DA:153,47
DA:154,7
DA:155,7
DA:156,7
DA:157,7
DA:158,7
DA:159,7
DA:160,7
DA:161,47
DA:162,47
DA:163,47
DA:164,47
DA:165,47
DA:166,224
DA:167,224
DA:168,224
DA:169,224
DA:170,224
DA:171,224
DA:172,224
DA:173,224
DA:174,224
DA:175,224
DA:176,224
DA:177,224
DA:178,224
DA:179,224
DA:180,224
DA:181,224
DA:182,224
DA:183,224
DA:184,224
DA:185,224
DA:186,224
DA:187,192
DA:188,224
DA:189,224
DA:190,224
DA:191,47
DA:192,47
DA:193,47
DA:194,47
DA:195,47
DA:196,47
DA:197,47
DA:198,47
DA:199,47
DA:200,47
DA:201,47
DA:202,47
DA:203,47
DA:204,47
DA:205,47
DA:206,47
DA:207,47
DA:208,2
DA:209,2
DA:210,2
DA:211,2
DA:212,2
DA:213,2
DA:214,2
DA:215,2
DA:216,2
DA:217,2
DA:218,1
DA:219,1
DA:220,1
DA:221,2
DA:222,2
DA:223,2
DA:224,2
DA:225,2
DA:226,2
DA:227,2
DA:228,2
DA:229,2
DA:230,2
DA:231,2
DA:232,2
DA:233,47
DA:234,47
DA:235,47
DA:236,47
LF:236
LH:236
BRDA:26,0,0,47
BRDA:129,1,0,14
BRDA:137,2,0,33
BRDA:139,3,0,1
BRDA:139,4,0,32
BRDA:153,5,0,7
BRDA:196,6,0,11
BRDA:197,7,0,3
BRDA:198,8,0,2
BRDA:199,9,0,0
BRDA:200,10,0,0
BRDA:201,11,0,0
BRDA:202,12,0,16
BRDA:207,13,0,2
BRDA:38,14,0,14
BRDA:42,15,0,14
BRDA:45,16,0,12
BRDA:47,17,0,2
BRDA:49,18,0,10
BRDA:50,19,0,0
BRDA:52,20,0,1
BRDA:55,21,0,13
BRDA:60,22,0,4
BRDA:61,23,0,0
BRDA:64,24,0,2
BRDA:69,25,0,1
BRDA:69,26,0,1
BRDA:71,27,0,0
BRDA:76,28,0,5
BRDA:77,29,0,2
BRDA:77,30,0,2
BRDA:81,31,0,3
BRDA:85,32,0,4
BRDA:87,33,0,2
BRDA:87,34,0,1
BRDA:93,35,0,1
BRDA:102,36,0,2
BRDA:103,37,0,1
BRDA:109,38,0,2
BRDA:110,39,0,0
BRDA:110,40,0,0
BRDA:116,41,0,3
BRDA:119,42,0,1
BRDA:122,43,0,2
BRDA:123,44,0,1
BRDA:123,45,0,1
BRDA:165,46,0,224
BRDA:169,47,0,121
BRDA:170,48,0,175
BRDA:170,49,0,0
BRDA:170,50,0,85
BRDA:175,51,0,32
BRDA:175,52,0,192
BRDA:175,53,0,110
BRDA:175,54,0,114
BRDA:175,55,0,139
BRDA:175,56,0,85
BRDA:179,57,0,32
BRDA:179,58,0,192
BRDA:180,59,0,110
BRDA:180,60,0,114
BRDA:182,61,0,32
BRDA:182,62,0,192
BRDA:182,63,0,32
BRDA:182,64,0,192
BRDA:186,65,0,192
BRDA:187,66,0,103
BRDA:187,67,0,89
BRDA:176,68,0,1
BRDA:217,69,0,1
BRF:70
BRH:61
end_of_record
TN:
SF:src\pages\Register.jsx
FN:8,Register
FN:22,handleChange
FN:30,handleFileChange
FN:40,handleSubmit
FN:157,onClick
FNF:5
FNH:5
FNDA:66,Register
FNDA:39,handleChange
FNDA:7,handleFileChange
FNDA:7,handleSubmit
FNDA:2,onClick
DA:1,1
DA:2,1
DA:3,1
DA:4,1
DA:5,1
DA:6,1
DA:7,1
DA:8,1
DA:9,66
DA:10,66
DA:11,66
DA:12,66
DA:13,66
DA:14,66
DA:15,66
DA:16,66
DA:17,66
DA:18,66
DA:19,66
DA:20,66
DA:21,66
DA:22,66
DA:23,39
DA:24,39
DA:25,14
DA:26,14
DA:27,39
DA:28,66
DA:29,66
DA:30,66
DA:31,7
DA:32,7
DA:33,1
DA:34,1
DA:35,1
DA:36,1
DA:37,6
DA:38,66
DA:39,66
DA:40,66
DA:41,7
DA:42,7
DA:43,7
DA:44,1
DA:45,1
DA:46,1
DA:47,6
DA:48,7
DA:49,1
DA:50,1
DA:51,1
DA:52,5
DA:53,7
DA:54,1
DA:55,1
DA:56,1
DA:57,4
DA:58,4
DA:59,4
DA:60,4
DA:61,4
DA:62,4
DA:63,4
DA:64,4
DA:65,4
DA:66,4
DA:67,7
DA:68,7
DA:69,7
DA:70,2
DA:71,7
DA:72,4
DA:73,4
DA:74,66
DA:75,66
DA:76,66
DA:77,66
DA:78,66
DA:79,66
DA:80,66
DA:81,66
DA:82,66
DA:83,66
DA:84,66
DA:85,66
DA:86,66
DA:87,66
DA:88,66
DA:89,66
DA:90,66
DA:91,66
DA:92,66
DA:93,66
DA:94,66
DA:95,66
DA:96,66
DA:97,66
DA:98,66
DA:99,66
DA:100,66
DA:101,66
DA:102,66
DA:103,66
DA:104,66
DA:105,66
DA:106,66
DA:107,66
DA:108,66
DA:109,66
DA:110,66
DA:111,66
DA:112,66
DA:113,66
DA:114,66
DA:115,66
DA:116,66
DA:117,66
DA:118,66
DA:119,66
DA:120,66
DA:121,66
DA:122,66
DA:123,66
DA:124,66
DA:125,66
DA:126,66
DA:127,66
DA:128,66
DA:129,66
DA:130,66
DA:131,66
DA:132,66
DA:133,66
DA:134,66
DA:135,66
DA:136,66
DA:137,66
DA:138,66
DA:139,66
DA:140,66
DA:141,66
DA:142,66
DA:143,66
DA:144,66
DA:145,66
DA:146,66
DA:147,66
DA:148,66
DA:149,66
DA:150,66
DA:151,66
DA:152,66
DA:153,66
DA:154,66
DA:155,66
DA:156,66
DA:157,66
DA:158,66
DA:159,66
DA:160,66
DA:161,66
DA:162,66
DA:163,66
DA:164,66
DA:165,66
DA:166,66
DA:167,66
DA:168,66
DA:169,66
DA:170,66
DA:171,66
DA:172,66
DA:173,66
DA:174,66
DA:175,66
DA:176,66
DA:177,66
DA:178,66
DA:179,66
DA:180,66
DA:181,66
DA:182,66
DA:183,66
DA:184,66
DA:185,66
DA:186,66
DA:187,66
DA:188,66
DA:189,66
DA:190,66
DA:191,66
DA:192,66
DA:193,66
DA:194,66
DA:195,66
DA:196,66
DA:197,66
DA:198,66
DA:199,66
DA:200,66
DA:201,66
DA:202,66
DA:203,66
DA:204,66
DA:205,66
DA:206,66
DA:207,66
DA:208,66
DA:209,66
DA:210,66
DA:211,66
DA:212,66
DA:213,66
DA:214,66
DA:215,66
DA:216,66
DA:217,66
DA:218,66
DA:219,66
DA:220,66
DA:221,66
DA:222,14
DA:223,14
DA:224,14
DA:225,14
DA:226,52
DA:227,52
DA:228,52
DA:229,52
DA:230,52
DA:231,66
DA:232,66
DA:233,66
DA:234,66
DA:235,66
DA:236,66
DA:237,66
DA:238,66
DA:239,66
DA:240,66
DA:241,66
DA:242,66
DA:243,66
DA:244,66
DA:245,66
DA:246,66
DA:247,66
DA:248,66
DA:249,66
DA:250,66
DA:251,66
LF:251
LH:251
BRDA:8,0,0,66
BRDA:144,1,0,1
BRDA:144,2,0,65
BRDA:160,3,0,1
BRDA:160,4,0,65
BRDA:164,5,0,30
BRDA:164,6,0,36
BRDA:165,7,0,32
BRDA:165,8,0,34
BRDA:166,9,0,32
BRDA:166,10,0,34
BRDA:167,11,0,32
BRDA:167,12,0,34
BRDA:168,13,0,32
BRDA:168,14,0,34
BRDA:221,15,0,14
BRDA:226,16,0,52
BRDA:236,17,0,4
BRDA:236,18,0,62
BRDA:22,19,0,39
BRDA:24,20,0,32
BRDA:24,21,0,14
BRDA:30,22,0,7
BRDA:32,23,0,1
BRDA:36,24,0,6
BRDA:40,25,0,7
BRDA:43,26,0,6
BRDA:43,27,0,6
BRDA:43,28,0,6
BRDA:43,29,0,6
BRDA:43,30,0,6
BRDA:43,31,0,1
BRDA:46,32,0,6
BRDA:48,33,0,1
BRDA:51,34,0,5
BRDA:53,35,0,1
BRDA:56,36,0,4
BRDA:66,37,0,2
BRDA:67,38,0,1
BRDA:69,39,0,2
BRDA:70,40,0,1
BRDA:70,41,0,1
BRDA:71,42,0,4
BRDA:61,43,0,24
BRDA:157,44,0,2
BRF:45
BRH:45
end_of_record
TN:
SF:src\pages\ResetPassword.jsx
FN:8,ResetPassword
FN:18,handleSubmit
FN:64,onChange
FN:79,onChange
FN:82,onClick
FNF:5
FNH:5
FNDA:23,ResetPassword
FNDA:4,handleSubmit
FNDA:4,onChange
FNDA:3,onChange
FNDA:2,onClick
DA:1,1
DA:2,1
DA:3,1
DA:4,1
DA:5,1
DA:6,1
DA:7,1
DA:8,1
DA:9,23
DA:10,23
DA:11,23
DA:12,23
DA:13,23
DA:14,23
DA:15,23
DA:16,23
DA:17,23
DA:18,23
DA:19,4
DA:20,4
DA:21,1
DA:22,1
DA:23,1
DA:24,3
DA:25,3
DA:26,3
DA:27,3
DA:28,1
DA:29,1
DA:30,4
DA:31,2
DA:32,4
DA:33,3
DA:34,3
DA:35,23
DA:36,23
DA:37,23
DA:38,1
DA:39,1
DA:40,1
DA:41,1
DA:42,1
DA:43,1
DA:44,1
DA:45,1
DA:46,22
DA:47,22
DA:48,22
DA:49,22
DA:50,22
DA:51,22
DA:52,22
DA:53,22
DA:54,22
DA:55,22
DA:56,22
DA:57,22
DA:58,22
DA:59,22
DA:60,22
DA:61,22
DA:62,22
DA:63,22
DA:64,22
DA:65,22
DA:66,22
DA:67,22
DA:68,22
DA:69,22
DA:70,22
DA:71,22
DA:72,22
DA:73,22
DA:74,22
DA:75,23
DA:76,23
DA:77,23
DA:78,23
DA:79,23
DA:80,23
DA:81,23
DA:82,23
DA:83,23
DA:84,23
DA:85,23
DA:86,23
DA:87,23
DA:88,23
DA:89,23
DA:90,23
DA:91,23
DA:92,23
DA:93,23
DA:94,23
DA:95,23
DA:96,23
DA:97,23
DA:98,23
DA:99,23
DA:100,23
DA:101,23
DA:102,23
DA:103,23
DA:104,23
LF:104
LH:104
BRDA:8,0,0,23
BRDA:16,1,0,22
BRDA:37,2,0,1
BRDA:45,3,0,22
BRDA:75,4,0,1
BRDA:75,5,0,21
BRDA:83,6,0,1
BRDA:83,7,0,21
BRDA:89,8,0,3
BRDA:89,9,0,19
BRDA:18,10,0,4
BRDA:20,11,0,3
BRDA:20,12,0,1
BRDA:23,13,0,3
BRDA:27,14,0,1
BRDA:30,15,0,2
BRDA:31,16,0,1
BRDA:31,17,0,1
BRDA:32,18,0,3
BRDA:64,19,0,4
BRDA:79,20,0,3
BRDA:82,21,0,2
BRF:22
BRH:22
end_of_record
TN:
SF:src\pages\Settings.jsx
FN:8,Settings
FN:43,handleProfileSave
FN:57,handlePasswordChange
FN:91,onClick
FN:97,onClick
FN:113,onChange
FN:117,onChange
FN:129,onChange
FN:155,onChange
FN:158,onClick
FN:172,onChange
FN:175,onClick
FN:189,onChange
FN:192,onClick
FNF:14
FNH:11
FNDA:56,Settings
FNDA:3,handleProfileSave
FNDA:4,handlePasswordChange
FNDA:0,onClick
FNDA:6,onClick
FNDA:1,onChange
FNDA:0,onChange
FNDA:0,onChange
FNDA:4,onChange
FNDA:2,onClick
FNDA:4,onChange
FNDA:1,onClick
FNDA:4,onChange
FNDA:1,onClick
DA:1,1
DA:2,1
DA:3,1
DA:4,1
DA:5,1
DA:6,1
DA:7,1
DA:8,1
DA:9,56
DA:10,56
DA:11,56
DA:12,56
DA:13,56
DA:14,56
DA:15,56
DA:16,56
DA:17,56
DA:18,56
DA:19,56
DA:20,56
DA:21,56
DA:22,56
DA:23,56
DA:24,56
DA:25,56
DA:26,56
DA:27,56
DA:28,56
DA:29,56
DA:30,56
DA:31,56
DA:32,56
DA:33,56
DA:34,11
DA:35,10
DA:36,10
DA:37,10
DA:38,10
DA:39,10
DA:40,10
DA:41,56
DA:42,56
DA:43,56
DA:44,3
DA:45,3
DA:46,3
DA:47,3
DA:48,1
DA:49,3
DA:50,3
DA:51,2
DA:52,3
DA:53,3
DA:54,3
DA:55,56
DA:56,56
DA:57,56
DA:58,4
DA:59,4
DA:60,1
DA:61,1
DA:62,1
DA:63,3
DA:64,3
DA:65,3
DA:66,3
DA:67,3
DA:68,3
DA:69,3
DA:70,4
DA:71,4
DA:72,4
DA:73,2
DA:74,4
DA:75,3
DA:76,3
DA:77,56
DA:78,56
DA:79,56
DA:80,56
DA:81,56
DA:82,56
DA:83,56
DA:84,56
DA:85,56
DA:86,56
DA:87,56
DA:88,56
DA:89,56
DA:90,56
DA:91,56
DA:92,56
DA:93,56
DA:94,56
DA:95,56
DA:96,56
DA:97,56
DA:98,56
DA:99,56
DA:100,56
DA:101,56
DA:102,56
DA:103,56
DA:104,56
DA:105,28
DA:106,28
DA:107,28
DA:108,28
DA:109,28
DA:110,28
DA:111,28
DA:112,28
DA:113,28
DA:114,28
DA:115,28
DA:116,28
DA:117,28
DA:118,28
DA:119,28
DA:120,28
DA:121,28
DA:122,28
DA:123,28
DA:124,28
DA:125,28
DA:126,28
DA:127,28
DA:128,28
DA:129,28
DA:130,28
DA:131,28
DA:132,28
DA:133,28
DA:134,28
DA:135,28
DA:136,28
DA:137,28
DA:138,28
DA:139,56
DA:140,56
DA:141,56
DA:142,28
DA:143,28
DA:144,28
DA:145,28
DA:146,28
DA:147,28
DA:148,28
DA:149,28
DA:150,28
DA:151,28
DA:152,28
DA:153,28
DA:154,28
DA:155,28
DA:156,28
DA:157,28
DA:158,28
DA:159,28
DA:160,28
DA:161,28
DA:162,28
DA:163,28
DA:164,28
DA:165,28
DA:166,28
DA:167,28
DA:168,28
DA:169,28
DA:170,28
DA:171,28
DA:172,28
DA:173,28
DA:174,28
DA:175,28
DA:176,28
DA:177,28
DA:178,28
DA:179,28
DA:180,28
DA:181,28
DA:182,28
DA:183,28
DA:184,28
DA:185,28
DA:186,28
DA:187,28
DA:188,28
DA:189,28
DA:190,28
DA:191,28
DA:192,28
DA:193,28
DA:194,28
DA:195,28
DA:196,28
DA:197,28
DA:198,28
DA:199,28
DA:200,28
DA:201,28
DA:202,28
DA:203,56
DA:204,56
DA:205,56
DA:206,56
DA:207,56
DA:208,56
DA:209,56
LF:209
LH:209
BRDA:8,0,0,56
BRDA:14,1,0,55
BRDA:14,2,0,1
BRDA:15,3,0,55
BRDA:15,4,0,1
BRDA:16,5,0,55
BRDA:16,6,0,1
BRDA:90,7,0,28
BRDA:90,8,0,28
BRDA:96,9,0,28
BRDA:96,10,0,28
BRDA:104,11,0,28
BRDA:123,12,0,27
BRDA:123,13,0,1
BRDA:135,14,0,3
BRDA:135,15,0,25
BRDA:141,16,0,28
BRDA:151,17,0,1
BRDA:151,18,0,27
BRDA:159,19,0,1
BRDA:159,20,0,27
BRDA:168,21,0,2
BRDA:168,22,0,26
BRDA:176,23,0,2
BRDA:176,24,0,26
BRDA:185,25,0,1
BRDA:185,26,0,27
BRDA:193,27,0,1
BRDA:193,28,0,27
BRDA:199,29,0,3
BRDA:199,30,0,25
BRDA:33,31,0,11
BRDA:34,32,0,10
BRDA:36,33,0,0
BRDA:37,34,0,0
BRDA:38,35,0,0
BRDA:43,36,0,3
BRDA:47,37,0,1
BRDA:49,38,0,0
BRDA:50,39,0,2
BRDA:51,40,0,1
BRDA:51,41,0,1
BRDA:57,42,0,4
BRDA:59,43,0,1
BRDA:62,44,0,3
BRDA:69,45,0,1
BRDA:70,46,0,0
BRDA:72,47,0,2
BRDA:73,48,0,1
BRDA:73,49,0,1
BRDA:74,50,0,3
BRDA:97,51,0,6
BRDA:113,52,0,1
BRDA:155,53,0,4
BRDA:158,54,0,2
BRDA:172,55,0,4
BRDA:175,56,0,1
BRDA:189,57,0,4
BRDA:192,58,0,1
BRF:59
BRH:54
end_of_record
TN:
SF:src\pages\VerifyOtp.jsx
FN:9,VerifyOtp
FN:36,handleChange
FN:48,handleKeyDown
FN:54,handlePaste
FN:66,handleSubmit
FN:93,handleResend
FN:122,ref
FN:128,onChange
FN:129,onKeyDown
FNF:9
FNH:9
FNDA:231,VerifyOtp
FNDA:27,handleChange
FNDA:1,handleKeyDown
FNDA:2,handlePaste
FNDA:5,handleSubmit
FNDA:3,handleResend
FNDA:2772,ref
FNDA:27,onChange
FNDA:1,onKeyDown
DA:1,1
DA:2,1
DA:3,1
DA:4,1
DA:5,1
DA:6,1
DA:7,1
DA:8,1
DA:9,1
DA:10,231
DA:11,231
DA:12,231
DA:13,231
DA:14,231
DA:15,231
DA:16,231
DA:17,231
DA:18,231
DA:19,231
DA:20,231
DA:21,231
DA:22,14
DA:23,1
DA:24,1
DA:25,1
DA:26,14
DA:27,231
DA:28,231
DA:29,231
DA:30,195
DA:31,192
DA:32,192
DA:33,192
DA:34,231
DA:35,231
DA:36,231
DA:37,27
DA:38,26
DA:39,26
DA:40,26
DA:41,26
DA:42,26
DA:43,27
DA:44,22
DA:45,22
DA:46,231
DA:47,231
DA:48,231
DA:49,1
DA:50,1
DA:51,1
DA:52,231
DA:53,231
DA:54,231
DA:55,2
DA:56,2
DA:57,2
DA:58,2
DA:59,9
DA:60,2
DA:61,2
DA:62,2
DA:63,2
DA:64,231
DA:65,231
DA:66,231
DA:67,5
DA:68,5
DA:69,5
DA:70,1
DA:71,1
DA:72,1
DA:73,4
DA:74,4
DA:75,4
DA:76,4
DA:77,2
DA:78,2
DA:79,5
DA:80,1
DA:81,1
DA:82,1
DA:83,1
DA:84,1
DA:85,1
DA:86,5
DA:87,2
DA:88,5
DA:89,4
DA:90,4
DA:91,231
DA:92,231
DA:93,231
DA:94,3
DA:95,3
DA:96,1
DA:97,1
DA:98,1
DA:99,3
DA:100,3
DA:101,2
DA:102,2
DA:103,231
DA:104,231
DA:105,231
DA:106,231
DA:107,231
DA:108,231
DA:109,231
DA:110,231
DA:111,231
DA:112,231
DA:113,231
DA:114,231
DA:115,231
DA:116,231
DA:117,231
DA:118,231
DA:119,231
DA:120,1386
DA:121,1386
DA:122,1386
DA:123,1386
DA:124,1386
DA:125,1386
DA:126,1386
DA:127,1386
DA:128,1386
DA:129,1386
DA:130,1386
DA:131,231
DA:132,231
DA:133,231
DA:134,231
DA:135,231
DA:136,231
DA:137,231
DA:138,231
DA:139,231
DA:140,228
DA:141,3
DA:142,3
DA:143,3
DA:144,3
DA:145,231
DA:146,231
DA:147,231
DA:148,231
DA:149,231
DA:150,231
DA:151,231
DA:152,231
DA:153,231
DA:154,231
DA:155,231
DA:156,231
LF:156
LH:156
BRDA:9,0,0,231
BRDA:18,1,0,230
BRDA:19,2,0,230
BRDA:19,3,0,1
BRDA:135,4,0,4
BRDA:135,5,0,227
BRDA:139,6,0,228
BRDA:141,7,0,3
BRDA:21,8,0,14
BRDA:22,9,0,1
BRDA:25,10,0,13
BRDA:29,11,0,195
BRDA:30,12,0,192
BRDA:31,13,0,180
BRDA:32,14,0,192
BRDA:36,15,0,27
BRDA:37,16,0,1
BRDA:37,17,0,26
BRDA:43,18,0,22
BRDA:48,19,0,1
BRDA:54,20,0,2
BRDA:63,21,0,1
BRDA:63,22,0,1
BRDA:58,23,0,9
BRDA:62,24,0,10
BRDA:66,25,0,5
BRDA:69,26,0,1
BRDA:72,27,0,4
BRDA:76,28,0,2
BRDA:79,29,0,1
BRDA:79,30,0,1
BRDA:86,31,0,2
BRDA:87,32,0,1
BRDA:87,33,0,1
BRDA:88,34,0,4
BRDA:93,35,0,3
BRDA:95,36,0,1
BRDA:100,37,0,2
BRDA:101,38,0,1
BRDA:101,39,0,1
BRDA:119,40,0,1386
BRDA:122,41,0,2772
BRDA:128,42,0,27
BRDA:129,43,0,1
BRF:44
BRH:44
end_of_record
TN:
SF:src\services\api.js
FNF:0
FNH:0
DA:1,1
DA:2,1
DA:3,1
DA:4,1
DA:5,1
DA:6,1
DA:7,1
DA:8,1
DA:9,1
DA:10,1
DA:11,1
DA:12,1
DA:13,1
DA:14,1
DA:15,2
DA:16,2
DA:17,1
DA:18,1
DA:19,2
DA:20,1
DA:21,1
DA:22,1
DA:23,1
DA:24,1
DA:25,1
DA:26,2
DA:27,2
DA:28,2
DA:29,2
DA:30,1
DA:31,1
DA:32,2
DA:33,2
DA:34,2
DA:35,1
DA:36,1
DA:37,1
LF:37
LH:37
BRDA:14,0,0,2
BRDA:16,1,0,1
BRDA:24,2,0,1
BRDA:25,3,0,2
BRDA:29,4,0,1
BRDA:29,5,0,1
BRF:6
BRH:6
end_of_record
TN:
SF:src\utils\navigation.js
FN:2,redirectTo
FNF:1
FNH:1
FNDA:1,redirectTo
DA:1,1
DA:2,1
DA:3,1
DA:4,1
DA:5,1
LF:5
LH:5
BRDA:2,0,0,1
BRF:1
BRH:1
end_of_record
